The following modules were not unloaded:
  (Use "module --force purge" to unload all):

  1) 2023.01   2) StdEnv
04/19/2024 13:06:37 - INFO - pixel.data.rendering.rendering_utils - loading text renderer configuration file https://huggingface.co/Team-PIXEL/pixel-base/resolve/main/text_renderer_config.json from cache at /home2/s3919609/.cache/huggingface/transformers/892d6a02d7c441000de399de59ed70d943a81f7b0f536523b4af1111677a8508.e332b34c9c05756dd4aa51d8fa33461dbd79604752296d185f03f8004db30700
04/19/2024 13:06:37 - INFO - pixel.data.rendering.rendering_utils - loading font file https://huggingface.co/Team-PIXEL/pixel-base/resolve/main/GoNotoCurrent.ttf from cache at /home2/s3919609/.cache/huggingface/transformers/49e6dc219d1a1a1c9236acaf05a48b542002016a6dc877ee72baab085a84257b.3f28e7f4b38e1efe1b6da4a3732404c19d4c6a614ff32dce90a251e293d4ce58
04/19/2024 13:06:37 - INFO - pixel.data.rendering.pygame_renderer - Loading font from /home2/s3919609/.cache/huggingface/transformers/49e6dc219d1a1a1c9236acaf05a48b542002016a6dc877ee72baab085a84257b.3f28e7f4b38e1efe1b6da4a3732404c19d4c6a614ff32dce90a251e293d4ce58
04/19/2024 13:06:37 - INFO - pixel.data.rendering.rendering_utils - Text renderer PyGameTextRenderer {
  "background_color": "white",
  "dpi": 120,
  "font_color": "black",
  "font_file": "49e6dc219d1a1a1c9236acaf05a48b542002016a6dc877ee72baab085a84257b.3f28e7f4b38e1efe1b6da4a3732404c19d4c6a614ff32dce90a251e293d4ce58",
  "font_size": 8,
  "max_seq_length": 256,
  "pad_size": 3,
  "pixels_per_patch": 16,
  "text_renderer_type": "PyGameTextRenderer"
}

04/19/2024 13:06:38 - INFO - pixel.models.pixel.modeling_pixel - position_embeddings: torch.Size([1, 530, 768])
04/19/2024 13:06:39 - INFO - pixel.utils.modeling - Truncating position embeddings to 256
04/19/2024 13:06:39 - INFO - pixel.utils.modeling - Truncating decoder position embeddings to 256
04/19/2024 13:06:39 - INFO - __main__ - Running MONTE CARLO experiment: span
04/19/2024 13:06:39 - INFO - __main__ - Mask ratio: 0.25
04/19/2024 13:06:39 - INFO - __main__ - Span length: 6
04/19/2024 13:06:39 - INFO - __main__ - Monte Carlo samples: 100
04/19/2024 13:06:39 - INFO - __main__ - Training mode: True
04/19/2024 13:06:39 - INFO - __main__ - 
######## Computing SDs for task: ner ########

04/19/2024 13:06:39 - INFO - __main__ - 
######## Computing SDs for task: tydiqa ########

04/19/2024 13:06:39 - INFO - __main__ - 
######## Computing SDs for task: glue ########

04/19/2024 13:06:39 - INFO - __main__ - 
######## Language: cola ######## 

04/19/2024 13:07:49 - INFO - __main__ - ID text: cola_228 - STD: 0.181329146027565 - GNL: 34.03988265991211 - Loss: 0.5533270239830017
04/19/2024 13:08:59 - INFO - __main__ - ID text: cola_51 - STD: 0.1857295036315918 - GNL: 59.21970748901367 - Loss: 0.7743341326713562
04/19/2024 13:10:08 - INFO - __main__ - ID text: cola_563 - STD: 0.3383643925189972 - GNL: 15.47803783416748 - Loss: 0.7474278211593628
04/19/2024 13:11:16 - INFO - __main__ - ID text: cola_501 - STD: 0.1923462301492691 - GNL: 46.913272857666016 - Loss: 0.6443266272544861
04/19/2024 13:12:25 - INFO - __main__ - ID text: cola_457 - STD: 0.19817107915878296 - GNL: 32.99540328979492 - Loss: 0.6045055985450745
04/19/2024 13:13:34 - INFO - __main__ - ID text: cola_285 - STD: 0.18434523046016693 - GNL: 43.029850006103516 - Loss: 0.6101568937301636
04/19/2024 13:14:42 - INFO - __main__ - ID text: cola_209 - STD: 0.17436186969280243 - GNL: 41.10941696166992 - Loss: 0.5354998111724854
04/19/2024 13:15:49 - INFO - __main__ - ID text: cola_178 - STD: 0.18008391559123993 - GNL: 37.52167892456055 - Loss: 0.6639594435691833
04/19/2024 13:16:57 - INFO - __main__ - ID text: cola_864 - STD: 0.1962825506925583 - GNL: 28.212682723999023 - Loss: 0.6837997436523438
04/19/2024 13:18:05 - INFO - __main__ - ID text: cola_65 - STD: 0.16916167736053467 - GNL: 67.2284927368164 - Loss: 0.5074461698532104
04/19/2024 13:19:13 - INFO - __main__ - ID text: cola_61 - STD: 0.22340893745422363 - GNL: 35.045494079589844 - Loss: 0.7698850035667419
04/19/2024 13:20:22 - INFO - __main__ - ID text: cola_191 - STD: 0.22041694819927216 - GNL: 21.211864471435547 - Loss: 0.8084877133369446
04/19/2024 13:21:30 - INFO - __main__ - ID text: cola_447 - STD: 0.20462344586849213 - GNL: 28.61009979248047 - Loss: 0.6831117272377014
04/19/2024 13:22:38 - INFO - __main__ - ID text: cola_476 - STD: 0.15617330372333527 - GNL: 54.082977294921875 - Loss: 0.8079675436019897
04/19/2024 13:23:46 - INFO - __main__ - ID text: cola_1034 - STD: 0.1944318562746048 - GNL: 25.6699275970459 - Loss: 0.7115750312805176
04/19/2024 13:24:54 - INFO - __main__ - ID text: cola_54 - STD: 0.18321479856967926 - GNL: 65.6265869140625 - Loss: 0.7404545545578003
04/19/2024 13:26:03 - INFO - __main__ - ID text: cola_407 - STD: 0.20223230123519897 - GNL: 26.52015495300293 - Loss: 0.6924804449081421
04/19/2024 13:27:10 - INFO - __main__ - ID text: cola_859 - STD: 0.19665391743183136 - GNL: 23.483566284179688 - Loss: 0.6980566382408142
04/19/2024 13:28:19 - INFO - __main__ - ID text: cola_451 - STD: 0.2107071876525879 - GNL: 24.344072341918945 - Loss: 0.4993060827255249
04/19/2024 13:29:27 - INFO - __main__ - ID text: cola_919 - STD: 0.21210621297359467 - GNL: 24.230329513549805 - Loss: 0.5557069182395935
04/19/2024 13:30:34 - INFO - __main__ - ID text: cola_569 - STD: 0.18739379942417145 - GNL: 49.277008056640625 - Loss: 0.5777079463005066
04/19/2024 13:31:42 - INFO - __main__ - ID text: cola_13 - STD: 0.18566972017288208 - GNL: 75.92411804199219 - Loss: 0.6564993858337402
04/19/2024 13:32:49 - INFO - __main__ - ID text: cola_326 - STD: 0.1938745230436325 - GNL: 29.615638732910156 - Loss: 0.5281925201416016
04/19/2024 13:33:56 - INFO - __main__ - ID text: cola_865 - STD: 0.2068752497434616 - GNL: 23.17738151550293 - Loss: 0.6036944389343262
04/19/2024 13:35:04 - INFO - __main__ - ID text: cola_696 - STD: 0.18786878883838654 - GNL: 31.790868759155273 - Loss: 0.7461845278739929
04/19/2024 13:36:12 - INFO - __main__ - ID text: cola_1042 - STD: 0.17523831129074097 - GNL: 85.84980010986328 - Loss: 0.6400991678237915
04/19/2024 13:37:19 - INFO - __main__ - ID text: cola_318 - STD: 0.21991993486881256 - GNL: 32.33790969848633 - Loss: 0.4055310785770416
04/19/2024 13:38:27 - INFO - __main__ - ID text: cola_440 - STD: 0.17637336254119873 - GNL: 38.1456413269043 - Loss: 0.656007707118988
04/19/2024 13:39:34 - INFO - __main__ - ID text: cola_689 - STD: 0.19031931459903717 - GNL: 32.889862060546875 - Loss: 0.6832417845726013
04/19/2024 13:40:42 - INFO - __main__ - ID text: cola_1056 - STD: 0.17818258702754974 - GNL: 35.718040466308594 - Loss: 0.44814690947532654
04/19/2024 13:41:49 - INFO - __main__ - ID text: cola_189 - STD: 0.1960115283727646 - GNL: 26.482667922973633 - Loss: 0.7013121843338013
04/19/2024 13:42:56 - INFO - __main__ - ID text: cola_778 - STD: 0.1673056036233902 - GNL: 53.51005172729492 - Loss: 0.645037829875946
04/19/2024 13:44:03 - INFO - __main__ - ID text: cola_198 - STD: 0.2037329226732254 - GNL: 29.419878005981445 - Loss: 0.5676673054695129
04/19/2024 13:45:10 - INFO - __main__ - ID text: cola_735 - STD: 0.18451105058193207 - GNL: 53.5925407409668 - Loss: 0.5714024901390076
04/19/2024 13:46:18 - INFO - __main__ - ID text: cola_704 - STD: 0.2107706516981125 - GNL: 26.982343673706055 - Loss: 0.14706014096736908
04/19/2024 13:47:25 - INFO - __main__ - ID text: cola_541 - STD: 0.20114004611968994 - GNL: 45.72256851196289 - Loss: 0.5952022075653076
04/19/2024 13:48:32 - INFO - __main__ - ID text: cola_88 - STD: 0.17411476373672485 - GNL: 50.715667724609375 - Loss: 0.5492083430290222
04/19/2024 13:49:39 - INFO - __main__ - ID text: cola_940 - STD: 0.21180374920368195 - GNL: 23.616567611694336 - Loss: 0.6457270979881287
04/19/2024 13:50:46 - INFO - __main__ - ID text: cola_255 - STD: 0.1963331252336502 - GNL: 39.972652435302734 - Loss: 0.5119919180870056
04/19/2024 13:51:53 - INFO - __main__ - ID text: cola_775 - STD: 0.18820637464523315 - GNL: 36.42961883544922 - Loss: 0.4250130355358124
04/19/2024 13:52:59 - INFO - __main__ - ID text: cola_80 - STD: 0.18262696266174316 - GNL: 76.69292449951172 - Loss: 0.5562512874603271
04/19/2024 13:54:05 - INFO - __main__ - ID text: cola_565 - STD: 0.17416828870773315 - GNL: 49.3295783996582 - Loss: 0.5366869568824768
04/19/2024 13:55:11 - INFO - __main__ - ID text: cola_300 - STD: 0.20796847343444824 - GNL: 27.37996482849121 - Loss: 0.5774814486503601
04/19/2024 13:56:18 - INFO - __main__ - ID text: cola_849 - STD: 0.15224158763885498 - GNL: 49.48537063598633 - Loss: 0.7856045365333557
04/19/2024 13:57:24 - INFO - __main__ - ID text: cola_643 - STD: 0.18693451583385468 - GNL: 38.234378814697266 - Loss: 0.6758731603622437
04/19/2024 13:58:30 - INFO - __main__ - ID text: cola_633 - STD: 0.17994649708271027 - GNL: 58.76643753051758 - Loss: 0.5978599786758423
04/19/2024 13:59:36 - INFO - __main__ - ID text: cola_906 - STD: 0.1871892660856247 - GNL: 43.57439041137695 - Loss: 0.699471116065979
04/19/2024 14:00:42 - INFO - __main__ - ID text: cola_882 - STD: 0.20477654039859772 - GNL: 34.217899322509766 - Loss: 0.6680859923362732
04/19/2024 14:01:48 - INFO - __main__ - ID text: cola_370 - STD: 0.20018823444843292 - GNL: 30.193418502807617 - Loss: 0.6124225854873657
04/19/2024 14:02:54 - INFO - __main__ - ID text: cola_591 - STD: 0.19761095941066742 - GNL: 45.96183395385742 - Loss: 0.44219857454299927
04/19/2024 14:04:02 - INFO - __main__ - ID text: cola_196 - STD: 0.1953578144311905 - GNL: 28.531410217285156 - Loss: 0.6430108547210693
04/19/2024 14:05:09 - INFO - __main__ - ID text: cola_721 - STD: 0.1796872615814209 - GNL: 49.2698860168457 - Loss: 0.5182243585586548
04/19/2024 14:06:15 - INFO - __main__ - ID text: cola_71 - STD: 0.24671286344528198 - GNL: 17.905885696411133 - Loss: 0.7131476402282715
04/19/2024 14:07:22 - INFO - __main__ - ID text: cola_46 - STD: 0.2373696118593216 - GNL: 16.719528198242188 - Loss: 0.776206910610199
04/19/2024 14:08:29 - INFO - __main__ - ID text: cola_677 - STD: 0.17378516495227814 - GNL: 64.9358139038086 - Loss: 0.4863615930080414
04/19/2024 14:09:35 - INFO - __main__ - ID text: cola_233 - STD: 0.17240913212299347 - GNL: 81.27501678466797 - Loss: 0.46075600385665894
04/19/2024 14:10:41 - INFO - __main__ - ID text: cola_791 - STD: 0.2013380527496338 - GNL: 28.1267147064209 - Loss: 0.40661680698394775
04/19/2024 14:11:47 - INFO - __main__ - ID text: cola_296 - STD: 0.1863383650779724 - GNL: 33.282352447509766 - Loss: 0.5248784422874451
04/19/2024 14:12:53 - INFO - __main__ - ID text: cola_81 - STD: 0.24480676651000977 - GNL: 18.529071807861328 - Loss: 0.7433198690414429
04/19/2024 14:13:59 - INFO - __main__ - ID text: cola_875 - STD: 0.19872410595417023 - GNL: 26.964101791381836 - Loss: 0.6674339175224304
04/19/2024 14:15:04 - INFO - __main__ - ID text: cola_238 - STD: 0.18925125896930695 - GNL: 36.56668472290039 - Loss: 0.5264319181442261
04/19/2024 14:16:10 - INFO - __main__ - ID text: cola_887 - STD: 0.19136817753314972 - GNL: 25.643030166625977 - Loss: 0.8784328699111938
04/19/2024 14:17:16 - INFO - __main__ - ID text: cola_103 - STD: 0.17922990024089813 - GNL: 49.077972412109375 - Loss: 0.6295139193534851
04/19/2024 14:18:22 - INFO - __main__ - ID text: cola_389 - STD: 0.192019984126091 - GNL: 30.267181396484375 - Loss: 0.6184715628623962
04/19/2024 14:19:28 - INFO - __main__ - ID text: cola_284 - STD: 0.21054546535015106 - GNL: 25.913002014160156 - Loss: 0.5097415447235107
04/19/2024 14:20:33 - INFO - __main__ - ID text: cola_464 - STD: 0.15377357602119446 - GNL: 56.55995559692383 - Loss: 0.8632373809814453
04/19/2024 14:21:40 - INFO - __main__ - ID text: cola_650 - STD: 0.19019858539104462 - GNL: 41.98889923095703 - Loss: 0.4280792474746704
04/19/2024 14:22:46 - INFO - __main__ - ID text: cola_854 - STD: 0.17680732905864716 - GNL: 32.37258529663086 - Loss: 0.7777663469314575
04/19/2024 14:23:52 - INFO - __main__ - ID text: cola_373 - STD: 0.18086747825145721 - GNL: 37.198368072509766 - Loss: 0.5859168767929077
04/19/2024 14:24:58 - INFO - __main__ - ID text: cola_166 - STD: 0.1975695937871933 - GNL: 24.29327964782715 - Loss: 0.685996413230896
04/19/2024 14:26:04 - INFO - __main__ - ID text: cola_379 - STD: 0.17857472598552704 - GNL: 63.75199890136719 - Loss: 0.5271929502487183
04/19/2024 14:27:09 - INFO - __main__ - ID text: cola_363 - STD: 0.22385060787200928 - GNL: 26.62406349182129 - Loss: 0.6305074095726013
04/19/2024 14:28:15 - INFO - __main__ - ID text: cola_214 - STD: 0.2124616950750351 - GNL: 23.989473342895508 - Loss: 0.5607890486717224
04/19/2024 14:29:21 - INFO - __main__ - ID text: cola_686 - STD: 0.19703739881515503 - GNL: 39.42203903198242 - Loss: 0.660188615322113
04/19/2024 14:30:27 - INFO - __main__ - ID text: cola_273 - STD: 0.2424333542585373 - GNL: 18.378129959106445 - Loss: 0.792026162147522
04/19/2024 14:31:33 - INFO - __main__ - ID text: cola_718 - STD: 0.18781381845474243 - GNL: 32.8390998840332 - Loss: 0.6843608021736145
04/19/2024 14:32:39 - INFO - __main__ - ID text: cola_959 - STD: 0.26365014910697937 - GNL: 15.507105827331543 - Loss: 0.7478733062744141
04/19/2024 14:33:44 - INFO - __main__ - ID text: cola_699 - STD: 0.20137445628643036 - GNL: 30.681060791015625 - Loss: 0.547086775302887
04/19/2024 14:34:49 - INFO - __main__ - ID text: cola_663 - STD: 0.17474250495433807 - GNL: 38.758541107177734 - Loss: 0.7035722136497498
04/19/2024 14:35:54 - INFO - __main__ - ID text: cola_73 - STD: 0.20200224220752716 - GNL: 34.385684967041016 - Loss: 0.6172339916229248
04/19/2024 14:36:58 - INFO - __main__ - ID text: cola_623 - STD: 0.208640456199646 - GNL: 37.5327033996582 - Loss: 0.5941435098648071
04/19/2024 14:38:03 - INFO - __main__ - ID text: cola_996 - STD: 0.2386595457792282 - GNL: 19.247283935546875 - Loss: 0.7867361307144165
04/19/2024 14:39:08 - INFO - __main__ - ID text: cola_175 - STD: 0.17518073320388794 - GNL: 34.06780242919922 - Loss: 0.6460475325584412
04/19/2024 14:40:12 - INFO - __main__ - ID text: cola_546 - STD: 0.3436989486217499 - GNL: 14.892501831054688 - Loss: 0.6233279705047607
04/19/2024 14:41:17 - INFO - __main__ - ID text: cola_746 - STD: 0.23356176912784576 - GNL: 18.043136596679688 - Loss: 0.7665684223175049
04/19/2024 14:42:21 - INFO - __main__ - ID text: cola_250 - STD: 0.19490639865398407 - GNL: 31.24457550048828 - Loss: 0.7613270282745361
04/19/2024 14:43:27 - INFO - __main__ - ID text: cola_167 - STD: 0.1862017661333084 - GNL: 39.39870834350586 - Loss: 0.5266832709312439
04/19/2024 14:44:33 - INFO - __main__ - ID text: cola_473 - STD: 0.24799130856990814 - GNL: 18.08818817138672 - Loss: 0.7217108011245728
04/19/2024 14:45:40 - INFO - __main__ - ID text: cola_388 - STD: 0.19224913418293 - GNL: 45.59286880493164 - Loss: 0.7200775146484375
04/19/2024 14:46:48 - INFO - __main__ - ID text: cola_276 - STD: 0.17044927179813385 - GNL: 39.29059600830078 - Loss: 0.5343762636184692
04/19/2024 14:47:55 - INFO - __main__ - ID text: cola_947 - STD: 0.2100481539964676 - GNL: 22.360939025878906 - Loss: 0.8022955060005188
04/19/2024 14:49:02 - INFO - __main__ - ID text: cola_655 - STD: 0.1782594919204712 - GNL: 65.90499114990234 - Loss: 0.4997028112411499
04/19/2024 14:50:09 - INFO - __main__ - ID text: cola_1028 - STD: 0.22579102218151093 - GNL: 21.303754806518555 - Loss: 0.8242986798286438
04/19/2024 14:51:15 - INFO - __main__ - ID text: cola_570 - STD: 0.19617246091365814 - GNL: 32.62319564819336 - Loss: 0.5888779163360596
04/19/2024 14:52:22 - INFO - __main__ - ID text: cola_224 - STD: 0.20526321232318878 - GNL: 21.883333206176758 - Loss: 0.7435899376869202
04/19/2024 14:53:29 - INFO - __main__ - ID text: cola_701 - STD: 0.23574821650981903 - GNL: 17.832822799682617 - Loss: 0.7557342052459717
04/19/2024 14:54:36 - INFO - __main__ - ID text: cola_332 - STD: 0.20539192855358124 - GNL: 25.814382553100586 - Loss: 0.7368270754814148
04/19/2024 14:55:44 - INFO - __main__ - ID text: cola_863 - STD: 0.19639647006988525 - GNL: 20.68950080871582 - Loss: 0.6300230622291565
04/19/2024 14:56:51 - INFO - __main__ - ID text: cola_786 - STD: 0.2041655331850052 - GNL: 24.058080673217773 - Loss: 0.7879908680915833
04/19/2024 14:57:58 - INFO - __main__ - ID text: cola_794 - STD: 0.20293641090393066 - GNL: 49.26332473754883 - Loss: 0.3325085937976837
04/19/2024 14:59:04 - INFO - __main__ - ID text: cola_57 - STD: 0.1834026575088501 - GNL: 38.0597038269043 - Loss: 0.42510268092155457
04/19/2024 15:00:09 - INFO - __main__ - ID text: cola_234 - STD: 0.19076307117938995 - GNL: 33.69249725341797 - Loss: 0.6422218084335327
04/19/2024 15:01:15 - INFO - __main__ - ID text: cola_841 - STD: 0.1864147037267685 - GNL: 38.57088851928711 - Loss: 0.6033890247344971
04/19/2024 15:02:20 - INFO - __main__ - ID text: cola_32 - STD: 0.2242898941040039 - GNL: 20.22088050842285 - Loss: 0.7934385538101196
04/19/2024 15:03:27 - INFO - __main__ - ID text: cola_824 - STD: 0.189952552318573 - GNL: 33.305240631103516 - Loss: 0.6941299438476562
04/19/2024 15:04:33 - INFO - __main__ - ID text: cola_323 - STD: 0.20150208473205566 - GNL: 26.257081985473633 - Loss: 0.7339318990707397
04/19/2024 15:05:40 - INFO - __main__ - ID text: cola_410 - STD: 0.21317212283611298 - GNL: 24.905012130737305 - Loss: 0.34244439005851746
04/19/2024 15:06:47 - INFO - __main__ - ID text: cola_274 - STD: 0.19042401015758514 - GNL: 37.40034103393555 - Loss: 0.5835997462272644
04/19/2024 15:07:53 - INFO - __main__ - ID text: cola_67 - STD: 0.18096528947353363 - GNL: 34.02690505981445 - Loss: 0.3995106518268585
04/19/2024 15:08:59 - INFO - __main__ - ID text: cola_216 - STD: 0.25730443000793457 - GNL: 18.210962295532227 - Loss: 0.7369964122772217
04/19/2024 15:10:06 - INFO - __main__ - ID text: cola_935 - STD: 0.18591894209384918 - GNL: 40.60903549194336 - Loss: 0.48271387815475464
04/19/2024 15:11:13 - INFO - __main__ - ID text: cola_580 - STD: 0.253422349691391 - GNL: 14.607001304626465 - Loss: 0.7220441699028015
04/19/2024 15:12:18 - INFO - __main__ - ID text: cola_897 - STD: 0.18127648532390594 - GNL: 36.57560348510742 - Loss: 0.6913929581642151
04/19/2024 15:13:24 - INFO - __main__ - ID text: cola_1029 - STD: 0.20791392028331757 - GNL: 28.93829917907715 - Loss: 0.5798145532608032
04/19/2024 15:14:30 - INFO - __main__ - ID text: cola_322 - STD: 0.20119796693325043 - GNL: 33.63496780395508 - Loss: 0.6227741837501526
04/19/2024 15:15:36 - INFO - __main__ - ID text: cola_217 - STD: 0.1881210207939148 - GNL: 48.04206466674805 - Loss: 0.5418179035186768
04/19/2024 15:16:43 - INFO - __main__ - ID text: cola_671 - STD: 0.35586902499198914 - GNL: 12.103981018066406 - Loss: 0.6940373182296753
04/19/2024 15:17:50 - INFO - __main__ - ID text: cola_511 - STD: 0.19509993493556976 - GNL: 26.064414978027344 - Loss: 0.9541478753089905
04/19/2024 15:18:57 - INFO - __main__ - ID text: cola_405 - STD: 0.19896037876605988 - GNL: 24.999692916870117 - Loss: 0.6362579464912415
04/19/2024 15:20:03 - INFO - __main__ - ID text: cola_905 - STD: 0.19064180552959442 - GNL: 31.064096450805664 - Loss: 0.7482624053955078
04/19/2024 15:21:09 - INFO - __main__ - ID text: cola_936 - STD: 0.18912367522716522 - GNL: 46.63228225708008 - Loss: 0.598619818687439
04/19/2024 15:22:15 - INFO - __main__ - ID text: cola_658 - STD: 0.26270487904548645 - GNL: 19.635656356811523 - Loss: 0.712314248085022
04/19/2024 15:23:22 - INFO - __main__ - ID text: cola_469 - STD: 0.19778619706630707 - GNL: 22.63446044921875 - Loss: 0.6883439421653748
04/19/2024 15:24:29 - INFO - __main__ - ID text: cola_146 - STD: 0.20126736164093018 - GNL: 25.73491668701172 - Loss: 0.21447786688804626
04/19/2024 15:25:36 - INFO - __main__ - ID text: cola_271 - STD: 0.1854822039604187 - GNL: 47.19791793823242 - Loss: 0.5231322646141052
04/19/2024 15:26:43 - INFO - __main__ - ID text: cola_142 - STD: 0.19827012717723846 - GNL: 34.23188781738281 - Loss: 0.6974092721939087
04/19/2024 15:27:49 - INFO - __main__ - ID text: cola_252 - STD: 0.19922763109207153 - GNL: 31.875497817993164 - Loss: 0.5415780544281006
04/19/2024 15:28:54 - INFO - __main__ - ID text: cola_762 - STD: 0.24458704888820648 - GNL: 17.506418228149414 - Loss: 0.7606934309005737
04/19/2024 15:29:59 - INFO - __main__ - ID text: cola_574 - STD: 0.1760454773902893 - GNL: 53.36379623413086 - Loss: 0.7078037858009338
04/19/2024 15:31:03 - INFO - __main__ - ID text: cola_551 - STD: 0.19639705121517181 - GNL: 46.91140365600586 - Loss: 0.42882609367370605
04/19/2024 15:32:09 - INFO - __main__ - ID text: cola_269 - STD: 0.1985819786787033 - GNL: 31.1712589263916 - Loss: 0.4952464699745178
04/19/2024 15:33:14 - INFO - __main__ - ID text: cola_764 - STD: 0.18326552212238312 - GNL: 40.4725227355957 - Loss: 0.7096821069717407
04/19/2024 15:34:19 - INFO - __main__ - ID text: cola_598 - STD: 0.1914718747138977 - GNL: 35.725563049316406 - Loss: 0.7473915815353394
04/19/2024 15:35:25 - INFO - __main__ - ID text: cola_438 - STD: 0.1918252557516098 - GNL: 38.43972396850586 - Loss: 0.5400396585464478
04/19/2024 15:36:30 - INFO - __main__ - ID text: cola_1043 - STD: 0.16724687814712524 - GNL: 81.42681121826172 - Loss: 0.6578514575958252
04/19/2024 15:37:35 - INFO - __main__ - ID text: cola_597 - STD: 0.2152232676744461 - GNL: 23.7120418548584 - Loss: 0.40429404377937317
04/19/2024 15:38:41 - INFO - __main__ - ID text: cola_408 - STD: 0.2518702447414398 - GNL: 15.158230781555176 - Loss: 0.8089067935943604
04/19/2024 15:39:50 - INFO - __main__ - ID text: cola_1014 - STD: 0.1886810064315796 - GNL: 77.44071197509766 - Loss: 0.6294142603874207
04/19/2024 15:40:58 - INFO - __main__ - ID text: cola_968 - STD: 0.19660264253616333 - GNL: 37.4499626159668 - Loss: 0.7125677466392517
04/19/2024 15:42:03 - INFO - __main__ - ID text: cola_141 - STD: 0.17937572300434113 - GNL: 33.640052795410156 - Loss: 0.6660915613174438
04/19/2024 15:43:09 - INFO - __main__ - ID text: cola_521 - STD: 0.19075870513916016 - GNL: 34.13402557373047 - Loss: 0.4661520719528198
04/19/2024 15:44:15 - INFO - __main__ - ID text: cola_505 - STD: 0.1929055005311966 - GNL: 53.295284271240234 - Loss: 0.6812685132026672
04/19/2024 15:45:20 - INFO - __main__ - ID text: cola_93 - STD: 0.17962336540222168 - GNL: 81.4794692993164 - Loss: 0.6537688970565796
04/19/2024 15:46:26 - INFO - __main__ - ID text: cola_773 - STD: 0.1980253905057907 - GNL: 50.27908706665039 - Loss: 0.4695325493812561
04/19/2024 15:47:31 - INFO - __main__ - ID text: cola_48 - STD: 0.1899455189704895 - GNL: 26.621797561645508 - Loss: 0.6521915197372437
04/19/2024 15:48:37 - INFO - __main__ - ID text: cola_881 - STD: 0.1781802922487259 - GNL: 50.89674377441406 - Loss: 0.5234873294830322
04/19/2024 15:49:42 - INFO - __main__ - ID text: cola_112 - STD: 0.1578938066959381 - GNL: 71.61239624023438 - Loss: 0.6236288547515869
04/19/2024 15:50:48 - INFO - __main__ - ID text: cola_156 - STD: 0.2029200792312622 - GNL: 24.512357711791992 - Loss: 0.816794216632843
04/19/2024 15:51:54 - INFO - __main__ - ID text: cola_642 - STD: 0.17664623260498047 - GNL: 40.6002082824707 - Loss: 0.600641131401062
04/19/2024 15:53:01 - INFO - __main__ - ID text: cola_163 - STD: 0.2005888968706131 - GNL: 28.533246994018555 - Loss: 0.6038577556610107
04/19/2024 15:54:07 - INFO - __main__ - ID text: cola_811 - STD: 0.2318461388349533 - GNL: 19.156206130981445 - Loss: 0.8206207752227783
04/19/2024 15:55:13 - INFO - __main__ - ID text: cola_1038 - STD: 0.18635119497776031 - GNL: 38.2082633972168 - Loss: 0.5569288730621338
04/19/2024 15:56:18 - INFO - __main__ - ID text: cola_432 - STD: 0.19838790595531464 - GNL: 35.55284118652344 - Loss: 0.552373468875885
04/19/2024 15:57:24 - INFO - __main__ - ID text: cola_610 - STD: 0.18529219925403595 - GNL: 30.9260311126709 - Loss: 0.6167907118797302
04/19/2024 15:58:29 - INFO - __main__ - ID text: cola_1053 - STD: 0.21853454411029816 - GNL: 27.506040573120117 - Loss: 0.4558578431606293
04/19/2024 15:59:35 - INFO - __main__ - ID text: cola_394 - STD: 0.19052039086818695 - GNL: 37.891788482666016 - Loss: 0.7232740521430969
04/19/2024 16:00:40 - INFO - __main__ - ID text: cola_390 - STD: 0.18199670314788818 - GNL: 30.416778564453125 - Loss: 0.7942458391189575
04/19/2024 16:01:45 - INFO - __main__ - ID text: cola_909 - STD: 0.21591468155384064 - GNL: 21.26922607421875 - Loss: 0.9414165616035461
04/19/2024 16:02:50 - INFO - __main__ - ID text: cola_479 - STD: 0.1978302150964737 - GNL: 26.257158279418945 - Loss: 0.5823813080787659
04/19/2024 16:03:56 - INFO - __main__ - ID text: cola_1027 - STD: 0.17733611166477203 - GNL: 46.46648025512695 - Loss: 0.6151936054229736
04/19/2024 16:05:01 - INFO - __main__ - ID text: cola_257 - STD: 0.2087261825799942 - GNL: 24.10202980041504 - Loss: 0.7426019906997681
04/19/2024 16:06:07 - INFO - __main__ - ID text: cola_566 - STD: 0.27262774109840393 - GNL: 16.696962356567383 - Loss: 0.7538842558860779
04/19/2024 16:07:14 - INFO - __main__ - ID text: cola_917 - STD: 0.19001404941082 - GNL: 72.18881225585938 - Loss: 0.5790860652923584
04/19/2024 16:08:21 - INFO - __main__ - ID text: cola_11 - STD: 0.18595053255558014 - GNL: 105.75411987304688 - Loss: 0.5934247374534607
04/19/2024 16:09:27 - INFO - __main__ - ID text: cola_911 - STD: 0.21159808337688446 - GNL: 21.91322898864746 - Loss: 0.7183789610862732
04/19/2024 16:10:33 - INFO - __main__ - ID text: cola_738 - STD: 0.18876878917217255 - GNL: 51.01533126831055 - Loss: 0.3683294653892517
04/19/2024 16:11:38 - INFO - __main__ - ID text: cola_117 - STD: 0.2515726685523987 - GNL: 17.171165466308594 - Loss: 0.7390899062156677
04/19/2024 16:12:43 - INFO - __main__ - ID text: cola_698 - STD: 0.22252768278121948 - GNL: 22.932586669921875 - Loss: 0.41619762778282166
04/19/2024 16:13:48 - INFO - __main__ - ID text: cola_549 - STD: 0.3765532672405243 - GNL: 10.022500038146973 - Loss: 0.726418137550354
04/19/2024 16:14:54 - INFO - __main__ - ID text: cola_768 - STD: 0.2059062272310257 - GNL: 34.07719802856445 - Loss: 0.4737074375152588
04/19/2024 16:16:00 - INFO - __main__ - ID text: cola_988 - STD: 0.15492843091487885 - GNL: 53.49490737915039 - Loss: 0.8015398383140564
04/19/2024 16:17:07 - INFO - __main__ - ID text: cola_787 - STD: 0.22051078081130981 - GNL: 20.30978775024414 - Loss: 0.6496585011482239
04/19/2024 16:18:13 - INFO - __main__ - ID text: cola_656 - STD: 0.1881502866744995 - GNL: 50.0726318359375 - Loss: 0.5022014379501343
04/19/2024 16:19:20 - INFO - __main__ - ID text: cola_348 - STD: 0.22327826917171478 - GNL: 28.36126136779785 - Loss: 0.17682410776615143
04/19/2024 16:20:27 - INFO - __main__ - ID text: cola_114 - STD: 0.179660364985466 - GNL: 45.90547180175781 - Loss: 0.47041893005371094
04/19/2024 16:21:33 - INFO - __main__ - ID text: cola_1020 - STD: 0.2189609855413437 - GNL: 24.524625778198242 - Loss: 0.6142506003379822
04/19/2024 16:22:41 - INFO - __main__ - ID text: cola_445 - STD: 0.18439851701259613 - GNL: 43.8897819519043 - Loss: 0.8209114670753479
04/19/2024 16:23:49 - INFO - __main__ - ID text: cola_161 - STD: 0.1848941445350647 - GNL: 38.785430908203125 - Loss: 0.7358673810958862
04/19/2024 16:24:56 - INFO - __main__ - ID text: cola_997 - STD: 0.1698954701423645 - GNL: 46.590579986572266 - Loss: 0.5825176239013672
04/19/2024 16:26:02 - INFO - __main__ - ID text: cola_3 - STD: 0.18475691974163055 - GNL: 53.306365966796875 - Loss: 0.683228611946106
04/19/2024 16:27:09 - INFO - __main__ - ID text: cola_739 - STD: 0.15147002041339874 - GNL: 51.44517517089844 - Loss: 0.9736303687095642
04/19/2024 16:28:17 - INFO - __main__ - ID text: cola_736 - STD: 0.17774604260921478 - GNL: 42.9843635559082 - Loss: 0.5393126010894775
04/19/2024 16:29:24 - INFO - __main__ - ID text: cola_932 - STD: 0.18667937815189362 - GNL: 28.03002166748047 - Loss: 0.9549465775489807
04/19/2024 16:30:31 - INFO - __main__ - ID text: cola_512 - STD: 0.21312256157398224 - GNL: 19.761314392089844 - Loss: 0.7977664470672607
04/19/2024 16:31:38 - INFO - __main__ - ID text: cola_780 - STD: 0.1993430107831955 - GNL: 32.39455032348633 - Loss: 0.6561802625656128
04/19/2024 16:32:46 - INFO - __main__ - ID text: cola_182 - STD: 0.22810764610767365 - GNL: 18.78841781616211 - Loss: 0.7944386005401611
04/19/2024 16:33:53 - INFO - __main__ - ID text: cola_519 - STD: 0.18420056998729706 - GNL: 35.91389846801758 - Loss: 0.271668404340744
04/19/2024 16:35:00 - INFO - __main__ - ID text: cola_108 - STD: 0.18310266733169556 - GNL: 46.3681755065918 - Loss: 0.5796468257904053
04/19/2024 16:36:07 - INFO - __main__ - ID text: cola_640 - STD: 0.17886614799499512 - GNL: 53.44001388549805 - Loss: 0.5263628959655762
04/19/2024 16:37:14 - INFO - __main__ - ID text: cola_305 - STD: 0.18707434833049774 - GNL: 56.63128662109375 - Loss: 0.7120855450630188
04/19/2024 16:38:21 - INFO - __main__ - ID text: cola_861 - STD: 0.173440620303154 - GNL: 59.37359619140625 - Loss: 0.6304411888122559
04/19/2024 16:39:28 - INFO - __main__ - ID text: cola_654 - STD: 0.17890118062496185 - GNL: 68.68830871582031 - Loss: 0.6782705783843994
04/19/2024 16:40:34 - INFO - __main__ - ID text: cola_876 - STD: 0.21516919136047363 - GNL: 23.27321434020996 - Loss: 0.6862120628356934
04/19/2024 16:41:41 - INFO - __main__ - ID text: cola_982 - STD: 0.2037472277879715 - GNL: 23.532936096191406 - Loss: 0.6776777505874634
04/19/2024 16:42:48 - INFO - __main__ - ID text: cola_203 - STD: 0.19880469143390656 - GNL: 40.078182220458984 - Loss: 0.6204564571380615
04/19/2024 16:43:55 - INFO - __main__ - ID text: cola_915 - STD: 0.2399747520685196 - GNL: 18.59226417541504 - Loss: 0.6769285798072815
04/19/2024 16:45:04 - INFO - __main__ - ID text: cola_382 - STD: 0.1973608285188675 - GNL: 28.554672241210938 - Loss: 0.623913586139679
04/19/2024 16:46:11 - INFO - __main__ - ID text: cola_878 - STD: 0.2039000242948532 - GNL: 23.028295516967773 - Loss: 0.6743894219398499
04/19/2024 16:47:19 - INFO - __main__ - ID text: cola_165 - STD: 0.18470972776412964 - GNL: 44.12904357910156 - Loss: 0.6058008670806885
04/19/2024 16:48:26 - INFO - __main__ - ID text: cola_552 - STD: 0.1981155127286911 - GNL: 51.85622024536133 - Loss: 0.12086125463247299
04/19/2024 16:49:33 - INFO - __main__ - ID text: cola_797 - STD: 0.2357957810163498 - GNL: 19.4444522857666 - Loss: 0.7376731038093567
04/19/2024 16:50:41 - INFO - __main__ - ID text: cola_543 - STD: 0.21675191819667816 - GNL: 34.86684799194336 - Loss: 0.43652644753456116
04/19/2024 16:51:48 - INFO - __main__ - ID text: cola_0 - STD: 0.19761180877685547 - GNL: 29.7210693359375 - Loss: 0.6388159394264221
04/19/2024 16:52:56 - INFO - __main__ - ID text: cola_613 - STD: 0.2076011300086975 - GNL: 30.893798828125 - Loss: 0.5239307880401611
04/19/2024 16:54:03 - INFO - __main__ - ID text: cola_331 - STD: 0.18277966976165771 - GNL: 51.03562545776367 - Loss: 0.5040420293807983
04/19/2024 16:55:10 - INFO - __main__ - ID text: cola_500 - STD: 0.19391988217830658 - GNL: 34.3834228515625 - Loss: 0.6740491986274719
04/19/2024 16:56:18 - INFO - __main__ - ID text: cola_19 - STD: 0.20077906548976898 - GNL: 26.0013484954834 - Loss: 0.6673974394798279
04/19/2024 16:57:25 - INFO - __main__ - ID text: cola_888 - STD: 0.20438779890537262 - GNL: 25.272680282592773 - Loss: 0.9100959897041321
04/19/2024 16:58:32 - INFO - __main__ - ID text: cola_371 - STD: 0.2100718468427658 - GNL: 36.20090103149414 - Loss: 0.5654593110084534
04/19/2024 16:59:40 - INFO - __main__ - ID text: cola_851 - STD: 0.22081144154071808 - GNL: 19.703580856323242 - Loss: 0.8788822889328003
04/19/2024 17:00:47 - INFO - __main__ - ID text: cola_826 - STD: 0.20949317514896393 - GNL: 28.46357536315918 - Loss: 0.5987988710403442
04/19/2024 17:01:54 - INFO - __main__ - ID text: cola_314 - STD: 0.19902198016643524 - GNL: 24.040433883666992 - Loss: 0.674693763256073
04/19/2024 17:03:01 - INFO - __main__ - ID text: cola_245 - STD: 0.20164825022220612 - GNL: 29.08362579345703 - Loss: 0.4814683496952057
04/19/2024 17:04:08 - INFO - __main__ - ID text: cola_59 - STD: 0.1786201000213623 - GNL: 85.84942626953125 - Loss: 0.2916521430015564
04/19/2024 17:05:15 - INFO - __main__ - ID text: cola_246 - STD: 0.21542644500732422 - GNL: 19.5689640045166 - Loss: 0.7749936580657959
04/19/2024 17:06:22 - INFO - __main__ - ID text: cola_951 - STD: 0.21816705167293549 - GNL: 24.781034469604492 - Loss: 0.10773983597755432
04/19/2024 17:07:29 - INFO - __main__ - ID text: cola_1022 - STD: 0.2064901739358902 - GNL: 27.20088768005371 - Loss: 0.7441171407699585
04/19/2024 17:08:36 - INFO - __main__ - ID text: cola_87 - STD: 0.1920621544122696 - GNL: 42.7892951965332 - Loss: 0.6901513934135437
04/19/2024 17:09:43 - INFO - __main__ - ID text: cola_749 - STD: 0.1920924037694931 - GNL: 33.39512252807617 - Loss: 0.5403859615325928
04/19/2024 17:10:51 - INFO - __main__ - ID text: cola_497 - STD: 0.17536938190460205 - GNL: 57.23799514770508 - Loss: 0.6447961330413818
04/19/2024 17:11:58 - INFO - __main__ - ID text: cola_835 - STD: 0.1918785721063614 - GNL: 47.46512985229492 - Loss: 0.6336362957954407
04/19/2024 17:13:05 - INFO - __main__ - ID text: cola_70 - STD: 0.18628720939159393 - GNL: 31.050840377807617 - Loss: 0.6778501868247986
04/19/2024 17:14:13 - INFO - __main__ - ID text: cola_1031 - STD: 0.20535004138946533 - GNL: 28.240781784057617 - Loss: 0.7708803415298462
04/19/2024 17:15:21 - INFO - __main__ - ID text: cola_545 - STD: 0.21495580673217773 - GNL: 42.62119674682617 - Loss: 0.4487118124961853
04/19/2024 17:16:28 - INFO - __main__ - ID text: cola_784 - STD: 0.19205403327941895 - GNL: 53.394901275634766 - Loss: 0.5691063404083252
04/19/2024 17:17:35 - INFO - __main__ - ID text: cola_128 - STD: 0.19216634333133698 - GNL: 37.4791374206543 - Loss: 0.6618682146072388
04/19/2024 17:18:43 - INFO - __main__ - ID text: cola_131 - STD: 0.17291079461574554 - GNL: 40.10742950439453 - Loss: 0.6059240102767944
04/19/2024 17:19:51 - INFO - __main__ - ID text: cola_675 - STD: 0.17218805849552155 - GNL: 90.03995513916016 - Loss: 0.6219422221183777
04/19/2024 17:20:58 - INFO - __main__ - ID text: cola_486 - STD: 0.20647211372852325 - GNL: 31.169479370117188 - Loss: 0.6372166275978088
04/19/2024 17:22:06 - INFO - __main__ - ID text: cola_562 - STD: 0.19385981559753418 - GNL: 36.34333801269531 - Loss: 0.33771422505378723
04/19/2024 17:23:13 - INFO - __main__ - ID text: cola_169 - STD: 0.19486631453037262 - GNL: 25.759756088256836 - Loss: 1.004765272140503
04/19/2024 17:24:21 - INFO - __main__ - ID text: cola_938 - STD: 0.21777378022670746 - GNL: 21.670995712280273 - Loss: 0.6417803168296814
04/19/2024 17:25:28 - INFO - __main__ - ID text: cola_540 - STD: 0.178483247756958 - GNL: 43.73317337036133 - Loss: 0.6963077783584595
04/19/2024 17:26:35 - INFO - __main__ - ID text: cola_621 - STD: 0.17695367336273193 - GNL: 42.56557083129883 - Loss: 0.5393611788749695
04/19/2024 17:27:42 - INFO - __main__ - ID text: cola_433 - STD: 0.24159491062164307 - GNL: 16.389739990234375 - Loss: 0.7049137353897095
04/19/2024 17:28:49 - INFO - __main__ - ID text: cola_953 - STD: 0.23109203577041626 - GNL: 19.815885543823242 - Loss: 0.8159896731376648
04/19/2024 17:29:56 - INFO - __main__ - ID text: cola_965 - STD: 0.24656999111175537 - GNL: 17.219940185546875 - Loss: 0.7545443177223206
04/19/2024 17:31:02 - INFO - __main__ - ID text: cola_928 - STD: 0.1911640167236328 - GNL: 33.6130256652832 - Loss: 0.688580334186554
04/19/2024 17:32:08 - INFO - __main__ - ID text: cola_747 - STD: 0.25512292981147766 - GNL: 14.621676445007324 - Loss: 0.6586521863937378
04/19/2024 17:33:16 - INFO - __main__ - ID text: cola_706 - STD: 0.18086397647857666 - GNL: 39.74728775024414 - Loss: 0.9069085121154785
04/19/2024 17:34:23 - INFO - __main__ - ID text: cola_205 - STD: 0.19477802515029907 - GNL: 37.78548049926758 - Loss: 0.6576147675514221
04/19/2024 17:35:31 - INFO - __main__ - ID text: cola_730 - STD: 0.20049917697906494 - GNL: 38.00204086303711 - Loss: 0.34220248460769653
04/19/2024 17:36:38 - INFO - __main__ - ID text: cola_319 - STD: 0.20121411979198456 - GNL: 30.52065086364746 - Loss: 0.6217856407165527
04/19/2024 17:37:46 - INFO - __main__ - ID text: cola_926 - STD: 0.23046064376831055 - GNL: 18.047651290893555 - Loss: 0.7742469906806946
04/19/2024 17:38:54 - INFO - __main__ - ID text: cola_687 - STD: 0.18928413093090057 - GNL: 53.13576126098633 - Loss: 0.2670022249221802
04/19/2024 17:40:01 - INFO - __main__ - ID text: cola_665 - STD: 0.20185868442058563 - GNL: 38.11039352416992 - Loss: 0.6436138153076172
04/19/2024 17:41:08 - INFO - __main__ - ID text: cola_866 - STD: 0.18709701299667358 - GNL: 33.39238357543945 - Loss: 0.6620029211044312
04/19/2024 17:42:15 - INFO - __main__ - ID text: cola_448 - STD: 0.209377720952034 - GNL: 48.0171012878418 - Loss: 0.40409401059150696
04/19/2024 17:43:22 - INFO - __main__ - ID text: cola_529 - STD: 0.2595633268356323 - GNL: 15.9497652053833 - Loss: 0.7858383059501648
04/19/2024 17:44:30 - INFO - __main__ - ID text: cola_462 - STD: 0.1684163361787796 - GNL: 54.66201400756836 - Loss: 0.4088137149810791
04/19/2024 17:45:37 - INFO - __main__ - ID text: cola_123 - STD: 0.20431964099407196 - GNL: 28.02286720275879 - Loss: 0.5619952082633972
04/19/2024 17:46:45 - INFO - __main__ - ID text: cola_253 - STD: 0.20805837213993073 - GNL: 22.387359619140625 - Loss: 0.7246662378311157
04/19/2024 17:47:52 - INFO - __main__ - ID text: cola_230 - STD: 0.21676422655582428 - GNL: 27.466354370117188 - Loss: 0.6450161933898926
04/19/2024 17:48:59 - INFO - __main__ - ID text: cola_908 - STD: 0.19239632785320282 - GNL: 43.62469482421875 - Loss: 0.7439953684806824
04/19/2024 17:50:16 - INFO - __main__ - ID text: cola_346 - STD: 0.17733021080493927 - GNL: 29.284650802612305 - Loss: 0.8188008069992065
04/19/2024 17:51:26 - INFO - __main__ - ID text: cola_21 - STD: 0.16942714154720306 - GNL: 37.54281997680664 - Loss: 0.7938332557678223
04/19/2024 17:52:33 - INFO - __main__ - ID text: cola_602 - STD: 0.17896021902561188 - GNL: 43.892642974853516 - Loss: 0.5138334631919861
04/19/2024 17:53:41 - INFO - __main__ - ID text: cola_567 - STD: 0.20608974993228912 - GNL: 44.713165283203125 - Loss: 0.45021605491638184
04/19/2024 17:54:49 - INFO - __main__ - ID text: cola_235 - STD: 0.23207713663578033 - GNL: 19.337108612060547 - Loss: 0.6770551800727844
04/19/2024 17:55:57 - INFO - __main__ - ID text: cola_806 - STD: 0.205056294798851 - GNL: 31.106115341186523 - Loss: 0.5886105895042419
04/19/2024 17:57:07 - INFO - __main__ - ID text: cola_225 - STD: 0.1877291351556778 - GNL: 29.465845108032227 - Loss: 0.5528462529182434
04/19/2024 17:58:16 - INFO - __main__ - ID text: cola_7 - STD: 0.20033709704875946 - GNL: 34.85844802856445 - Loss: 0.4297807216644287
04/19/2024 17:59:24 - INFO - __main__ - ID text: cola_72 - STD: 0.25913482904434204 - GNL: 21.526498794555664 - Loss: 0.6918531656265259
04/19/2024 18:00:32 - INFO - __main__ - ID text: cola_724 - STD: 0.1920376867055893 - GNL: 48.48605728149414 - Loss: 0.580818235874176
04/19/2024 18:01:40 - INFO - __main__ - ID text: cola_646 - STD: 0.18223650753498077 - GNL: 39.18306350708008 - Loss: 0.39159443974494934
04/19/2024 18:02:48 - INFO - __main__ - ID text: cola_60 - STD: 0.21159051358699799 - GNL: 26.0091552734375 - Loss: 0.7047202587127686
04/19/2024 18:03:56 - INFO - __main__ - ID text: cola_961 - STD: 0.1758444905281067 - GNL: 57.27180099487305 - Loss: 0.5316062569618225
04/19/2024 18:05:04 - INFO - __main__ - ID text: cola_69 - STD: 0.2093554139137268 - GNL: 34.1755485534668 - Loss: 0.6441694498062134
04/19/2024 18:06:12 - INFO - __main__ - ID text: cola_986 - STD: 0.1929766982793808 - GNL: 37.12351989746094 - Loss: 0.7031265497207642
04/19/2024 18:07:20 - INFO - __main__ - ID text: cola_338 - STD: 0.17217175662517548 - GNL: 34.38438034057617 - Loss: 0.6722351908683777
04/19/2024 18:08:28 - INFO - __main__ - ID text: cola_800 - STD: 0.15255489945411682 - GNL: 50.92031478881836 - Loss: 0.6246274709701538
04/19/2024 18:09:36 - INFO - __main__ - ID text: cola_526 - STD: 0.19706805050373077 - GNL: 31.86647605895996 - Loss: 0.7210757732391357
04/19/2024 18:10:44 - INFO - __main__ - ID text: cola_243 - STD: 0.20137707889080048 - GNL: 24.129491806030273 - Loss: 0.5604754090309143
04/19/2024 18:11:51 - INFO - __main__ - ID text: cola_1057 - STD: 0.18185639381408691 - GNL: 51.18809127807617 - Loss: 0.4881207346916199
04/19/2024 18:12:59 - INFO - __main__ - ID text: cola_685 - STD: 0.19649143517017365 - GNL: 27.622495651245117 - Loss: 0.6985852718353271
04/19/2024 18:14:07 - INFO - __main__ - ID text: cola_843 - STD: 0.18859176337718964 - GNL: 25.856618881225586 - Loss: 0.7565223574638367
04/19/2024 18:15:15 - INFO - __main__ - ID text: cola_219 - STD: 0.23216696083545685 - GNL: 18.775785446166992 - Loss: 0.7730708122253418
04/19/2024 18:16:23 - INFO - __main__ - ID text: cola_852 - STD: 0.15639406442642212 - GNL: 51.39372634887695 - Loss: 0.8418929576873779
04/19/2024 18:17:31 - INFO - __main__ - ID text: cola_135 - STD: 0.20751456916332245 - GNL: 20.570297241210938 - Loss: 0.8955233097076416
04/19/2024 18:18:39 - INFO - __main__ - ID text: cola_740 - STD: 0.18389005959033966 - GNL: 28.863664627075195 - Loss: 0.9851940870285034
04/19/2024 18:19:47 - INFO - __main__ - ID text: cola_584 - STD: 0.1824108511209488 - GNL: 67.16602325439453 - Loss: 0.4499477744102478
04/19/2024 18:20:54 - INFO - __main__ - ID text: cola_590 - STD: 0.18133479356765747 - GNL: 77.31832122802734 - Loss: 0.5993563532829285
04/19/2024 18:22:02 - INFO - __main__ - ID text: cola_484 - STD: 0.2064257264137268 - GNL: 25.26220703125 - Loss: 0.587920069694519
04/19/2024 18:23:11 - INFO - __main__ - ID text: cola_248 - STD: 0.17865914106369019 - GNL: 45.35415267944336 - Loss: 0.7604596614837646
