The following modules were not unloaded:
  (Use "module --force purge" to unload all):

  1) 2023.01   2) StdEnv
04/19/2024 13:04:22 - INFO - pixel.data.rendering.rendering_utils - loading text renderer configuration file https://huggingface.co/Team-PIXEL/pixel-base/resolve/main/text_renderer_config.json from cache at /home2/s3919609/.cache/huggingface/transformers/892d6a02d7c441000de399de59ed70d943a81f7b0f536523b4af1111677a8508.e332b34c9c05756dd4aa51d8fa33461dbd79604752296d185f03f8004db30700
04/19/2024 13:04:22 - INFO - pixel.data.rendering.rendering_utils - loading font file https://huggingface.co/Team-PIXEL/pixel-base/resolve/main/GoNotoCurrent.ttf from cache at /home2/s3919609/.cache/huggingface/transformers/49e6dc219d1a1a1c9236acaf05a48b542002016a6dc877ee72baab085a84257b.3f28e7f4b38e1efe1b6da4a3732404c19d4c6a614ff32dce90a251e293d4ce58
04/19/2024 13:04:22 - INFO - pixel.data.rendering.pygame_renderer - Loading font from /home2/s3919609/.cache/huggingface/transformers/49e6dc219d1a1a1c9236acaf05a48b542002016a6dc877ee72baab085a84257b.3f28e7f4b38e1efe1b6da4a3732404c19d4c6a614ff32dce90a251e293d4ce58
04/19/2024 13:04:23 - INFO - pixel.data.rendering.rendering_utils - Text renderer PyGameTextRenderer {
  "background_color": "white",
  "dpi": 120,
  "font_color": "black",
  "font_file": "49e6dc219d1a1a1c9236acaf05a48b542002016a6dc877ee72baab085a84257b.3f28e7f4b38e1efe1b6da4a3732404c19d4c6a614ff32dce90a251e293d4ce58",
  "font_size": 8,
  "max_seq_length": 256,
  "pad_size": 3,
  "pixels_per_patch": 16,
  "text_renderer_type": "PyGameTextRenderer"
}

04/19/2024 13:04:29 - INFO - pixel.models.pixel.modeling_pixel - position_embeddings: torch.Size([1, 530, 768])
04/19/2024 13:04:30 - INFO - pixel.utils.modeling - Truncating position embeddings to 256
04/19/2024 13:04:30 - INFO - pixel.utils.modeling - Truncating decoder position embeddings to 256
04/19/2024 13:04:30 - INFO - __main__ - Running MONTE CARLO experiment: span
04/19/2024 13:04:30 - INFO - __main__ - Mask ratio: 0.25
04/19/2024 13:04:30 - INFO - __main__ - Span length: 1
04/19/2024 13:04:31 - INFO - __main__ - Monte Carlo samples: 100
04/19/2024 13:04:31 - INFO - __main__ - Training mode: True
04/19/2024 13:04:31 - INFO - __main__ - 
######## Computing SDs for task: ner ########

04/19/2024 13:04:31 - INFO - __main__ - 
######## Computing SDs for task: tydiqa ########

04/19/2024 13:04:31 - INFO - __main__ - 
######## Computing SDs for task: glue ########

04/19/2024 13:04:31 - INFO - __main__ - 
######## Language: cola ######## 

04/19/2024 13:05:40 - INFO - __main__ - ID text: cola_228 - STD: 0.21466036140918732 - GNL: 33.50767135620117 - Loss: 0.07212755084037781
04/19/2024 13:06:48 - INFO - __main__ - ID text: cola_51 - STD: 0.18279455602169037 - GNL: 36.935001373291016 - Loss: 0.15428704023361206
04/19/2024 13:07:55 - INFO - __main__ - ID text: cola_563 - STD: 0.35975170135498047 - GNL: 12.834236145019531 - Loss: 0.48914653062820435
04/19/2024 13:09:02 - INFO - __main__ - ID text: cola_501 - STD: 0.19171957671642303 - GNL: 38.798336029052734 - Loss: 0.1224760040640831
04/19/2024 13:10:09 - INFO - __main__ - ID text: cola_457 - STD: 0.19990305602550507 - GNL: 36.47369384765625 - Loss: 0.2276400923728943
04/19/2024 13:11:16 - INFO - __main__ - ID text: cola_285 - STD: 0.21923135221004486 - GNL: 26.156213760375977 - Loss: 0.14791986346244812
04/19/2024 13:12:23 - INFO - __main__ - ID text: cola_209 - STD: 0.18986093997955322 - GNL: 34.63165283203125 - Loss: 0.03468850627541542
04/19/2024 13:13:30 - INFO - __main__ - ID text: cola_178 - STD: 0.22247810661792755 - GNL: 26.096899032592773 - Loss: 0.10456503927707672
04/19/2024 13:14:38 - INFO - __main__ - ID text: cola_864 - STD: 0.2343590259552002 - GNL: 19.75868797302246 - Loss: 0.07991731911897659
04/19/2024 13:15:45 - INFO - __main__ - ID text: cola_65 - STD: 0.1968749761581421 - GNL: 48.526187896728516 - Loss: 0.018293136730790138
04/19/2024 13:16:52 - INFO - __main__ - ID text: cola_61 - STD: 0.20866434276103973 - GNL: 40.93616485595703 - Loss: 0.030237333849072456
04/19/2024 13:17:59 - INFO - __main__ - ID text: cola_191 - STD: 0.2371801882982254 - GNL: 22.457372665405273 - Loss: 0.7069553136825562
04/19/2024 13:19:06 - INFO - __main__ - ID text: cola_447 - STD: 0.1859222650527954 - GNL: 37.70076370239258 - Loss: 0.2038826197385788
04/19/2024 13:20:13 - INFO - __main__ - ID text: cola_476 - STD: 0.23444028198719025 - GNL: 18.881473541259766 - Loss: 0.3950061500072479
04/19/2024 13:21:21 - INFO - __main__ - ID text: cola_1034 - STD: 0.21435046195983887 - GNL: 21.82288360595703 - Loss: 0.39161235094070435
04/19/2024 13:22:28 - INFO - __main__ - ID text: cola_54 - STD: 0.20803387463092804 - GNL: 32.66884994506836 - Loss: 0.13993234932422638
04/19/2024 13:23:35 - INFO - __main__ - ID text: cola_407 - STD: 0.23938791453838348 - GNL: 21.452695846557617 - Loss: 0.1217881366610527
04/19/2024 13:24:43 - INFO - __main__ - ID text: cola_859 - STD: 0.2907397150993347 - GNL: 12.625282287597656 - Loss: 0.5103026628494263
04/19/2024 13:25:50 - INFO - __main__ - ID text: cola_451 - STD: 0.2007078379392624 - GNL: 34.065364837646484 - Loss: 0.07628177851438522
04/19/2024 13:26:58 - INFO - __main__ - ID text: cola_919 - STD: 0.21466390788555145 - GNL: 30.40294647216797 - Loss: 0.022530633956193924
04/19/2024 13:28:05 - INFO - __main__ - ID text: cola_569 - STD: 0.20248807966709137 - GNL: 50.68180465698242 - Loss: 0.03912073373794556
04/19/2024 13:29:12 - INFO - __main__ - ID text: cola_13 - STD: 0.19214971363544464 - GNL: 97.0382080078125 - Loss: 0.019603164866566658
04/19/2024 13:30:19 - INFO - __main__ - ID text: cola_326 - STD: 0.21933455765247345 - GNL: 30.745529174804688 - Loss: 0.07643482834100723
04/19/2024 13:31:26 - INFO - __main__ - ID text: cola_865 - STD: 0.21995162963867188 - GNL: 26.36496925354004 - Loss: 0.15949496626853943
04/19/2024 13:32:34 - INFO - __main__ - ID text: cola_696 - STD: 0.21374286711215973 - GNL: 29.030805587768555 - Loss: 0.6893865466117859
04/19/2024 13:33:41 - INFO - __main__ - ID text: cola_1042 - STD: 0.19472698867321014 - GNL: 60.049652099609375 - Loss: 0.017030790448188782
04/19/2024 13:34:49 - INFO - __main__ - ID text: cola_318 - STD: 0.2192830890417099 - GNL: 40.16081619262695 - Loss: 0.02403504215180874
04/19/2024 13:35:57 - INFO - __main__ - ID text: cola_440 - STD: 0.2287905365228653 - GNL: 29.7780818939209 - Loss: 0.016621103510260582
04/19/2024 13:37:13 - INFO - __main__ - ID text: cola_689 - STD: 0.19084472954273224 - GNL: 34.95847702026367 - Loss: 0.3175731301307678
04/19/2024 13:38:23 - INFO - __main__ - ID text: cola_1056 - STD: 0.20926226675510406 - GNL: 38.726661682128906 - Loss: 0.028966054320335388
04/19/2024 13:39:32 - INFO - __main__ - ID text: cola_189 - STD: 0.22074538469314575 - GNL: 23.568016052246094 - Loss: 0.16766828298568726
04/19/2024 13:40:43 - INFO - __main__ - ID text: cola_778 - STD: 0.2085217833518982 - GNL: 32.11701965332031 - Loss: 0.11470330506563187
04/19/2024 13:41:51 - INFO - __main__ - ID text: cola_198 - STD: 0.23171263933181763 - GNL: 26.40880584716797 - Loss: 0.16453145444393158
04/19/2024 13:43:01 - INFO - __main__ - ID text: cola_735 - STD: 0.20148491859436035 - GNL: 51.40908432006836 - Loss: 0.07058961689472198
04/19/2024 13:44:14 - INFO - __main__ - ID text: cola_704 - STD: 0.1992053985595703 - GNL: 46.645111083984375 - Loss: 0.07738015055656433
04/19/2024 13:45:27 - INFO - __main__ - ID text: cola_541 - STD: 0.19968874752521515 - GNL: 35.668148040771484 - Loss: 0.07887160778045654
04/19/2024 13:46:47 - INFO - __main__ - ID text: cola_88 - STD: 0.20061159133911133 - GNL: 35.21099853515625 - Loss: 0.11383795738220215
04/19/2024 13:47:57 - INFO - __main__ - ID text: cola_940 - STD: 0.23302209377288818 - GNL: 24.497682571411133 - Loss: 0.051331281661987305
04/19/2024 13:49:09 - INFO - __main__ - ID text: cola_255 - STD: 0.20941729843616486 - GNL: 47.54252624511719 - Loss: 0.0191046129912138
04/19/2024 13:50:15 - INFO - __main__ - ID text: cola_775 - STD: 0.20003803074359894 - GNL: 42.66835403442383 - Loss: 0.014206984080374241
04/19/2024 13:51:22 - INFO - __main__ - ID text: cola_80 - STD: 0.18169592320919037 - GNL: 65.46829986572266 - Loss: 0.022498486563563347
04/19/2024 13:52:31 - INFO - __main__ - ID text: cola_565 - STD: 0.19134803116321564 - GNL: 44.0174560546875 - Loss: 0.03274822607636452
04/19/2024 13:53:40 - INFO - __main__ - ID text: cola_300 - STD: 0.2148510366678238 - GNL: 26.15281867980957 - Loss: 0.14612600207328796
04/19/2024 13:54:48 - INFO - __main__ - ID text: cola_849 - STD: 0.23853129148483276 - GNL: 20.875974655151367 - Loss: 0.4155942499637604
04/19/2024 13:55:56 - INFO - __main__ - ID text: cola_643 - STD: 0.2179204672574997 - GNL: 30.170095443725586 - Loss: 0.12199319154024124
04/19/2024 13:57:04 - INFO - __main__ - ID text: cola_633 - STD: 0.17923198640346527 - GNL: 83.46280670166016 - Loss: 0.01234497781842947
04/19/2024 13:58:11 - INFO - __main__ - ID text: cola_906 - STD: 0.1947883516550064 - GNL: 34.92445373535156 - Loss: 0.2963593006134033
04/19/2024 13:59:24 - INFO - __main__ - ID text: cola_882 - STD: 0.19092245399951935 - GNL: 35.69105911254883 - Loss: 0.35517117381095886
04/19/2024 14:00:31 - INFO - __main__ - ID text: cola_370 - STD: 0.2081441879272461 - GNL: 26.733728408813477 - Loss: 0.2410443127155304
04/19/2024 14:01:39 - INFO - __main__ - ID text: cola_591 - STD: 0.20857609808444977 - GNL: 39.33951950073242 - Loss: 0.06534966826438904
04/19/2024 14:02:45 - INFO - __main__ - ID text: cola_196 - STD: 0.21462638676166534 - GNL: 27.160173416137695 - Loss: 0.22425366938114166
04/19/2024 14:03:51 - INFO - __main__ - ID text: cola_721 - STD: 0.20682699978351593 - GNL: 47.792484283447266 - Loss: 0.03446781262755394
04/19/2024 14:04:57 - INFO - __main__ - ID text: cola_71 - STD: 0.25869473814964294 - GNL: 15.6653470993042 - Loss: 0.6646506786346436
04/19/2024 14:06:03 - INFO - __main__ - ID text: cola_46 - STD: 0.23131485283374786 - GNL: 24.1203670501709 - Loss: 0.6850564479827881
04/19/2024 14:07:09 - INFO - __main__ - ID text: cola_677 - STD: 0.17744982242584229 - GNL: 71.26232147216797 - Loss: 0.028857257217168808
04/19/2024 14:08:15 - INFO - __main__ - ID text: cola_233 - STD: 0.18634648621082306 - GNL: 56.7709846496582 - Loss: 0.011283120140433311
04/19/2024 14:09:30 - INFO - __main__ - ID text: cola_791 - STD: 0.22259117662906647 - GNL: 29.47593116760254 - Loss: 0.04820004850625992
04/19/2024 14:10:39 - INFO - __main__ - ID text: cola_296 - STD: 0.21292400360107422 - GNL: 26.500396728515625 - Loss: 0.16382652521133423
04/19/2024 14:11:46 - INFO - __main__ - ID text: cola_81 - STD: 0.2551027834415436 - GNL: 18.5817928314209 - Loss: 0.5728828310966492
04/19/2024 14:12:53 - INFO - __main__ - ID text: cola_875 - STD: 0.22383010387420654 - GNL: 27.575485229492188 - Loss: 0.11539281904697418
04/19/2024 14:14:01 - INFO - __main__ - ID text: cola_238 - STD: 0.1959652453660965 - GNL: 52.04059982299805 - Loss: 0.01673200912773609
04/19/2024 14:15:08 - INFO - __main__ - ID text: cola_887 - STD: 0.22772032022476196 - GNL: 23.88080596923828 - Loss: 0.5228078961372375
04/19/2024 14:16:15 - INFO - __main__ - ID text: cola_103 - STD: 0.21255461871623993 - GNL: 29.966461181640625 - Loss: 0.0570918470621109
04/19/2024 14:17:22 - INFO - __main__ - ID text: cola_389 - STD: 0.20364941656589508 - GNL: 27.821487426757812 - Loss: 0.3302779495716095
04/19/2024 14:18:29 - INFO - __main__ - ID text: cola_284 - STD: 0.23082590103149414 - GNL: 23.01483154296875 - Loss: 0.1601698100566864
04/19/2024 14:19:36 - INFO - __main__ - ID text: cola_464 - STD: 0.30043351650238037 - GNL: 9.351824760437012 - Loss: 0.7512021660804749
04/19/2024 14:20:44 - INFO - __main__ - ID text: cola_650 - STD: 0.17816223204135895 - GNL: 52.54594421386719 - Loss: 0.16524963080883026
04/19/2024 14:21:53 - INFO - __main__ - ID text: cola_854 - STD: 0.1861478090286255 - GNL: 31.675376892089844 - Loss: 0.5134588479995728
04/19/2024 14:23:06 - INFO - __main__ - ID text: cola_373 - STD: 0.20135319232940674 - GNL: 37.04277038574219 - Loss: 0.13274896144866943
04/19/2024 14:24:18 - INFO - __main__ - ID text: cola_166 - STD: 0.25547078251838684 - GNL: 16.587154388427734 - Loss: 0.3014563322067261
04/19/2024 14:25:31 - INFO - __main__ - ID text: cola_379 - STD: 0.1813313215970993 - GNL: 55.984588623046875 - Loss: 0.04077346622943878
04/19/2024 14:26:42 - INFO - __main__ - ID text: cola_363 - STD: 0.20634664595127106 - GNL: 28.418142318725586 - Loss: 0.09865313768386841
04/19/2024 14:27:54 - INFO - __main__ - ID text: cola_214 - STD: 0.19495512545108795 - GNL: 30.22345542907715 - Loss: 0.15138018131256104
04/19/2024 14:29:06 - INFO - __main__ - ID text: cola_686 - STD: 0.2070419192314148 - GNL: 38.36260986328125 - Loss: 0.09518924355506897
04/19/2024 14:30:18 - INFO - __main__ - ID text: cola_273 - STD: 0.2451493889093399 - GNL: 22.879959106445312 - Loss: 0.720325767993927
04/19/2024 14:31:30 - INFO - __main__ - ID text: cola_718 - STD: 0.18237245082855225 - GNL: 45.005123138427734 - Loss: 0.03710199519991875
04/19/2024 14:32:39 - INFO - __main__ - ID text: cola_959 - STD: 0.2470257729291916 - GNL: 22.84282112121582 - Loss: 0.6679971218109131
04/19/2024 14:33:49 - INFO - __main__ - ID text: cola_699 - STD: 0.19840820133686066 - GNL: 39.449337005615234 - Loss: 0.06250201165676117
04/19/2024 14:34:59 - INFO - __main__ - ID text: cola_663 - STD: 0.2075646072626114 - GNL: 36.20591354370117 - Loss: 0.32916945219039917
04/19/2024 14:36:08 - INFO - __main__ - ID text: cola_73 - STD: 0.19952398538589478 - GNL: 32.152042388916016 - Loss: 0.16082416474819183
04/19/2024 14:37:17 - INFO - __main__ - ID text: cola_623 - STD: 0.19101373851299286 - GNL: 45.2286491394043 - Loss: 0.1663731038570404
04/19/2024 14:38:27 - INFO - __main__ - ID text: cola_996 - STD: 0.21396474540233612 - GNL: 21.18463706970215 - Loss: 0.3295545279979706
04/19/2024 14:39:36 - INFO - __main__ - ID text: cola_175 - STD: 0.20802563428878784 - GNL: 25.989294052124023 - Loss: 0.2274356484413147
04/19/2024 14:40:45 - INFO - __main__ - ID text: cola_546 - STD: 0.3590347468852997 - GNL: 12.253994941711426 - Loss: 0.34047943353652954
04/19/2024 14:41:55 - INFO - __main__ - ID text: cola_746 - STD: 0.24595282971858978 - GNL: 22.730918884277344 - Loss: 0.6723673939704895
04/19/2024 14:43:10 - INFO - __main__ - ID text: cola_250 - STD: 0.19872915744781494 - GNL: 39.182037353515625 - Loss: 0.10639364272356033
04/19/2024 14:44:22 - INFO - __main__ - ID text: cola_167 - STD: 0.18235236406326294 - GNL: 31.875381469726562 - Loss: 0.237932950258255
04/19/2024 14:45:33 - INFO - __main__ - ID text: cola_473 - STD: 0.2087334841489792 - GNL: 30.126157760620117 - Loss: 0.19617824256420135
04/19/2024 14:46:46 - INFO - __main__ - ID text: cola_388 - STD: 0.2079104781150818 - GNL: 30.975889205932617 - Loss: 0.281459242105484
04/19/2024 14:47:58 - INFO - __main__ - ID text: cola_276 - STD: 0.17088043689727783 - GNL: 42.59286117553711 - Loss: 0.19885846972465515
04/19/2024 14:49:10 - INFO - __main__ - ID text: cola_947 - STD: 0.19144253432750702 - GNL: 34.600494384765625 - Loss: 0.2161715179681778
04/19/2024 14:50:23 - INFO - __main__ - ID text: cola_655 - STD: 0.17729629576206207 - GNL: 75.78972625732422 - Loss: 0.018663255497813225
04/19/2024 14:51:35 - INFO - __main__ - ID text: cola_1028 - STD: 0.24079705774784088 - GNL: 21.965492248535156 - Loss: 0.7788739800453186
04/19/2024 14:52:47 - INFO - __main__ - ID text: cola_570 - STD: 0.21973739564418793 - GNL: 32.9160041809082 - Loss: 0.06305792182683945
04/19/2024 14:53:58 - INFO - __main__ - ID text: cola_224 - STD: 0.19670207798480988 - GNL: 34.54887771606445 - Loss: 0.243607297539711
04/19/2024 14:55:09 - INFO - __main__ - ID text: cola_701 - STD: 0.22601783275604248 - GNL: 25.106292724609375 - Loss: 0.4865849018096924
04/19/2024 14:56:19 - INFO - __main__ - ID text: cola_332 - STD: 0.21738876402378082 - GNL: 34.972869873046875 - Loss: 0.06422168761491776
04/19/2024 14:57:30 - INFO - __main__ - ID text: cola_863 - STD: 0.1864701509475708 - GNL: 27.589475631713867 - Loss: 0.3815922439098358
04/19/2024 14:58:40 - INFO - __main__ - ID text: cola_786 - STD: 0.20861877501010895 - GNL: 28.28993034362793 - Loss: 0.370423823595047
04/19/2024 14:59:52 - INFO - __main__ - ID text: cola_794 - STD: 0.18491031229496002 - GNL: 75.95565032958984 - Loss: 0.019320154562592506
04/19/2024 15:01:03 - INFO - __main__ - ID text: cola_57 - STD: 0.18660582602024078 - GNL: 40.45875930786133 - Loss: 0.47488319873809814
04/19/2024 15:02:14 - INFO - __main__ - ID text: cola_234 - STD: 0.19934117794036865 - GNL: 29.035804748535156 - Loss: 0.23246921598911285
04/19/2024 15:03:26 - INFO - __main__ - ID text: cola_841 - STD: 0.1891922503709793 - GNL: 39.95779800415039 - Loss: 0.07351472973823547
04/19/2024 15:04:37 - INFO - __main__ - ID text: cola_32 - STD: 0.2504805028438568 - GNL: 19.89287757873535 - Loss: 0.7875006198883057
04/19/2024 15:05:49 - INFO - __main__ - ID text: cola_824 - STD: 0.21087487041950226 - GNL: 30.861221313476562 - Loss: 0.15688671171665192
04/19/2024 15:07:00 - INFO - __main__ - ID text: cola_323 - STD: 0.21563838422298431 - GNL: 28.27851676940918 - Loss: 0.10859622061252594
04/19/2024 15:08:12 - INFO - __main__ - ID text: cola_410 - STD: 0.2055457979440689 - GNL: 32.78181076049805 - Loss: 0.10080112516880035
04/19/2024 15:09:23 - INFO - __main__ - ID text: cola_274 - STD: 0.1945820301771164 - GNL: 45.93818283081055 - Loss: 0.11666914075613022
04/19/2024 15:10:33 - INFO - __main__ - ID text: cola_67 - STD: 0.21253298223018646 - GNL: 29.96295928955078 - Loss: 0.16214536130428314
04/19/2024 15:11:42 - INFO - __main__ - ID text: cola_216 - STD: 0.2463901787996292 - GNL: 24.56459617614746 - Loss: 0.5638229250907898
04/19/2024 15:12:52 - INFO - __main__ - ID text: cola_935 - STD: 0.17820687592029572 - GNL: 46.52450942993164 - Loss: 0.21097052097320557
04/19/2024 15:14:01 - INFO - __main__ - ID text: cola_580 - STD: 0.2447187304496765 - GNL: 24.669897079467773 - Loss: 0.7615631222724915
04/19/2024 15:15:11 - INFO - __main__ - ID text: cola_897 - STD: 0.20902764797210693 - GNL: 33.524139404296875 - Loss: 0.04424501582980156
04/19/2024 15:16:21 - INFO - __main__ - ID text: cola_1029 - STD: 0.22242341935634613 - GNL: 30.565309524536133 - Loss: 0.05548142269253731
04/19/2024 15:17:33 - INFO - __main__ - ID text: cola_322 - STD: 0.18524610996246338 - GNL: 37.10526657104492 - Loss: 0.1601366102695465
04/19/2024 15:18:44 - INFO - __main__ - ID text: cola_217 - STD: 0.1820332407951355 - GNL: 43.4100227355957 - Loss: 0.04981747269630432
04/19/2024 15:19:55 - INFO - __main__ - ID text: cola_671 - STD: 0.39463362097740173 - GNL: 7.706593036651611 - Loss: 0.5658196806907654
04/19/2024 15:21:06 - INFO - __main__ - ID text: cola_511 - STD: 0.24492906033992767 - GNL: 22.826616287231445 - Loss: 0.5440099835395813
04/19/2024 15:22:18 - INFO - __main__ - ID text: cola_405 - STD: 0.24010515213012695 - GNL: 23.31837272644043 - Loss: 0.10897654294967651
04/19/2024 15:23:30 - INFO - __main__ - ID text: cola_905 - STD: 0.19595147669315338 - GNL: 31.78904151916504 - Loss: 0.2310897707939148
04/19/2024 15:24:43 - INFO - __main__ - ID text: cola_936 - STD: 0.20630531013011932 - GNL: 30.997262954711914 - Loss: 0.22658127546310425
04/19/2024 15:25:55 - INFO - __main__ - ID text: cola_658 - STD: 0.2455967515707016 - GNL: 28.9178409576416 - Loss: 0.667920708656311
04/19/2024 15:27:07 - INFO - __main__ - ID text: cola_469 - STD: 0.21472828090190887 - GNL: 23.1293888092041 - Loss: 0.18197794258594513
04/19/2024 15:28:19 - INFO - __main__ - ID text: cola_146 - STD: 0.20826846361160278 - GNL: 38.46689987182617 - Loss: 0.06728533655405045
04/19/2024 15:29:29 - INFO - __main__ - ID text: cola_271 - STD: 0.20289833843708038 - GNL: 36.68915939331055 - Loss: 0.12120353430509567
04/19/2024 15:30:39 - INFO - __main__ - ID text: cola_142 - STD: 0.19806654751300812 - GNL: 32.93596649169922 - Loss: 0.06754592806100845
04/19/2024 15:31:50 - INFO - __main__ - ID text: cola_252 - STD: 0.18652009963989258 - GNL: 33.23235321044922 - Loss: 0.2479524165391922
04/19/2024 15:33:01 - INFO - __main__ - ID text: cola_762 - STD: 0.25676730275154114 - GNL: 16.033369064331055 - Loss: 0.6982132792472839
04/19/2024 15:34:13 - INFO - __main__ - ID text: cola_574 - STD: 0.1986313909292221 - GNL: 36.199886322021484 - Loss: 0.14270810782909393
04/19/2024 15:35:25 - INFO - __main__ - ID text: cola_551 - STD: 0.20656542479991913 - GNL: 54.84392166137695 - Loss: 0.023629698902368546
04/19/2024 15:36:36 - INFO - __main__ - ID text: cola_269 - STD: 0.20541994273662567 - GNL: 28.756288528442383 - Loss: 0.13650445640087128
04/19/2024 15:37:46 - INFO - __main__ - ID text: cola_764 - STD: 0.2057936191558838 - GNL: 29.355745315551758 - Loss: 0.449779748916626
04/19/2024 15:38:58 - INFO - __main__ - ID text: cola_598 - STD: 0.2184619903564453 - GNL: 25.109296798706055 - Loss: 0.17367376387119293
04/19/2024 15:40:10 - INFO - __main__ - ID text: cola_438 - STD: 0.19709289073944092 - GNL: 33.20050811767578 - Loss: 0.14576588571071625
04/19/2024 15:41:21 - INFO - __main__ - ID text: cola_1043 - STD: 0.21013949811458588 - GNL: 51.53694534301758 - Loss: 0.018596021458506584
04/19/2024 15:42:32 - INFO - __main__ - ID text: cola_597 - STD: 0.23517119884490967 - GNL: 23.651533126831055 - Loss: 0.28152984380722046
04/19/2024 15:43:42 - INFO - __main__ - ID text: cola_408 - STD: 0.23770840466022491 - GNL: 22.49907875061035 - Loss: 0.17505575716495514
04/19/2024 15:44:52 - INFO - __main__ - ID text: cola_1014 - STD: 0.20729835331439972 - GNL: 37.68126678466797 - Loss: 0.22095943987369537
04/19/2024 15:46:03 - INFO - __main__ - ID text: cola_968 - STD: 0.1980680227279663 - GNL: 26.653223037719727 - Loss: 0.23384878039360046
04/19/2024 15:47:14 - INFO - __main__ - ID text: cola_141 - STD: 0.20631487667560577 - GNL: 30.811790466308594 - Loss: 0.21367821097373962
04/19/2024 15:48:25 - INFO - __main__ - ID text: cola_521 - STD: 0.18392866849899292 - GNL: 42.03200149536133 - Loss: 0.05150070786476135
04/19/2024 15:49:37 - INFO - __main__ - ID text: cola_505 - STD: 0.20345036685466766 - GNL: 47.603458404541016 - Loss: 0.10135573148727417
04/19/2024 15:50:49 - INFO - __main__ - ID text: cola_93 - STD: 0.19139473140239716 - GNL: 67.52468872070312 - Loss: 0.03311787545681
04/19/2024 15:52:00 - INFO - __main__ - ID text: cola_773 - STD: 0.18313346803188324 - GNL: 49.610015869140625 - Loss: 0.03602760285139084
04/19/2024 15:53:12 - INFO - __main__ - ID text: cola_48 - STD: 0.17846520245075226 - GNL: 39.93430709838867 - Loss: 0.434050053358078
04/19/2024 15:54:24 - INFO - __main__ - ID text: cola_881 - STD: 0.20312051475048065 - GNL: 43.52553176879883 - Loss: 0.08861490339040756
04/19/2024 15:55:35 - INFO - __main__ - ID text: cola_112 - STD: 0.20362520217895508 - GNL: 34.11174392700195 - Loss: 0.16121596097946167
04/19/2024 15:56:46 - INFO - __main__ - ID text: cola_156 - STD: 0.20901453495025635 - GNL: 30.916709899902344 - Loss: 0.14596344530582428
04/19/2024 15:57:57 - INFO - __main__ - ID text: cola_642 - STD: 0.17762385308742523 - GNL: 60.53431701660156 - Loss: 0.10242176800966263
04/19/2024 15:59:07 - INFO - __main__ - ID text: cola_163 - STD: 0.19409406185150146 - GNL: 29.658926010131836 - Loss: 0.4664979577064514
04/19/2024 16:00:17 - INFO - __main__ - ID text: cola_811 - STD: 0.24014176428318024 - GNL: 20.900510787963867 - Loss: 0.6165077686309814
04/19/2024 16:01:28 - INFO - __main__ - ID text: cola_1038 - STD: 0.1776517629623413 - GNL: 44.32234573364258 - Loss: 0.16725465655326843
04/19/2024 16:02:40 - INFO - __main__ - ID text: cola_432 - STD: 0.19326603412628174 - GNL: 36.089820861816406 - Loss: 0.0371057353913784
04/19/2024 16:03:52 - INFO - __main__ - ID text: cola_610 - STD: 0.23846423625946045 - GNL: 25.040693283081055 - Loss: 0.04875227063894272
04/19/2024 16:05:07 - INFO - __main__ - ID text: cola_1053 - STD: 0.21507103741168976 - GNL: 31.45477867126465 - Loss: 0.030860455706715584
04/19/2024 16:06:19 - INFO - __main__ - ID text: cola_394 - STD: 0.18646913766860962 - GNL: 39.45380783081055 - Loss: 0.28690317273139954
04/19/2024 16:07:30 - INFO - __main__ - ID text: cola_390 - STD: 0.1872228980064392 - GNL: 32.658267974853516 - Loss: 0.46369320154190063
04/19/2024 16:08:42 - INFO - __main__ - ID text: cola_909 - STD: 0.23100602626800537 - GNL: 23.23937225341797 - Loss: 0.7268489599227905
04/19/2024 16:09:54 - INFO - __main__ - ID text: cola_479 - STD: 0.2270585149526596 - GNL: 23.35552215576172 - Loss: 0.2556532621383667
04/19/2024 16:11:05 - INFO - __main__ - ID text: cola_1027 - STD: 0.22111456096172333 - GNL: 28.649171829223633 - Loss: 0.14423014223575592
04/19/2024 16:12:16 - INFO - __main__ - ID text: cola_257 - STD: 0.22530601918697357 - GNL: 20.821197509765625 - Loss: 0.14929881691932678
04/19/2024 16:13:28 - INFO - __main__ - ID text: cola_566 - STD: 0.2634306252002716 - GNL: 19.774843215942383 - Loss: 0.6891312599182129
04/19/2024 16:14:38 - INFO - __main__ - ID text: cola_917 - STD: 0.16987086832523346 - GNL: 71.33014678955078 - Loss: 0.010140898637473583
04/19/2024 16:15:48 - INFO - __main__ - ID text: cola_11 - STD: 0.1989733725786209 - GNL: 78.64678955078125 - Loss: 0.013288277201354504
04/19/2024 16:17:01 - INFO - __main__ - ID text: cola_911 - STD: 0.21404248476028442 - GNL: 20.944929122924805 - Loss: 0.3419550359249115
04/19/2024 16:18:10 - INFO - __main__ - ID text: cola_738 - STD: 0.19024121761322021 - GNL: 65.15947723388672 - Loss: 0.01855325512588024
04/19/2024 16:19:19 - INFO - __main__ - ID text: cola_117 - STD: 0.2510400116443634 - GNL: 22.807649612426758 - Loss: 0.5439028739929199
04/19/2024 16:20:29 - INFO - __main__ - ID text: cola_698 - STD: 0.197744682431221 - GNL: 32.24637985229492 - Loss: 0.1409679502248764
04/19/2024 16:21:39 - INFO - __main__ - ID text: cola_549 - STD: 0.3500514030456543 - GNL: 11.8838529586792 - Loss: 0.21714317798614502
04/19/2024 16:22:49 - INFO - __main__ - ID text: cola_768 - STD: 0.2220878154039383 - GNL: 27.03740119934082 - Loss: 0.22589001059532166
04/19/2024 16:23:57 - INFO - __main__ - ID text: cola_988 - STD: 0.18924196064472198 - GNL: 28.43065643310547 - Loss: 0.36876776814460754
04/19/2024 16:25:06 - INFO - __main__ - ID text: cola_787 - STD: 0.22256243228912354 - GNL: 25.230239868164062 - Loss: 0.19133028388023376
04/19/2024 16:26:15 - INFO - __main__ - ID text: cola_656 - STD: 0.1950722485780716 - GNL: 53.88041305541992 - Loss: 0.06648549437522888
04/19/2024 16:27:24 - INFO - __main__ - ID text: cola_348 - STD: 0.22733335196971893 - GNL: 37.07328414916992 - Loss: 0.04951522871851921
04/19/2024 16:28:33 - INFO - __main__ - ID text: cola_114 - STD: 0.17806392908096313 - GNL: 61.043636322021484 - Loss: 0.1144619882106781
04/19/2024 16:29:43 - INFO - __main__ - ID text: cola_1020 - STD: 0.21628747880458832 - GNL: 29.6130428314209 - Loss: 0.11268587410449982
04/19/2024 16:30:52 - INFO - __main__ - ID text: cola_445 - STD: 0.21221940219402313 - GNL: 35.546016693115234 - Loss: 0.03172845020890236
04/19/2024 16:32:02 - INFO - __main__ - ID text: cola_161 - STD: 0.19002743065357208 - GNL: 33.3490104675293 - Loss: 0.12097986042499542
04/19/2024 16:33:10 - INFO - __main__ - ID text: cola_997 - STD: 0.2163274735212326 - GNL: 29.95036506652832 - Loss: 0.08407704532146454
04/19/2024 16:34:17 - INFO - __main__ - ID text: cola_3 - STD: 0.19527049362659454 - GNL: 34.15439224243164 - Loss: 0.2818676829338074
04/19/2024 16:35:26 - INFO - __main__ - ID text: cola_739 - STD: 0.23609119653701782 - GNL: 19.459197998046875 - Loss: 0.9123945832252502
04/19/2024 16:36:36 - INFO - __main__ - ID text: cola_736 - STD: 0.19201882183551788 - GNL: 51.69643020629883 - Loss: 0.08487354964017868
04/19/2024 16:37:47 - INFO - __main__ - ID text: cola_932 - STD: 0.24546903371810913 - GNL: 21.649465560913086 - Loss: 0.6024061441421509
04/19/2024 16:38:55 - INFO - __main__ - ID text: cola_512 - STD: 0.20469391345977783 - GNL: 27.7091064453125 - Loss: 0.5544300675392151
04/19/2024 16:40:04 - INFO - __main__ - ID text: cola_780 - STD: 0.2152513861656189 - GNL: 26.01044464111328 - Loss: 0.14427271485328674
04/19/2024 16:41:13 - INFO - __main__ - ID text: cola_182 - STD: 0.25121626257896423 - GNL: 18.90012550354004 - Loss: 0.7797622680664062
04/19/2024 16:42:22 - INFO - __main__ - ID text: cola_519 - STD: 0.18687547743320465 - GNL: 45.546443939208984 - Loss: 0.08971016854047775
04/19/2024 16:43:29 - INFO - __main__ - ID text: cola_108 - STD: 0.18765683472156525 - GNL: 47.3480339050293 - Loss: 0.03359432518482208
04/19/2024 16:44:37 - INFO - __main__ - ID text: cola_640 - STD: 0.19562673568725586 - GNL: 50.27717590332031 - Loss: 0.059498123824596405
04/19/2024 16:45:46 - INFO - __main__ - ID text: cola_305 - STD: 0.20900915563106537 - GNL: 42.9368896484375 - Loss: 0.03887680917978287
04/19/2024 16:46:56 - INFO - __main__ - ID text: cola_861 - STD: 0.1817205399274826 - GNL: 43.890350341796875 - Loss: 0.2681322395801544
04/19/2024 16:48:05 - INFO - __main__ - ID text: cola_654 - STD: 0.18988005816936493 - GNL: 48.34724807739258 - Loss: 0.08615192770957947
04/19/2024 16:49:14 - INFO - __main__ - ID text: cola_876 - STD: 0.19336940348148346 - GNL: 33.433956146240234 - Loss: 0.2634214460849762
04/19/2024 16:50:24 - INFO - __main__ - ID text: cola_982 - STD: 0.2277764528989792 - GNL: 23.200223922729492 - Loss: 0.3028223514556885
04/19/2024 16:51:32 - INFO - __main__ - ID text: cola_203 - STD: 0.21431094408035278 - GNL: 27.62904930114746 - Loss: 0.28966277837753296
04/19/2024 16:52:40 - INFO - __main__ - ID text: cola_915 - STD: 0.2429075986146927 - GNL: 25.331605911254883 - Loss: 0.6423438191413879
04/19/2024 16:53:49 - INFO - __main__ - ID text: cola_382 - STD: 0.20864860713481903 - GNL: 20.939638137817383 - Loss: 0.21155031025409698
04/19/2024 16:54:58 - INFO - __main__ - ID text: cola_878 - STD: 0.19099976122379303 - GNL: 26.16455841064453 - Loss: 0.28559553623199463
04/19/2024 16:56:07 - INFO - __main__ - ID text: cola_165 - STD: 0.19871337711811066 - GNL: 35.12380599975586 - Loss: 0.15473178029060364
04/19/2024 16:57:15 - INFO - __main__ - ID text: cola_552 - STD: 0.19451189041137695 - GNL: 80.92682647705078 - Loss: 0.014348804950714111
04/19/2024 16:58:24 - INFO - __main__ - ID text: cola_797 - STD: 0.2524678409099579 - GNL: 21.428543090820312 - Loss: 0.658179759979248
04/19/2024 16:59:32 - INFO - __main__ - ID text: cola_543 - STD: 0.19706106185913086 - GNL: 36.71232223510742 - Loss: 0.05492330715060234
04/19/2024 17:00:40 - INFO - __main__ - ID text: cola_0 - STD: 0.22914187610149384 - GNL: 22.288673400878906 - Loss: 0.3181192874908447
04/19/2024 17:01:48 - INFO - __main__ - ID text: cola_613 - STD: 0.21891658008098602 - GNL: 30.06117057800293 - Loss: 0.1903776228427887
04/19/2024 17:02:55 - INFO - __main__ - ID text: cola_331 - STD: 0.19861340522766113 - GNL: 35.4396858215332 - Loss: 0.05149255320429802
04/19/2024 17:04:02 - INFO - __main__ - ID text: cola_500 - STD: 0.20306403934955597 - GNL: 26.64566993713379 - Loss: 0.399067223072052
04/19/2024 17:05:09 - INFO - __main__ - ID text: cola_19 - STD: 0.18905119597911835 - GNL: 31.429176330566406 - Loss: 0.3051427900791168
04/19/2024 17:06:16 - INFO - __main__ - ID text: cola_888 - STD: 0.24259161949157715 - GNL: 15.69866943359375 - Loss: 0.8081968426704407
04/19/2024 17:07:24 - INFO - __main__ - ID text: cola_371 - STD: 0.19912642240524292 - GNL: 33.606990814208984 - Loss: 0.10933980345726013
04/19/2024 17:08:30 - INFO - __main__ - ID text: cola_851 - STD: 0.24119031429290771 - GNL: 15.855243682861328 - Loss: 0.8223457932472229
04/19/2024 17:09:37 - INFO - __main__ - ID text: cola_826 - STD: 0.2131277471780777 - GNL: 26.000036239624023 - Loss: 0.14299601316452026
04/19/2024 17:10:44 - INFO - __main__ - ID text: cola_314 - STD: 0.21931929886341095 - GNL: 23.500356674194336 - Loss: 0.08698645234107971
04/19/2024 17:11:51 - INFO - __main__ - ID text: cola_245 - STD: 0.20706667006015778 - GNL: 30.884231567382812 - Loss: 0.048163846135139465
04/19/2024 17:12:57 - INFO - __main__ - ID text: cola_59 - STD: 0.17744038999080658 - GNL: 108.89178466796875 - Loss: 0.03824165463447571
04/19/2024 17:14:03 - INFO - __main__ - ID text: cola_246 - STD: 0.2239697426557541 - GNL: 23.347620010375977 - Loss: 0.12081629037857056
04/19/2024 17:15:11 - INFO - __main__ - ID text: cola_951 - STD: 0.21012407541275024 - GNL: 32.709110260009766 - Loss: 0.03448449820280075
04/19/2024 17:16:17 - INFO - __main__ - ID text: cola_1022 - STD: 0.21848373115062714 - GNL: 22.221017837524414 - Loss: 0.4161078929901123
04/19/2024 17:17:24 - INFO - __main__ - ID text: cola_87 - STD: 0.17872963845729828 - GNL: 50.99942398071289 - Loss: 0.14757564663887024
04/19/2024 17:18:31 - INFO - __main__ - ID text: cola_749 - STD: 0.20319320261478424 - GNL: 28.053024291992188 - Loss: 0.08633333444595337
04/19/2024 17:19:38 - INFO - __main__ - ID text: cola_497 - STD: 0.17819766700267792 - GNL: 42.28707504272461 - Loss: 0.16144298017024994
04/19/2024 17:20:44 - INFO - __main__ - ID text: cola_835 - STD: 0.1892675906419754 - GNL: 45.61116027832031 - Loss: 0.06821515411138535
04/19/2024 17:21:51 - INFO - __main__ - ID text: cola_70 - STD: 0.21084946393966675 - GNL: 28.967437744140625 - Loss: 0.12109186500310898
04/19/2024 17:22:57 - INFO - __main__ - ID text: cola_1031 - STD: 0.19854404032230377 - GNL: 38.14638900756836 - Loss: 0.1374722421169281
04/19/2024 17:24:04 - INFO - __main__ - ID text: cola_545 - STD: 0.2085997313261032 - GNL: 32.051021575927734 - Loss: 0.05540197342634201
04/19/2024 17:25:10 - INFO - __main__ - ID text: cola_784 - STD: 0.2162090688943863 - GNL: 36.8165397644043 - Loss: 0.08232998102903366
04/19/2024 17:26:17 - INFO - __main__ - ID text: cola_128 - STD: 0.20205865800380707 - GNL: 37.12250518798828 - Loss: 0.08635448664426804
04/19/2024 17:27:23 - INFO - __main__ - ID text: cola_131 - STD: 0.20183677971363068 - GNL: 35.54623031616211 - Loss: 0.08892692625522614
04/19/2024 17:28:30 - INFO - __main__ - ID text: cola_675 - STD: 0.18309654295444489 - GNL: 74.00226593017578 - Loss: 0.02457137405872345
04/19/2024 17:29:36 - INFO - __main__ - ID text: cola_486 - STD: 0.2136116474866867 - GNL: 37.01506423950195 - Loss: 0.059115711599588394
04/19/2024 17:30:43 - INFO - __main__ - ID text: cola_562 - STD: 0.2010376900434494 - GNL: 48.0943717956543 - Loss: 0.02694088965654373
04/19/2024 17:31:49 - INFO - __main__ - ID text: cola_169 - STD: 0.2278551310300827 - GNL: 23.262052536010742 - Loss: 0.7216312289237976
04/19/2024 17:32:56 - INFO - __main__ - ID text: cola_938 - STD: 0.22391842305660248 - GNL: 27.7282657623291 - Loss: 0.3020384609699249
04/19/2024 17:34:02 - INFO - __main__ - ID text: cola_540 - STD: 0.19053928554058075 - GNL: 39.773990631103516 - Loss: 0.057328324764966965
04/19/2024 17:35:08 - INFO - __main__ - ID text: cola_621 - STD: 0.2102915197610855 - GNL: 42.01543426513672 - Loss: 0.018983110785484314
04/19/2024 17:36:14 - INFO - __main__ - ID text: cola_433 - STD: 0.24829508364200592 - GNL: 18.42970085144043 - Loss: 0.7661142945289612
04/19/2024 17:37:20 - INFO - __main__ - ID text: cola_953 - STD: 0.2352810502052307 - GNL: 24.500762939453125 - Loss: 0.7383602261543274
04/19/2024 17:38:26 - INFO - __main__ - ID text: cola_965 - STD: 0.2371029406785965 - GNL: 25.30683135986328 - Loss: 0.6919910907745361
04/19/2024 17:39:34 - INFO - __main__ - ID text: cola_928 - STD: 0.20663952827453613 - GNL: 27.76175880432129 - Loss: 0.4396442472934723
04/19/2024 17:40:42 - INFO - __main__ - ID text: cola_747 - STD: 0.2528857886791229 - GNL: 19.57893943786621 - Loss: 0.6622990369796753
04/19/2024 17:41:49 - INFO - __main__ - ID text: cola_706 - STD: 0.18587450683116913 - GNL: 56.55322265625 - Loss: 0.07928772270679474
04/19/2024 17:42:56 - INFO - __main__ - ID text: cola_205 - STD: 0.18735188245773315 - GNL: 39.91499328613281 - Loss: 0.16539275646209717
04/19/2024 17:44:03 - INFO - __main__ - ID text: cola_730 - STD: 0.20317821204662323 - GNL: 44.0973014831543 - Loss: 0.1527518630027771
04/19/2024 17:45:12 - INFO - __main__ - ID text: cola_319 - STD: 0.21176789700984955 - GNL: 28.4838924407959 - Loss: 0.3960440754890442
04/19/2024 17:46:22 - INFO - __main__ - ID text: cola_926 - STD: 0.24617040157318115 - GNL: 19.140472412109375 - Loss: 0.7225499749183655
04/19/2024 17:47:31 - INFO - __main__ - ID text: cola_687 - STD: 0.17942877113819122 - GNL: 65.33415985107422 - Loss: 0.07435141503810883
04/19/2024 17:48:39 - INFO - __main__ - ID text: cola_665 - STD: 0.2036675363779068 - GNL: 35.536930084228516 - Loss: 0.04566926881670952
04/19/2024 17:49:46 - INFO - __main__ - ID text: cola_866 - STD: 0.21677808463573456 - GNL: 28.828392028808594 - Loss: 0.20467281341552734
04/19/2024 17:50:54 - INFO - __main__ - ID text: cola_448 - STD: 0.18310117721557617 - GNL: 51.727237701416016 - Loss: 0.09523560851812363
04/19/2024 17:52:01 - INFO - __main__ - ID text: cola_529 - STD: 0.24782432615756989 - GNL: 25.239883422851562 - Loss: 0.7028286457061768
04/19/2024 17:53:09 - INFO - __main__ - ID text: cola_462 - STD: 0.19784905016422272 - GNL: 47.334442138671875 - Loss: 0.05285045504570007
04/19/2024 17:54:16 - INFO - __main__ - ID text: cola_123 - STD: 0.20476509630680084 - GNL: 34.56266403198242 - Loss: 0.12724465131759644
04/19/2024 17:55:23 - INFO - __main__ - ID text: cola_253 - STD: 0.21545864641666412 - GNL: 23.685928344726562 - Loss: 0.24088411033153534
04/19/2024 17:56:30 - INFO - __main__ - ID text: cola_230 - STD: 0.2120349407196045 - GNL: 35.08146286010742 - Loss: 0.06529971212148666
04/19/2024 17:57:37 - INFO - __main__ - ID text: cola_908 - STD: 0.20967982709407806 - GNL: 35.97402572631836 - Loss: 0.09098413586616516
04/19/2024 17:58:43 - INFO - __main__ - ID text: cola_346 - STD: 0.2202177494764328 - GNL: 26.590238571166992 - Loss: 0.2661818265914917
04/19/2024 17:59:51 - INFO - __main__ - ID text: cola_21 - STD: 0.20989374816417694 - GNL: 25.237380981445312 - Loss: 0.4867395758628845
04/19/2024 18:00:57 - INFO - __main__ - ID text: cola_602 - STD: 0.2217416763305664 - GNL: 36.85317611694336 - Loss: 0.034930597990751266
04/19/2024 18:02:05 - INFO - __main__ - ID text: cola_567 - STD: 0.21074898540973663 - GNL: 39.70741271972656 - Loss: 0.04331222549080849
04/19/2024 18:03:12 - INFO - __main__ - ID text: cola_235 - STD: 0.24391861259937286 - GNL: 22.9329891204834 - Loss: 0.6273850798606873
04/19/2024 18:04:19 - INFO - __main__ - ID text: cola_806 - STD: 0.2291077971458435 - GNL: 23.476774215698242 - Loss: 0.10061445087194443
04/19/2024 18:05:27 - INFO - __main__ - ID text: cola_225 - STD: 0.21558493375778198 - GNL: 25.24432945251465 - Loss: 0.22827531397342682
04/19/2024 18:06:35 - INFO - __main__ - ID text: cola_7 - STD: 0.1927504986524582 - GNL: 48.41611099243164 - Loss: 0.0698532909154892
04/19/2024 18:07:43 - INFO - __main__ - ID text: cola_72 - STD: 0.2234068661928177 - GNL: 37.6478157043457 - Loss: 0.550577700138092
04/19/2024 18:08:51 - INFO - __main__ - ID text: cola_724 - STD: 0.1853010654449463 - GNL: 50.025238037109375 - Loss: 0.1082528606057167
04/19/2024 18:09:59 - INFO - __main__ - ID text: cola_646 - STD: 0.188346266746521 - GNL: 49.49027633666992 - Loss: 0.016756098717451096
04/19/2024 18:11:08 - INFO - __main__ - ID text: cola_60 - STD: 0.22073858976364136 - GNL: 27.53734016418457 - Loss: 0.14193826913833618
04/19/2024 18:12:16 - INFO - __main__ - ID text: cola_961 - STD: 0.19965779781341553 - GNL: 46.94490432739258 - Loss: 0.09946740418672562
04/19/2024 18:13:25 - INFO - __main__ - ID text: cola_69 - STD: 0.20390735566616058 - GNL: 36.92890930175781 - Loss: 0.06096064671874046
04/19/2024 18:14:33 - INFO - __main__ - ID text: cola_986 - STD: 0.22217118740081787 - GNL: 25.481962203979492 - Loss: 0.24311943352222443
04/19/2024 18:15:42 - INFO - __main__ - ID text: cola_338 - STD: 0.19980019330978394 - GNL: 27.37436866760254 - Loss: 0.44700613617897034
04/19/2024 18:16:50 - INFO - __main__ - ID text: cola_800 - STD: 0.20116913318634033 - GNL: 26.403663635253906 - Loss: 0.20927339792251587
04/19/2024 18:17:58 - INFO - __main__ - ID text: cola_526 - STD: 0.20485633611679077 - GNL: 35.66405487060547 - Loss: 0.21508660912513733
04/19/2024 18:19:06 - INFO - __main__ - ID text: cola_243 - STD: 0.221238911151886 - GNL: 22.98247528076172 - Loss: 0.23105396330356598
04/19/2024 18:20:15 - INFO - __main__ - ID text: cola_1057 - STD: 0.20687855780124664 - GNL: 52.8330192565918 - Loss: 0.018359718844294548
04/19/2024 18:21:23 - INFO - __main__ - ID text: cola_685 - STD: 0.20856648683547974 - GNL: 28.870628356933594 - Loss: 0.25558531284332275
04/19/2024 18:22:32 - INFO - __main__ - ID text: cola_843 - STD: 0.19990287721157074 - GNL: 30.408903121948242 - Loss: 0.3029073476791382
