The following modules were not unloaded:
  (Use "module --force purge" to unload all):

  1) 2023.01   2) StdEnv
04/19/2024 12:47:45 - INFO - pixel.data.rendering.rendering_utils - loading text renderer configuration file https://huggingface.co/Team-PIXEL/pixel-base/resolve/main/text_renderer_config.json from cache at /home2/s3919609/.cache/huggingface/transformers/892d6a02d7c441000de399de59ed70d943a81f7b0f536523b4af1111677a8508.e332b34c9c05756dd4aa51d8fa33461dbd79604752296d185f03f8004db30700
04/19/2024 12:47:45 - INFO - pixel.data.rendering.rendering_utils - loading font file https://huggingface.co/Team-PIXEL/pixel-base/resolve/main/GoNotoCurrent.ttf from cache at /home2/s3919609/.cache/huggingface/transformers/49e6dc219d1a1a1c9236acaf05a48b542002016a6dc877ee72baab085a84257b.3f28e7f4b38e1efe1b6da4a3732404c19d4c6a614ff32dce90a251e293d4ce58
04/19/2024 12:47:45 - INFO - pixel.data.rendering.pygame_renderer - Loading font from /home2/s3919609/.cache/huggingface/transformers/49e6dc219d1a1a1c9236acaf05a48b542002016a6dc877ee72baab085a84257b.3f28e7f4b38e1efe1b6da4a3732404c19d4c6a614ff32dce90a251e293d4ce58
04/19/2024 12:47:45 - INFO - pixel.data.rendering.rendering_utils - Text renderer PyGameTextRenderer {
  "background_color": "white",
  "dpi": 120,
  "font_color": "black",
  "font_file": "49e6dc219d1a1a1c9236acaf05a48b542002016a6dc877ee72baab085a84257b.3f28e7f4b38e1efe1b6da4a3732404c19d4c6a614ff32dce90a251e293d4ce58",
  "font_size": 8,
  "max_seq_length": 256,
  "pad_size": 3,
  "pixels_per_patch": 16,
  "text_renderer_type": "PyGameTextRenderer"
}

04/19/2024 12:47:49 - INFO - pixel.models.pixel.modeling_pixel - position_embeddings: torch.Size([1, 530, 768])
04/19/2024 12:47:49 - INFO - pixel.utils.modeling - Truncating position embeddings to 256
04/19/2024 12:47:49 - INFO - pixel.utils.modeling - Truncating decoder position embeddings to 256
04/19/2024 12:47:49 - INFO - __main__ - Running MONTE CARLO experiment: mask_ratio
04/19/2024 12:47:49 - INFO - __main__ - Mask ratio: 0.5
04/19/2024 12:47:49 - INFO - __main__ - Span length: 6
04/19/2024 12:47:50 - INFO - __main__ - Monte Carlo samples: 100
04/19/2024 12:47:50 - INFO - __main__ - Training mode: True
04/19/2024 12:47:50 - INFO - __main__ - 
######## Computing SDs for task: ner ########

04/19/2024 12:47:50 - INFO - __main__ - 
######## Computing SDs for task: tydiqa ########

04/19/2024 12:47:50 - INFO - __main__ - 
######## Computing SDs for task: glue ########

04/19/2024 12:47:50 - INFO - __main__ - 
######## Language: cola ######## 

04/19/2024 12:48:43 - INFO - __main__ - ID text: cola_228 - STD: 0.1747264266014099 - GNL: 40.39645004272461 - Loss: 0.5326328873634338
04/19/2024 12:49:36 - INFO - __main__ - ID text: cola_51 - STD: 0.19243071973323822 - GNL: 27.25309944152832 - Loss: 0.3313394784927368
04/19/2024 12:50:29 - INFO - __main__ - ID text: cola_563 - STD: 0.34122419357299805 - GNL: 13.298094749450684 - Loss: 0.6866114735603333
04/19/2024 12:51:22 - INFO - __main__ - ID text: cola_501 - STD: 0.19310255348682404 - GNL: 29.333030700683594 - Loss: 0.5991913080215454
04/19/2024 12:52:15 - INFO - __main__ - ID text: cola_457 - STD: 0.18236498534679413 - GNL: 31.66999626159668 - Loss: 0.5399472117424011
04/19/2024 12:53:09 - INFO - __main__ - ID text: cola_285 - STD: 0.2174745351076126 - GNL: 24.49713134765625 - Loss: 0.3060860335826874
04/19/2024 12:54:02 - INFO - __main__ - ID text: cola_209 - STD: 0.16845481097698212 - GNL: 57.58193588256836 - Loss: 0.4333406090736389
04/19/2024 12:54:55 - INFO - __main__ - ID text: cola_178 - STD: 0.19801436364650726 - GNL: 29.184988021850586 - Loss: 0.6202114224433899
04/19/2024 12:55:48 - INFO - __main__ - ID text: cola_864 - STD: 0.21699438989162445 - GNL: 20.11954116821289 - Loss: 0.6794958710670471
04/19/2024 12:56:41 - INFO - __main__ - ID text: cola_65 - STD: 0.19443382322788239 - GNL: 41.45103073120117 - Loss: 0.23557865619659424
04/19/2024 12:57:34 - INFO - __main__ - ID text: cola_61 - STD: 0.20499272644519806 - GNL: 36.26485061645508 - Loss: 0.15486443042755127
04/19/2024 12:58:27 - INFO - __main__ - ID text: cola_191 - STD: 0.22202670574188232 - GNL: 15.147331237792969 - Loss: 0.7744091749191284
04/19/2024 12:59:20 - INFO - __main__ - ID text: cola_447 - STD: 0.16530558466911316 - GNL: 42.44594192504883 - Loss: 0.5807211399078369
04/19/2024 13:00:12 - INFO - __main__ - ID text: cola_476 - STD: 0.20126457512378693 - GNL: 17.182641983032227 - Loss: 0.6348583698272705
04/19/2024 13:01:06 - INFO - __main__ - ID text: cola_1034 - STD: 0.17928101122379303 - GNL: 28.51093101501465 - Loss: 0.4450722932815552
04/19/2024 13:01:58 - INFO - __main__ - ID text: cola_54 - STD: 0.18861837685108185 - GNL: 32.17486572265625 - Loss: 0.45633307099342346
04/19/2024 13:02:51 - INFO - __main__ - ID text: cola_407 - STD: 0.17076170444488525 - GNL: 31.725343704223633 - Loss: 0.5611488223075867
04/19/2024 13:03:45 - INFO - __main__ - ID text: cola_859 - STD: 0.21374845504760742 - GNL: 20.592302322387695 - Loss: 0.6744441390037537
04/19/2024 13:04:39 - INFO - __main__ - ID text: cola_451 - STD: 0.21312250196933746 - GNL: 24.558446884155273 - Loss: 0.19737541675567627
04/19/2024 13:05:33 - INFO - __main__ - ID text: cola_919 - STD: 0.17830707132816315 - GNL: 35.889122009277344 - Loss: 0.7007911205291748
04/19/2024 13:06:27 - INFO - __main__ - ID text: cola_569 - STD: 0.19408221542835236 - GNL: 50.489227294921875 - Loss: 0.06517596542835236
04/19/2024 13:07:20 - INFO - __main__ - ID text: cola_13 - STD: 0.15829674899578094 - GNL: 94.106201171875 - Loss: 0.2734545171260834
04/19/2024 13:08:14 - INFO - __main__ - ID text: cola_326 - STD: 0.19614945352077484 - GNL: 32.47941970825195 - Loss: 0.3281887173652649
04/19/2024 13:09:07 - INFO - __main__ - ID text: cola_865 - STD: 0.19979582726955414 - GNL: 23.654722213745117 - Loss: 0.49129173159599304
04/19/2024 13:10:00 - INFO - __main__ - ID text: cola_696 - STD: 0.16810691356658936 - GNL: 35.1674690246582 - Loss: 0.4706970155239105
04/19/2024 13:10:53 - INFO - __main__ - ID text: cola_1042 - STD: 0.17815430462360382 - GNL: 61.315120697021484 - Loss: 0.545224130153656
04/19/2024 13:11:46 - INFO - __main__ - ID text: cola_318 - STD: 0.18772678077220917 - GNL: 43.99784469604492 - Loss: 0.48026055097579956
04/19/2024 13:12:39 - INFO - __main__ - ID text: cola_440 - STD: 0.18404924869537354 - GNL: 30.62175750732422 - Loss: 0.3044865131378174
04/19/2024 13:13:30 - INFO - __main__ - ID text: cola_689 - STD: 0.18018263578414917 - GNL: 26.690378189086914 - Loss: 0.5625926852226257
04/19/2024 13:14:22 - INFO - __main__ - ID text: cola_1056 - STD: 0.17321443557739258 - GNL: 52.180171966552734 - Loss: 0.5279701352119446
04/19/2024 13:15:13 - INFO - __main__ - ID text: cola_189 - STD: 0.15985547006130219 - GNL: 37.891754150390625 - Loss: 0.5036852955818176
04/19/2024 13:16:05 - INFO - __main__ - ID text: cola_778 - STD: 0.19768184423446655 - GNL: 27.14043617248535 - Loss: 0.35559195280075073
04/19/2024 13:16:56 - INFO - __main__ - ID text: cola_198 - STD: 0.16560232639312744 - GNL: 41.52926254272461 - Loss: 0.5514002442359924
04/19/2024 13:17:48 - INFO - __main__ - ID text: cola_735 - STD: 0.18343020975589752 - GNL: 46.09223937988281 - Loss: 0.22498369216918945
04/19/2024 13:18:41 - INFO - __main__ - ID text: cola_704 - STD: 0.22492527961730957 - GNL: 28.094907760620117 - Loss: 0.2021724134683609
04/19/2024 13:19:32 - INFO - __main__ - ID text: cola_541 - STD: 0.17455367743968964 - GNL: 35.78932189941406 - Loss: 0.473237544298172
04/19/2024 13:20:24 - INFO - __main__ - ID text: cola_88 - STD: 0.16958902776241302 - GNL: 47.057125091552734 - Loss: 0.4699246883392334
04/19/2024 13:21:16 - INFO - __main__ - ID text: cola_940 - STD: 0.1857975274324417 - GNL: 32.781795501708984 - Loss: 0.5042309761047363
04/19/2024 13:22:08 - INFO - __main__ - ID text: cola_255 - STD: 0.18350999057292938 - GNL: 49.25263595581055 - Loss: 0.2704036831855774
04/19/2024 13:22:59 - INFO - __main__ - ID text: cola_775 - STD: 0.19109445810317993 - GNL: 45.43326187133789 - Loss: 0.2672494947910309
04/19/2024 13:23:52 - INFO - __main__ - ID text: cola_80 - STD: 0.17391806840896606 - GNL: 65.5093765258789 - Loss: 0.29468023777008057
04/19/2024 13:24:43 - INFO - __main__ - ID text: cola_565 - STD: 0.15556301176548004 - GNL: 65.69304656982422 - Loss: 0.4679220914840698
04/19/2024 13:25:35 - INFO - __main__ - ID text: cola_300 - STD: 0.20474225282669067 - GNL: 24.842557907104492 - Loss: 0.30996134877204895
04/19/2024 13:26:27 - INFO - __main__ - ID text: cola_849 - STD: 0.16505692899227142 - GNL: 39.32114028930664 - Loss: 0.8845778107643127
04/19/2024 13:27:19 - INFO - __main__ - ID text: cola_643 - STD: 0.191775381565094 - GNL: 29.20766258239746 - Loss: 0.3123539984226227
04/19/2024 13:28:11 - INFO - __main__ - ID text: cola_633 - STD: 0.17681153118610382 - GNL: 73.64644622802734 - Loss: 0.4097626209259033
04/19/2024 13:29:03 - INFO - __main__ - ID text: cola_906 - STD: 0.1663474291563034 - GNL: 39.204994201660156 - Loss: 0.7250382304191589
04/19/2024 13:29:54 - INFO - __main__ - ID text: cola_882 - STD: 0.18298572301864624 - GNL: 41.899696350097656 - Loss: 0.43973174691200256
04/19/2024 13:30:46 - INFO - __main__ - ID text: cola_370 - STD: 0.16668905317783356 - GNL: 26.02787208557129 - Loss: 0.5302844047546387
04/19/2024 13:31:37 - INFO - __main__ - ID text: cola_591 - STD: 0.1795879453420639 - GNL: 47.5295295715332 - Loss: 0.4045158326625824
04/19/2024 13:32:29 - INFO - __main__ - ID text: cola_196 - STD: 0.15450754761695862 - GNL: 40.19757080078125 - Loss: 0.5526871681213379
04/19/2024 13:33:20 - INFO - __main__ - ID text: cola_721 - STD: 0.20197944343090057 - GNL: 42.315731048583984 - Loss: 0.18374277651309967
04/19/2024 13:34:12 - INFO - __main__ - ID text: cola_71 - STD: 0.20974935591220856 - GNL: 23.429292678833008 - Loss: 0.6608511209487915
04/19/2024 13:35:04 - INFO - __main__ - ID text: cola_46 - STD: 0.19566737115383148 - GNL: 19.470491409301758 - Loss: 0.5341432690620422
04/19/2024 13:35:57 - INFO - __main__ - ID text: cola_677 - STD: 0.1775905340909958 - GNL: 76.63909149169922 - Loss: 0.4254111349582672
04/19/2024 13:36:50 - INFO - __main__ - ID text: cola_233 - STD: 0.17510372400283813 - GNL: 44.34357833862305 - Loss: 0.21669407188892365
04/19/2024 13:37:43 - INFO - __main__ - ID text: cola_791 - STD: 0.19039510190486908 - GNL: 34.112579345703125 - Loss: 0.40187525749206543
04/19/2024 13:38:35 - INFO - __main__ - ID text: cola_296 - STD: 0.21144723892211914 - GNL: 27.81928253173828 - Loss: 0.5788512825965881
04/19/2024 13:39:28 - INFO - __main__ - ID text: cola_81 - STD: 0.2321866750717163 - GNL: 18.21274757385254 - Loss: 0.722058892250061
04/19/2024 13:40:21 - INFO - __main__ - ID text: cola_875 - STD: 0.18830889463424683 - GNL: 28.922203063964844 - Loss: 0.5823670625686646
04/19/2024 13:41:14 - INFO - __main__ - ID text: cola_238 - STD: 0.18773329257965088 - GNL: 40.18949890136719 - Loss: 0.3051423728466034
04/19/2024 13:42:06 - INFO - __main__ - ID text: cola_887 - STD: 0.23186583817005157 - GNL: 15.309433937072754 - Loss: 0.7607110738754272
04/19/2024 13:42:57 - INFO - __main__ - ID text: cola_103 - STD: 0.1790868192911148 - GNL: 37.17524719238281 - Loss: 0.4965060353279114
04/19/2024 13:43:49 - INFO - __main__ - ID text: cola_389 - STD: 0.21675114333629608 - GNL: 20.45780372619629 - Loss: 0.44845902919769287
04/19/2024 13:44:40 - INFO - __main__ - ID text: cola_284 - STD: 0.1912933588027954 - GNL: 25.636018753051758 - Loss: 0.35285836458206177
04/19/2024 13:45:32 - INFO - __main__ - ID text: cola_464 - STD: 0.24800901114940643 - GNL: 10.677058219909668 - Loss: 0.6255012154579163
04/19/2024 13:46:24 - INFO - __main__ - ID text: cola_650 - STD: 0.18294452130794525 - GNL: 44.32810974121094 - Loss: 0.40203869342803955
04/19/2024 13:47:15 - INFO - __main__ - ID text: cola_854 - STD: 0.1942356824874878 - GNL: 27.775209426879883 - Loss: 0.7658094763755798
04/19/2024 13:48:07 - INFO - __main__ - ID text: cola_373 - STD: 0.16808418929576874 - GNL: 40.02098846435547 - Loss: 0.4620608985424042
04/19/2024 13:48:58 - INFO - __main__ - ID text: cola_166 - STD: 0.19602756202220917 - GNL: 24.404808044433594 - Loss: 0.7402068376541138
04/19/2024 13:49:50 - INFO - __main__ - ID text: cola_379 - STD: 0.17032550275325775 - GNL: 57.953006744384766 - Loss: 0.4431869387626648
04/19/2024 13:50:41 - INFO - __main__ - ID text: cola_363 - STD: 0.21773095428943634 - GNL: 25.662221908569336 - Loss: 0.679240345954895
04/19/2024 13:51:33 - INFO - __main__ - ID text: cola_214 - STD: 0.19177930057048798 - GNL: 32.930484771728516 - Loss: 0.35294288396835327
04/19/2024 13:52:24 - INFO - __main__ - ID text: cola_686 - STD: 0.1815948337316513 - GNL: 41.07991027832031 - Loss: 0.49121731519699097
04/19/2024 13:53:15 - INFO - __main__ - ID text: cola_273 - STD: 0.22670428454875946 - GNL: 15.703831672668457 - Loss: 0.7588688731193542
04/19/2024 13:54:06 - INFO - __main__ - ID text: cola_718 - STD: 0.1750214695930481 - GNL: 38.3879280090332 - Loss: 0.3722638785839081
04/19/2024 13:54:57 - INFO - __main__ - ID text: cola_959 - STD: 0.23398591578006744 - GNL: 18.7194766998291 - Loss: 0.7107009887695312
04/19/2024 13:55:49 - INFO - __main__ - ID text: cola_699 - STD: 0.2105368822813034 - GNL: 15.487837791442871 - Loss: 0.3155902922153473
04/19/2024 13:56:40 - INFO - __main__ - ID text: cola_663 - STD: 0.17231468856334686 - GNL: 38.084163665771484 - Loss: 0.48361146450042725
04/19/2024 13:57:31 - INFO - __main__ - ID text: cola_73 - STD: 0.18350428342819214 - GNL: 35.37220764160156 - Loss: 0.41327300667762756
04/19/2024 13:58:22 - INFO - __main__ - ID text: cola_623 - STD: 0.18618202209472656 - GNL: 23.989492416381836 - Loss: 0.3169901371002197
04/19/2024 13:59:13 - INFO - __main__ - ID text: cola_996 - STD: 0.19380740821361542 - GNL: 20.72403907775879 - Loss: 0.6507377624511719
04/19/2024 14:00:04 - INFO - __main__ - ID text: cola_175 - STD: 0.1850295513868332 - GNL: 25.507720947265625 - Loss: 0.4748772382736206
04/19/2024 14:00:54 - INFO - __main__ - ID text: cola_546 - STD: 0.28895172476768494 - GNL: 13.500094413757324 - Loss: 0.6078094840049744
04/19/2024 14:01:45 - INFO - __main__ - ID text: cola_746 - STD: 0.22767557203769684 - GNL: 17.543642044067383 - Loss: 0.7835069298744202
04/19/2024 14:02:36 - INFO - __main__ - ID text: cola_250 - STD: 0.18304313719272614 - GNL: 35.20420837402344 - Loss: 0.4299365282058716
04/19/2024 14:03:27 - INFO - __main__ - ID text: cola_167 - STD: 0.20648182928562164 - GNL: 27.06114959716797 - Loss: 0.7197134494781494
04/19/2024 14:04:20 - INFO - __main__ - ID text: cola_473 - STD: 0.15458518266677856 - GNL: 38.10336685180664 - Loss: 0.6546769142150879
04/19/2024 14:05:12 - INFO - __main__ - ID text: cola_388 - STD: 0.2063566893339157 - GNL: 27.766769409179688 - Loss: 0.6290385723114014
04/19/2024 14:06:04 - INFO - __main__ - ID text: cola_276 - STD: 0.19376711547374725 - GNL: 28.47858238220215 - Loss: 0.42956921458244324
04/19/2024 14:06:56 - INFO - __main__ - ID text: cola_947 - STD: 0.1853945255279541 - GNL: 24.314834594726562 - Loss: 0.3201078474521637
04/19/2024 14:07:48 - INFO - __main__ - ID text: cola_655 - STD: 0.1716640442609787 - GNL: 69.60086059570312 - Loss: 0.32179149985313416
04/19/2024 14:08:40 - INFO - __main__ - ID text: cola_1028 - STD: 0.22957433760166168 - GNL: 18.524456024169922 - Loss: 0.7962719202041626
04/19/2024 14:09:32 - INFO - __main__ - ID text: cola_570 - STD: 0.22615855932235718 - GNL: 25.57756233215332 - Loss: 0.20976872742176056
04/19/2024 14:10:24 - INFO - __main__ - ID text: cola_224 - STD: 0.17928765714168549 - GNL: 28.398958206176758 - Loss: 0.5802074074745178
04/19/2024 14:11:15 - INFO - __main__ - ID text: cola_701 - STD: 0.18655793368816376 - GNL: 28.875993728637695 - Loss: 0.766390860080719
04/19/2024 14:12:06 - INFO - __main__ - ID text: cola_332 - STD: 0.1853371113538742 - GNL: 30.110727310180664 - Loss: 0.3783170282840729
04/19/2024 14:12:57 - INFO - __main__ - ID text: cola_863 - STD: 0.2058667093515396 - GNL: 15.837992668151855 - Loss: 0.6534286737442017
04/19/2024 14:13:48 - INFO - __main__ - ID text: cola_786 - STD: 0.18772542476654053 - GNL: 24.331533432006836 - Loss: 0.7901134490966797
04/19/2024 14:14:38 - INFO - __main__ - ID text: cola_794 - STD: 0.16126374900341034 - GNL: 81.50247192382812 - Loss: 0.31498879194259644
04/19/2024 14:15:29 - INFO - __main__ - ID text: cola_57 - STD: 0.18916918337345123 - GNL: 36.89570999145508 - Loss: 0.4550517201423645
04/19/2024 14:16:20 - INFO - __main__ - ID text: cola_234 - STD: 0.20221911370754242 - GNL: 23.84825325012207 - Loss: 0.346794992685318
04/19/2024 14:17:10 - INFO - __main__ - ID text: cola_841 - STD: 0.1728760451078415 - GNL: 37.56977462768555 - Loss: 0.40530532598495483
04/19/2024 14:18:01 - INFO - __main__ - ID text: cola_32 - STD: 0.21432168781757355 - GNL: 19.189804077148438 - Loss: 0.7232586145401001
04/19/2024 14:18:51 - INFO - __main__ - ID text: cola_824 - STD: 0.20555375516414642 - GNL: 23.54817008972168 - Loss: 0.39636150002479553
04/19/2024 14:19:41 - INFO - __main__ - ID text: cola_323 - STD: 0.21797524392604828 - GNL: 23.814176559448242 - Loss: 0.44952166080474854
04/19/2024 14:20:30 - INFO - __main__ - ID text: cola_410 - STD: 0.1747450977563858 - GNL: 36.87604904174805 - Loss: 0.24810881912708282
04/19/2024 14:21:20 - INFO - __main__ - ID text: cola_274 - STD: 0.21110403537750244 - GNL: 32.40784454345703 - Loss: 0.12971384823322296
04/19/2024 14:22:10 - INFO - __main__ - ID text: cola_67 - STD: 0.15815161168575287 - GNL: 45.91862869262695 - Loss: 0.4990990459918976
04/19/2024 14:23:00 - INFO - __main__ - ID text: cola_216 - STD: 0.22168076038360596 - GNL: 20.185157775878906 - Loss: 0.6853594779968262
04/19/2024 14:23:50 - INFO - __main__ - ID text: cola_935 - STD: 0.17091329395771027 - GNL: 55.21388626098633 - Loss: 0.6929779052734375
04/19/2024 14:24:40 - INFO - __main__ - ID text: cola_580 - STD: 0.21151424944400787 - GNL: 24.010202407836914 - Loss: 0.7218368053436279
04/19/2024 14:25:30 - INFO - __main__ - ID text: cola_897 - STD: 0.18780149519443512 - GNL: 28.4774112701416 - Loss: 0.4004096984863281
04/19/2024 14:26:20 - INFO - __main__ - ID text: cola_1029 - STD: 0.21355180442333221 - GNL: 27.67630958557129 - Loss: 0.038908250629901886
04/19/2024 14:27:10 - INFO - __main__ - ID text: cola_322 - STD: 0.16585838794708252 - GNL: 45.14366149902344 - Loss: 0.5073138475418091
04/19/2024 14:28:00 - INFO - __main__ - ID text: cola_217 - STD: 0.2180529236793518 - GNL: 28.611238479614258 - Loss: 0.269957035779953
04/19/2024 14:28:50 - INFO - __main__ - ID text: cola_671 - STD: 0.34718987345695496 - GNL: 10.449310302734375 - Loss: 0.6535812616348267
04/19/2024 14:29:40 - INFO - __main__ - ID text: cola_511 - STD: 0.23394455015659332 - GNL: 16.951154708862305 - Loss: 0.7927164435386658
04/19/2024 14:30:30 - INFO - __main__ - ID text: cola_405 - STD: 0.20083202421665192 - GNL: 24.855606079101562 - Loss: 0.45111358165740967
04/19/2024 14:31:20 - INFO - __main__ - ID text: cola_905 - STD: 0.17715586721897125 - GNL: 33.570404052734375 - Loss: 0.6653121113777161
04/19/2024 14:32:09 - INFO - __main__ - ID text: cola_936 - STD: 0.20585741102695465 - GNL: 25.98851203918457 - Loss: 0.31534767150878906
04/19/2024 14:32:59 - INFO - __main__ - ID text: cola_658 - STD: 0.20862168073654175 - GNL: 23.054845809936523 - Loss: 0.64020174741745
04/19/2024 14:33:49 - INFO - __main__ - ID text: cola_469 - STD: 0.182294562458992 - GNL: 25.480131149291992 - Loss: 0.6743254065513611
04/19/2024 14:34:39 - INFO - __main__ - ID text: cola_146 - STD: 0.183729350566864 - GNL: 29.890974044799805 - Loss: 0.4446603059768677
04/19/2024 14:35:30 - INFO - __main__ - ID text: cola_271 - STD: 0.16044285893440247 - GNL: 44.4091682434082 - Loss: 0.4652080237865448
04/19/2024 14:36:20 - INFO - __main__ - ID text: cola_142 - STD: 0.19563180208206177 - GNL: 32.55805587768555 - Loss: 0.5473301410675049
04/19/2024 14:37:11 - INFO - __main__ - ID text: cola_252 - STD: 0.1884927898645401 - GNL: 31.6779727935791 - Loss: 0.4521225690841675
04/19/2024 14:38:02 - INFO - __main__ - ID text: cola_762 - STD: 0.220007061958313 - GNL: 21.1455078125 - Loss: 0.767488956451416
04/19/2024 14:38:52 - INFO - __main__ - ID text: cola_574 - STD: 0.17155569791793823 - GNL: 52.012969970703125 - Loss: 0.43705055117607117
04/19/2024 14:39:43 - INFO - __main__ - ID text: cola_551 - STD: 0.17140020430088043 - GNL: 54.652740478515625 - Loss: 0.2658233344554901
04/19/2024 14:40:33 - INFO - __main__ - ID text: cola_269 - STD: 0.18347401916980743 - GNL: 34.11159133911133 - Loss: 0.5081256628036499
04/19/2024 14:41:24 - INFO - __main__ - ID text: cola_764 - STD: 0.2795928120613098 - GNL: 15.41653823852539 - Loss: 0.8481734395027161
04/19/2024 14:42:15 - INFO - __main__ - ID text: cola_598 - STD: 0.17939215898513794 - GNL: 29.377687454223633 - Loss: 0.7082129120826721
04/19/2024 14:43:06 - INFO - __main__ - ID text: cola_438 - STD: 0.2015877217054367 - GNL: 24.197050094604492 - Loss: 0.3551231324672699
04/19/2024 14:43:58 - INFO - __main__ - ID text: cola_1043 - STD: 0.19895708560943604 - GNL: 43.01826858520508 - Loss: 0.04012548550963402
04/19/2024 14:44:50 - INFO - __main__ - ID text: cola_597 - STD: 0.20373719930648804 - GNL: 21.585676193237305 - Loss: 0.5607756972312927
04/19/2024 14:45:43 - INFO - __main__ - ID text: cola_408 - STD: 0.20803086459636688 - GNL: 20.1685733795166 - Loss: 0.6652578711509705
04/19/2024 14:46:35 - INFO - __main__ - ID text: cola_1014 - STD: 0.20447112619876862 - GNL: 26.969511032104492 - Loss: 0.20013588666915894
04/19/2024 14:47:28 - INFO - __main__ - ID text: cola_968 - STD: 0.22178451716899872 - GNL: 20.220048904418945 - Loss: 0.2928078770637512
04/19/2024 14:48:20 - INFO - __main__ - ID text: cola_141 - STD: 0.19812840223312378 - GNL: 30.86103057861328 - Loss: 0.4502691328525543
04/19/2024 14:49:12 - INFO - __main__ - ID text: cola_521 - STD: 0.20246636867523193 - GNL: 28.90500831604004 - Loss: 0.22814777493476868
04/19/2024 14:50:04 - INFO - __main__ - ID text: cola_505 - STD: 0.19874043762683868 - GNL: 34.10102081298828 - Loss: 0.338083952665329
04/19/2024 14:50:55 - INFO - __main__ - ID text: cola_93 - STD: 0.16777102649211884 - GNL: 68.2049331665039 - Loss: 0.45059096813201904
04/19/2024 14:51:47 - INFO - __main__ - ID text: cola_773 - STD: 0.19879388809204102 - GNL: 27.446678161621094 - Loss: 0.2556522786617279
04/19/2024 14:52:39 - INFO - __main__ - ID text: cola_48 - STD: 0.190419003367424 - GNL: 18.826751708984375 - Loss: 0.6028896570205688
04/19/2024 14:53:31 - INFO - __main__ - ID text: cola_881 - STD: 0.18856923282146454 - GNL: 43.565738677978516 - Loss: 0.1386566013097763
04/19/2024 14:54:23 - INFO - __main__ - ID text: cola_112 - STD: 0.18299031257629395 - GNL: 37.519535064697266 - Loss: 0.4451654851436615
04/19/2024 14:55:16 - INFO - __main__ - ID text: cola_156 - STD: 0.18646705150604248 - GNL: 24.390792846679688 - Loss: 0.5594078302383423
04/19/2024 14:56:08 - INFO - __main__ - ID text: cola_642 - STD: 0.16188013553619385 - GNL: 62.5901985168457 - Loss: 0.26425227522850037
04/19/2024 14:57:00 - INFO - __main__ - ID text: cola_163 - STD: 0.18511147797107697 - GNL: 32.06538772583008 - Loss: 0.3661562204360962
04/19/2024 14:57:52 - INFO - __main__ - ID text: cola_811 - STD: 0.2164301723241806 - GNL: 18.388019561767578 - Loss: 0.7404325008392334
04/19/2024 14:58:44 - INFO - __main__ - ID text: cola_1038 - STD: 0.1617918461561203 - GNL: 44.079681396484375 - Loss: 0.6106057167053223
04/19/2024 14:59:35 - INFO - __main__ - ID text: cola_432 - STD: 0.21211326122283936 - GNL: 30.973756790161133 - Loss: 0.14160223305225372
04/19/2024 15:00:25 - INFO - __main__ - ID text: cola_610 - STD: 0.20694886147975922 - GNL: 22.78861427307129 - Loss: 0.3038538694381714
04/19/2024 15:01:16 - INFO - __main__ - ID text: cola_1053 - STD: 0.19058136641979218 - GNL: 35.416996002197266 - Loss: 0.5224224328994751
04/19/2024 15:02:07 - INFO - __main__ - ID text: cola_394 - STD: 0.190094456076622 - GNL: 33.1815071105957 - Loss: 0.5890297889709473
04/19/2024 15:02:58 - INFO - __main__ - ID text: cola_390 - STD: 0.18117421865463257 - GNL: 24.321395874023438 - Loss: 0.4368661940097809
04/19/2024 15:03:50 - INFO - __main__ - ID text: cola_909 - STD: 0.2353007197380066 - GNL: 17.906005859375 - Loss: 0.8009238243103027
04/19/2024 15:04:41 - INFO - __main__ - ID text: cola_479 - STD: 0.22323954105377197 - GNL: 18.95160484313965 - Loss: 0.6952914595603943
04/19/2024 15:05:33 - INFO - __main__ - ID text: cola_1027 - STD: 0.19275660812854767 - GNL: 22.962865829467773 - Loss: 0.4032774269580841
04/19/2024 15:06:24 - INFO - __main__ - ID text: cola_257 - STD: 0.2093927413225174 - GNL: 27.503225326538086 - Loss: 0.6168853640556335
04/19/2024 15:07:15 - INFO - __main__ - ID text: cola_566 - STD: 0.2218754142522812 - GNL: 22.27142333984375 - Loss: 0.7018824815750122
04/19/2024 15:08:06 - INFO - __main__ - ID text: cola_917 - STD: 0.17724430561065674 - GNL: 59.88057327270508 - Loss: 0.4737046957015991
04/19/2024 15:08:57 - INFO - __main__ - ID text: cola_11 - STD: 0.16484928131103516 - GNL: 47.8118782043457 - Loss: 0.3374914824962616
04/19/2024 15:09:48 - INFO - __main__ - ID text: cola_911 - STD: 0.19249172508716583 - GNL: 20.764890670776367 - Loss: 0.251426637172699
04/19/2024 15:10:39 - INFO - __main__ - ID text: cola_738 - STD: 0.18211877346038818 - GNL: 48.97732162475586 - Loss: 0.3464738428592682
04/19/2024 15:11:30 - INFO - __main__ - ID text: cola_117 - STD: 0.22425030171871185 - GNL: 20.13503074645996 - Loss: 0.7049476504325867
04/19/2024 15:12:21 - INFO - __main__ - ID text: cola_698 - STD: 0.20688271522521973 - GNL: 27.554636001586914 - Loss: 0.45488953590393066
04/19/2024 15:13:12 - INFO - __main__ - ID text: cola_549 - STD: 0.35747647285461426 - GNL: 9.644458770751953 - Loss: 0.3496498465538025
04/19/2024 15:14:03 - INFO - __main__ - ID text: cola_768 - STD: 0.16390907764434814 - GNL: 50.957035064697266 - Loss: 0.5443294644355774
04/19/2024 15:14:53 - INFO - __main__ - ID text: cola_988 - STD: 0.18258832395076752 - GNL: 24.414573669433594 - Loss: 0.6345418691635132
04/19/2024 15:15:44 - INFO - __main__ - ID text: cola_787 - STD: 0.2187519520521164 - GNL: 19.960956573486328 - Loss: 0.43831920623779297
04/19/2024 15:16:36 - INFO - __main__ - ID text: cola_656 - STD: 0.1761324256658554 - GNL: 46.628910064697266 - Loss: 0.3524506092071533
04/19/2024 15:17:28 - INFO - __main__ - ID text: cola_348 - STD: 0.2056930661201477 - GNL: 35.396331787109375 - Loss: 0.4930754601955414
04/19/2024 15:18:19 - INFO - __main__ - ID text: cola_114 - STD: 0.1792304664850235 - GNL: 53.856231689453125 - Loss: 0.10915657132863998
04/19/2024 15:19:11 - INFO - __main__ - ID text: cola_1020 - STD: 0.18740670382976532 - GNL: 38.94026565551758 - Loss: 0.46407172083854675
04/19/2024 15:20:02 - INFO - __main__ - ID text: cola_445 - STD: 0.18777363002300262 - GNL: 44.16389465332031 - Loss: 0.2107110619544983
04/19/2024 15:20:53 - INFO - __main__ - ID text: cola_161 - STD: 0.186456561088562 - GNL: 32.36262130737305 - Loss: 0.504094660282135
04/19/2024 15:21:44 - INFO - __main__ - ID text: cola_997 - STD: 0.18869370222091675 - GNL: 27.408388137817383 - Loss: 0.44961875677108765
04/19/2024 15:22:36 - INFO - __main__ - ID text: cola_3 - STD: 0.18392352759838104 - GNL: 58.96427536010742 - Loss: 0.6442102193832397
04/19/2024 15:23:27 - INFO - __main__ - ID text: cola_739 - STD: 0.1674288958311081 - GNL: 29.299331665039062 - Loss: 0.9661669135093689
04/19/2024 15:24:19 - INFO - __main__ - ID text: cola_736 - STD: 0.17173273861408234 - GNL: 81.37361145019531 - Loss: 0.42150723934173584
04/19/2024 15:25:11 - INFO - __main__ - ID text: cola_932 - STD: 0.2165953665971756 - GNL: 17.923105239868164 - Loss: 0.7226560711860657
04/19/2024 15:26:03 - INFO - __main__ - ID text: cola_512 - STD: 0.20174230635166168 - GNL: 23.31540870666504 - Loss: 0.7860329151153564
04/19/2024 15:26:54 - INFO - __main__ - ID text: cola_780 - STD: 0.17985312640666962 - GNL: 30.788223266601562 - Loss: 0.5768044590950012
04/19/2024 15:27:46 - INFO - __main__ - ID text: cola_182 - STD: 0.22701437771320343 - GNL: 16.308015823364258 - Loss: 0.7908336520195007
04/19/2024 15:28:36 - INFO - __main__ - ID text: cola_519 - STD: 0.20766931772232056 - GNL: 35.47951889038086 - Loss: 0.5416586995124817
04/19/2024 15:29:27 - INFO - __main__ - ID text: cola_108 - STD: 0.1891181617975235 - GNL: 39.4400749206543 - Loss: 0.4326075613498688
04/19/2024 15:30:18 - INFO - __main__ - ID text: cola_640 - STD: 0.17136335372924805 - GNL: 63.276729583740234 - Loss: 0.4576650857925415
04/19/2024 15:31:09 - INFO - __main__ - ID text: cola_305 - STD: 0.17398448288440704 - GNL: 49.6620979309082 - Loss: 0.21521881222724915
04/19/2024 15:32:00 - INFO - __main__ - ID text: cola_861 - STD: 0.16611413657665253 - GNL: 44.59249496459961 - Loss: 0.5434945225715637
04/19/2024 15:32:51 - INFO - __main__ - ID text: cola_654 - STD: 0.15573416650295258 - GNL: 72.53992462158203 - Loss: 0.48809054493904114
04/19/2024 15:33:43 - INFO - __main__ - ID text: cola_876 - STD: 0.1538337916135788 - GNL: 42.17961120605469 - Loss: 0.5739650726318359
04/19/2024 15:34:34 - INFO - __main__ - ID text: cola_982 - STD: 0.20029900968074799 - GNL: 22.269716262817383 - Loss: 0.49318352341651917
04/19/2024 15:35:26 - INFO - __main__ - ID text: cola_203 - STD: 0.17584030330181122 - GNL: 34.27693176269531 - Loss: 0.36276739835739136
04/19/2024 15:36:17 - INFO - __main__ - ID text: cola_915 - STD: 0.22266460955142975 - GNL: 21.656707763671875 - Loss: 0.6858994960784912
04/19/2024 15:37:09 - INFO - __main__ - ID text: cola_382 - STD: 0.20419685542583466 - GNL: 22.4689884185791 - Loss: 0.525351881980896
04/19/2024 15:38:00 - INFO - __main__ - ID text: cola_878 - STD: 0.15973421931266785 - GNL: 35.09318542480469 - Loss: 0.5963218808174133
04/19/2024 15:38:52 - INFO - __main__ - ID text: cola_165 - STD: 0.20889735221862793 - GNL: 21.798995971679688 - Loss: 0.4265960454940796
04/19/2024 15:39:43 - INFO - __main__ - ID text: cola_552 - STD: 0.16862653195858002 - GNL: 81.82271575927734 - Loss: 0.181027352809906
04/19/2024 15:40:39 - INFO - __main__ - ID text: cola_797 - STD: 0.22086399793624878 - GNL: 21.355972290039062 - Loss: 0.7337060570716858
04/19/2024 15:41:30 - INFO - __main__ - ID text: cola_543 - STD: 0.19214189052581787 - GNL: 51.4106559753418 - Loss: 0.4840331971645355
04/19/2024 15:42:22 - INFO - __main__ - ID text: cola_0 - STD: 0.18796192109584808 - GNL: 28.094087600708008 - Loss: 0.45052090287208557
04/19/2024 15:43:13 - INFO - __main__ - ID text: cola_613 - STD: 0.20426462590694427 - GNL: 23.60455322265625 - Loss: 0.23531660437583923
04/19/2024 15:44:04 - INFO - __main__ - ID text: cola_331 - STD: 0.20472002029418945 - GNL: 31.03120231628418 - Loss: 0.369922935962677
04/19/2024 15:44:56 - INFO - __main__ - ID text: cola_500 - STD: 0.19347958266735077 - GNL: 30.271100997924805 - Loss: 0.5261474251747131
04/19/2024 15:45:47 - INFO - __main__ - ID text: cola_19 - STD: 0.17237664759159088 - GNL: 28.679855346679688 - Loss: 0.6284602284431458
04/19/2024 15:46:38 - INFO - __main__ - ID text: cola_888 - STD: 0.23914696276187897 - GNL: 14.486766815185547 - Loss: 0.6251559853553772
04/19/2024 15:47:29 - INFO - __main__ - ID text: cola_371 - STD: 0.1932578682899475 - GNL: 26.47258949279785 - Loss: 0.5134568214416504
04/19/2024 15:48:20 - INFO - __main__ - ID text: cola_851 - STD: 0.2143334597349167 - GNL: 19.205642700195312 - Loss: 0.8210818767547607
04/19/2024 15:49:11 - INFO - __main__ - ID text: cola_826 - STD: 0.1985822468996048 - GNL: 27.27396583557129 - Loss: 0.5427753329277039
04/19/2024 15:50:03 - INFO - __main__ - ID text: cola_314 - STD: 0.18671536445617676 - GNL: 27.701589584350586 - Loss: 0.4829697906970978
04/19/2024 15:50:55 - INFO - __main__ - ID text: cola_245 - STD: 0.20339620113372803 - GNL: 27.51953887939453 - Loss: 0.2461554855108261
04/19/2024 15:51:46 - INFO - __main__ - ID text: cola_59 - STD: 0.15505002439022064 - GNL: 87.51457977294922 - Loss: 0.48401591181755066
04/19/2024 15:52:38 - INFO - __main__ - ID text: cola_246 - STD: 0.17710785567760468 - GNL: 29.45762062072754 - Loss: 0.48907986283302307
04/19/2024 15:53:30 - INFO - __main__ - ID text: cola_951 - STD: 0.19837965071201324 - GNL: 42.371063232421875 - Loss: 0.2629871666431427
04/19/2024 15:54:22 - INFO - __main__ - ID text: cola_1022 - STD: 0.19141124188899994 - GNL: 22.64573860168457 - Loss: 0.6116249561309814
04/19/2024 15:55:14 - INFO - __main__ - ID text: cola_87 - STD: 0.18551160395145416 - GNL: 52.22911071777344 - Loss: 0.372615247964859
04/19/2024 15:56:05 - INFO - __main__ - ID text: cola_749 - STD: 0.1895921230316162 - GNL: 32.67167282104492 - Loss: 0.646755576133728
04/19/2024 15:56:57 - INFO - __main__ - ID text: cola_497 - STD: 0.18804652988910675 - GNL: 31.52821159362793 - Loss: 0.49375230073928833
04/19/2024 15:57:48 - INFO - __main__ - ID text: cola_835 - STD: 0.1885647028684616 - GNL: 48.12110900878906 - Loss: 0.4660234749317169
04/19/2024 15:58:39 - INFO - __main__ - ID text: cola_70 - STD: 0.17971163988113403 - GNL: 34.019325256347656 - Loss: 0.6146165132522583
04/19/2024 15:59:31 - INFO - __main__ - ID text: cola_1031 - STD: 0.1960984319448471 - GNL: 24.80124855041504 - Loss: 0.3750854432582855
04/19/2024 16:00:22 - INFO - __main__ - ID text: cola_545 - STD: 0.188324972987175 - GNL: 26.347923278808594 - Loss: 0.35848820209503174
04/19/2024 16:01:13 - INFO - __main__ - ID text: cola_784 - STD: 0.18789415061473846 - GNL: 39.69600296020508 - Loss: 0.16844816505908966
04/19/2024 16:02:03 - INFO - __main__ - ID text: cola_128 - STD: 0.19530443847179413 - GNL: 27.642133712768555 - Loss: 0.4999670088291168
04/19/2024 16:02:55 - INFO - __main__ - ID text: cola_131 - STD: 0.16267943382263184 - GNL: 40.469539642333984 - Loss: 0.5171716809272766
04/19/2024 16:03:46 - INFO - __main__ - ID text: cola_675 - STD: 0.15274308621883392 - GNL: 112.93545532226562 - Loss: 0.5397327542304993
04/19/2024 16:04:37 - INFO - __main__ - ID text: cola_486 - STD: 0.19829301536083221 - GNL: 35.58646011352539 - Loss: 0.4510827660560608
04/19/2024 16:05:29 - INFO - __main__ - ID text: cola_562 - STD: 0.1834665983915329 - GNL: 38.387935638427734 - Loss: 0.20885950326919556
04/19/2024 16:06:21 - INFO - __main__ - ID text: cola_169 - STD: 0.2172425389289856 - GNL: 19.65488052368164 - Loss: 0.8453623056411743
04/19/2024 16:07:13 - INFO - __main__ - ID text: cola_938 - STD: 0.21178920567035675 - GNL: 16.89759635925293 - Loss: 0.6455655097961426
04/19/2024 16:08:06 - INFO - __main__ - ID text: cola_540 - STD: 0.15922603011131287 - GNL: 44.000606536865234 - Loss: 0.3783918619155884
04/19/2024 16:08:59 - INFO - __main__ - ID text: cola_621 - STD: 0.18531227111816406 - GNL: 45.067691802978516 - Loss: 0.5624954104423523
04/19/2024 16:09:51 - INFO - __main__ - ID text: cola_433 - STD: 0.24847781658172607 - GNL: 10.091890335083008 - Loss: 0.6481435894966125
04/19/2024 16:10:42 - INFO - __main__ - ID text: cola_953 - STD: 0.2312864512205124 - GNL: 17.773584365844727 - Loss: 0.612148106098175
04/19/2024 16:11:33 - INFO - __main__ - ID text: cola_965 - STD: 0.22775276005268097 - GNL: 16.946218490600586 - Loss: 0.7554227709770203
04/19/2024 16:12:24 - INFO - __main__ - ID text: cola_928 - STD: 0.17946074903011322 - GNL: 38.1202278137207 - Loss: 0.5544638633728027
04/19/2024 16:13:15 - INFO - __main__ - ID text: cola_747 - STD: 0.23700793087482452 - GNL: 16.7984561920166 - Loss: 0.723986804485321
04/19/2024 16:14:07 - INFO - __main__ - ID text: cola_706 - STD: 0.1821870654821396 - GNL: 44.65473556518555 - Loss: 0.22144652903079987
04/19/2024 16:14:59 - INFO - __main__ - ID text: cola_205 - STD: 0.19328446686267853 - GNL: 21.380882263183594 - Loss: 0.6146957278251648
04/19/2024 16:15:51 - INFO - __main__ - ID text: cola_730 - STD: 0.19294627010822296 - GNL: 43.31893539428711 - Loss: 0.5038893818855286
04/19/2024 16:16:43 - INFO - __main__ - ID text: cola_319 - STD: 0.19252972304821014 - GNL: 28.66823387145996 - Loss: 0.5968002080917358
04/19/2024 16:17:35 - INFO - __main__ - ID text: cola_926 - STD: 0.24019207060337067 - GNL: 15.964865684509277 - Loss: 0.6072676181793213
04/19/2024 16:18:28 - INFO - __main__ - ID text: cola_687 - STD: 0.17640502750873566 - GNL: 61.91539001464844 - Loss: 0.4279097616672516
04/19/2024 16:19:20 - INFO - __main__ - ID text: cola_665 - STD: 0.18345211446285248 - GNL: 27.85491180419922 - Loss: 0.47507408261299133
04/19/2024 16:20:13 - INFO - __main__ - ID text: cola_866 - STD: 0.21592925488948822 - GNL: 25.0042667388916 - Loss: 0.7002235651016235
04/19/2024 16:21:05 - INFO - __main__ - ID text: cola_448 - STD: 0.19160354137420654 - GNL: 38.01108169555664 - Loss: 0.3712726831436157
04/19/2024 16:21:58 - INFO - __main__ - ID text: cola_529 - STD: 0.22491230070590973 - GNL: 19.273555755615234 - Loss: 0.7319338321685791
04/19/2024 16:22:51 - INFO - __main__ - ID text: cola_462 - STD: 0.19221235811710358 - GNL: 43.385562896728516 - Loss: 0.5766554474830627
04/19/2024 16:23:44 - INFO - __main__ - ID text: cola_123 - STD: 0.19158406555652618 - GNL: 37.678001403808594 - Loss: 0.6348128318786621
04/19/2024 16:24:37 - INFO - __main__ - ID text: cola_253 - STD: 0.15904361009597778 - GNL: 37.87797164916992 - Loss: 0.574092447757721
04/19/2024 16:25:30 - INFO - __main__ - ID text: cola_230 - STD: 0.2045208364725113 - GNL: 16.581445693969727 - Loss: 0.35631483793258667
04/19/2024 16:26:22 - INFO - __main__ - ID text: cola_908 - STD: 0.19585628807544708 - GNL: 23.145963668823242 - Loss: 0.3537648320198059
04/19/2024 16:27:15 - INFO - __main__ - ID text: cola_346 - STD: 0.21678729355335236 - GNL: 13.997879981994629 - Loss: 0.6276662349700928
04/19/2024 16:28:08 - INFO - __main__ - ID text: cola_21 - STD: 0.19203729927539825 - GNL: 24.162275314331055 - Loss: 0.7458437085151672
04/19/2024 16:29:01 - INFO - __main__ - ID text: cola_602 - STD: 0.16949951648712158 - GNL: 42.79658508300781 - Loss: 0.5493671894073486
04/19/2024 16:29:54 - INFO - __main__ - ID text: cola_567 - STD: 0.20987461507320404 - GNL: 29.718103408813477 - Loss: 0.42585888504981995
04/19/2024 16:30:47 - INFO - __main__ - ID text: cola_235 - STD: 0.21873797476291656 - GNL: 22.05597686767578 - Loss: 0.76540207862854
04/19/2024 16:31:40 - INFO - __main__ - ID text: cola_806 - STD: 0.1851997971534729 - GNL: 26.415151596069336 - Loss: 0.4294731914997101
04/19/2024 16:32:33 - INFO - __main__ - ID text: cola_225 - STD: 0.1942739635705948 - GNL: 24.570640563964844 - Loss: 0.6556637287139893
04/19/2024 16:33:26 - INFO - __main__ - ID text: cola_7 - STD: 0.19217807054519653 - GNL: 41.380741119384766 - Loss: 0.29623427987098694
04/19/2024 16:34:18 - INFO - __main__ - ID text: cola_72 - STD: 0.2238183617591858 - GNL: 28.148771286010742 - Loss: 0.7197034358978271
04/19/2024 16:35:11 - INFO - __main__ - ID text: cola_724 - STD: 0.18040013313293457 - GNL: 44.35622024536133 - Loss: 0.32139891386032104
04/19/2024 16:36:04 - INFO - __main__ - ID text: cola_646 - STD: 0.19537906348705292 - GNL: 47.95623779296875 - Loss: 0.45852309465408325
04/19/2024 16:36:56 - INFO - __main__ - ID text: cola_60 - STD: 0.23298585414886475 - GNL: 17.994394302368164 - Loss: 0.6367852091789246
04/19/2024 16:37:49 - INFO - __main__ - ID text: cola_961 - STD: 0.197165384888649 - GNL: 40.90794372558594 - Loss: 0.16793741285800934
04/19/2024 16:38:42 - INFO - __main__ - ID text: cola_69 - STD: 0.1970716267824173 - GNL: 27.08976173400879 - Loss: 0.40089932084083557
04/19/2024 16:39:34 - INFO - __main__ - ID text: cola_986 - STD: 0.1790560483932495 - GNL: 25.937952041625977 - Loss: 0.468454509973526
04/19/2024 16:40:26 - INFO - __main__ - ID text: cola_338 - STD: 0.19795505702495575 - GNL: 22.538232803344727 - Loss: 0.4977821707725525
04/19/2024 16:41:19 - INFO - __main__ - ID text: cola_800 - STD: 0.1500009149312973 - GNL: 51.9889030456543 - Loss: 0.6248580813407898
04/19/2024 16:42:11 - INFO - __main__ - ID text: cola_526 - STD: 0.15655764937400818 - GNL: 47.00802230834961 - Loss: 0.4904552400112152
04/19/2024 16:43:04 - INFO - __main__ - ID text: cola_243 - STD: 0.17106425762176514 - GNL: 35.18741989135742 - Loss: 0.6337255239486694
04/19/2024 16:43:57 - INFO - __main__ - ID text: cola_1057 - STD: 0.18157322704792023 - GNL: 49.75779724121094 - Loss: 0.28988033533096313
04/19/2024 16:44:52 - INFO - __main__ - ID text: cola_685 - STD: 0.15035071969032288 - GNL: 43.8411865234375 - Loss: 0.6266419291496277
04/19/2024 16:45:46 - INFO - __main__ - ID text: cola_843 - STD: 0.182342067360878 - GNL: 24.048927307128906 - Loss: 0.797424852848053
04/19/2024 16:46:39 - INFO - __main__ - ID text: cola_219 - STD: 0.22227631509304047 - GNL: 18.345090866088867 - Loss: 0.6157745718955994
04/19/2024 16:47:32 - INFO - __main__ - ID text: cola_852 - STD: 0.25572630763053894 - GNL: 13.649439811706543 - Loss: 0.8443967700004578
04/19/2024 16:48:25 - INFO - __main__ - ID text: cola_135 - STD: 0.22815774381160736 - GNL: 16.6678466796875 - Loss: 0.52605801820755
04/19/2024 16:49:18 - INFO - __main__ - ID text: cola_740 - STD: 0.2214558869600296 - GNL: 18.916166305541992 - Loss: 0.8381742238998413
04/19/2024 16:50:11 - INFO - __main__ - ID text: cola_584 - STD: 0.15591539442539215 - GNL: 87.76641082763672 - Loss: 0.1428140252828598
04/19/2024 16:51:04 - INFO - __main__ - ID text: cola_590 - STD: 0.17263053357601166 - GNL: 57.69937515258789 - Loss: 0.6085811853408813
04/19/2024 16:51:57 - INFO - __main__ - ID text: cola_484 - STD: 0.20869560539722443 - GNL: 22.502418518066406 - Loss: 0.5942075848579407
04/19/2024 16:52:50 - INFO - __main__ - ID text: cola_248 - STD: 0.18857552111148834 - GNL: 30.50417137145996 - Loss: 0.629716694355011
04/19/2024 16:53:43 - INFO - __main__ - ID text: cola_1039 - STD: 0.21519337594509125 - GNL: 27.15521240234375 - Loss: 0.32978546619415283
04/19/2024 16:54:36 - INFO - __main__ - ID text: cola_416 - STD: 0.1801876574754715 - GNL: 39.139400482177734 - Loss: 0.4932144284248352
04/19/2024 16:55:29 - INFO - __main__ - ID text: cola_194 - STD: 0.2027685046195984 - GNL: 22.69795799255371 - Loss: 0.3058544397354126
04/19/2024 16:56:22 - INFO - __main__ - ID text: cola_96 - STD: 0.17638109624385834 - GNL: 49.0167350769043 - Loss: 0.1675410121679306
04/19/2024 16:57:14 - INFO - __main__ - ID text: cola_99 - STD: 0.19047953188419342 - GNL: 36.778812408447266 - Loss: 0.4490048587322235
04/19/2024 16:58:07 - INFO - __main__ - ID text: cola_674 - STD: 0.19052167236804962 - GNL: 36.758602142333984 - Loss: 0.3045653998851776
04/19/2024 16:59:00 - INFO - __main__ - ID text: cola_441 - STD: 0.22858655452728271 - GNL: 19.370336532592773 - Loss: 0.796459972858429
04/19/2024 16:59:53 - INFO - __main__ - ID text: cola_362 - STD: 0.22069059312343597 - GNL: 18.082956314086914 - Loss: 0.6386045217514038
04/19/2024 17:00:46 - INFO - __main__ - ID text: cola_828 - STD: 0.21718211472034454 - GNL: 10.166563034057617 - Loss: 0.4264984130859375
04/19/2024 17:01:39 - INFO - __main__ - ID text: cola_420 - STD: 0.21607355773448944 - GNL: 19.291173934936523 - Loss: 0.7325509786605835
04/19/2024 17:02:32 - INFO - __main__ - ID text: cola_478 - STD: 0.21286316215991974 - GNL: 21.17300033569336 - Loss: 0.3926110863685608
04/19/2024 17:03:25 - INFO - __main__ - ID text: cola_978 - STD: 0.1619749516248703 - GNL: 36.89120864868164 - Loss: 0.5975963473320007
04/19/2024 17:04:18 - INFO - __main__ - ID text: cola_55 - STD: 0.1898384690284729 - GNL: 45.8951301574707 - Loss: 0.4749179184436798
04/19/2024 17:05:10 - INFO - __main__ - ID text: cola_1048 - STD: 0.17588646709918976 - GNL: 29.038330078125 - Loss: 0.6087985038757324
04/19/2024 17:06:03 - INFO - __main__ - ID text: cola_669 - STD: 0.19410888850688934 - GNL: 38.9505615234375 - Loss: 0.23961208760738373
04/19/2024 17:06:56 - INFO - __main__ - ID text: cola_661 - STD: 0.1861061453819275 - GNL: 36.09836196899414 - Loss: 0.6226205229759216
04/19/2024 17:07:49 - INFO - __main__ - ID text: cola_100 - STD: 0.21113300323486328 - GNL: 20.539947509765625 - Loss: 0.4334894120693207
04/19/2024 17:08:41 - INFO - __main__ - ID text: cola_62 - STD: 0.22423012554645538 - GNL: 20.863637924194336 - Loss: 0.7052061557769775
04/19/2024 17:09:34 - INFO - __main__ - ID text: cola_412 - STD: 0.18643325567245483 - GNL: 31.183412551879883 - Loss: 0.3331964910030365
04/19/2024 17:10:27 - INFO - __main__ - ID text: cola_745 - STD: 0.2632406949996948 - GNL: 9.316679000854492 - Loss: 0.8289599418640137
04/19/2024 17:11:20 - INFO - __main__ - ID text: cola_347 - STD: 0.1843584030866623 - GNL: 30.15203285217285 - Loss: 0.27502381801605225
04/19/2024 17:12:13 - INFO - __main__ - ID text: cola_111 - STD: 0.1994660645723343 - GNL: 34.005001068115234 - Loss: 0.3464282751083374
04/19/2024 17:13:05 - INFO - __main__ - ID text: cola_254 - STD: 0.1802690625190735 - GNL: 38.1158561706543 - Loss: 0.39609935879707336
04/19/2024 17:13:58 - INFO - __main__ - ID text: cola_1012 - STD: 0.20839738845825195 - GNL: 28.1634578704834 - Loss: 0.31529995799064636
04/19/2024 17:14:51 - INFO - __main__ - ID text: cola_776 - STD: 0.16604523360729218 - GNL: 37.86465072631836 - Loss: 0.5154244899749756
04/19/2024 17:15:45 - INFO - __main__ - ID text: cola_894 - STD: 0.2358631044626236 - GNL: 17.33421516418457 - Loss: 0.6290721297264099
04/19/2024 17:16:38 - INFO - __main__ - ID text: cola_459 - STD: 0.20757699012756348 - GNL: 22.312849044799805 - Loss: 0.3282848596572876
04/19/2024 17:17:30 - INFO - __main__ - ID text: cola_143 - STD: 0.16863523423671722 - GNL: 46.736324310302734 - Loss: 0.4660390615463257
04/19/2024 17:18:24 - INFO - __main__ - ID text: cola_910 - STD: 0.1927722692489624 - GNL: 32.80134582519531 - Loss: 0.24844083189964294
04/19/2024 17:19:17 - INFO - __main__ - ID text: cola_187 - STD: 0.21999774873256683 - GNL: 20.85746955871582 - Loss: 0.28882840275764465
04/19/2024 17:20:10 - INFO - __main__ - ID text: cola_789 - STD: 0.32046863436698914 - GNL: 15.84921932220459 - Loss: 0.6601154208183289
04/19/2024 17:21:03 - INFO - __main__ - ID text: cola_975 - STD: 0.20022828876972198 - GNL: 42.12303924560547 - Loss: 0.3277794122695923
04/19/2024 17:21:56 - INFO - __main__ - ID text: cola_1024 - STD: 0.1685299277305603 - GNL: 40.584407806396484 - Loss: 0.4281120300292969
04/19/2024 17:22:50 - INFO - __main__ - ID text: cola_77 - STD: 0.1983354687690735 - GNL: 29.2037410736084 - Loss: 0.5278528332710266
04/19/2024 17:23:42 - INFO - __main__ - ID text: cola_453 - STD: 0.20372967422008514 - GNL: 26.9552059173584 - Loss: 0.6229010224342346
04/19/2024 17:24:36 - INFO - __main__ - ID text: cola_1060 - STD: 0.19222275912761688 - GNL: 34.306209564208984 - Loss: 0.17244456708431244
04/19/2024 17:25:29 - INFO - __main__ - ID text: cola_952 - STD: 0.21170616149902344 - GNL: 18.9674015045166 - Loss: 0.819090723991394
04/19/2024 17:26:21 - INFO - __main__ - ID text: cola_1061 - STD: 0.20166368782520294 - GNL: 31.17279052734375 - Loss: 0.1962006539106369
04/19/2024 17:27:13 - INFO - __main__ - ID text: cola_667 - STD: 0.21203164756298065 - GNL: 23.392623901367188 - Loss: 0.6687805652618408
04/19/2024 17:28:06 - INFO - __main__ - ID text: cola_553 - STD: 0.17613422870635986 - GNL: 52.484561920166016 - Loss: 0.2450038492679596
04/19/2024 17:28:59 - INFO - __main__ - ID text: cola_15 - STD: 0.21878565847873688 - GNL: 21.349008560180664 - Loss: 0.20993632078170776
04/19/2024 17:29:52 - INFO - __main__ - ID text: cola_95 - STD: 0.15262377262115479 - GNL: 45.99037551879883 - Loss: 0.5009590983390808
04/19/2024 17:30:44 - INFO - __main__ - ID text: cola_242 - STD: 0.17838239669799805 - GNL: 32.20095443725586 - Loss: 0.6408059000968933
04/19/2024 17:31:36 - INFO - __main__ - ID text: cola_170 - STD: 0.2256455421447754 - GNL: 19.119110107421875 - Loss: 0.7564069628715515
04/19/2024 17:32:28 - INFO - __main__ - ID text: cola_777 - STD: 0.19686944782733917 - GNL: 34.68752670288086 - Loss: 0.20432095229625702
04/19/2024 17:33:21 - INFO - __main__ - ID text: cola_891 - STD: 0.20725210011005402 - GNL: 18.670700073242188 - Loss: 0.28166741132736206
04/19/2024 17:34:14 - INFO - __main__ - ID text: cola_492 - STD: 0.17000891268253326 - GNL: 36.59427261352539 - Loss: 0.6504390835762024
04/19/2024 17:35:07 - INFO - __main__ - ID text: cola_218 - STD: 0.2225971668958664 - GNL: 27.54381561279297 - Loss: 0.35229721665382385
04/19/2024 17:36:00 - INFO - __main__ - ID text: cola_956 - STD: 0.18425500392913818 - GNL: 37.88249588012695 - Loss: 0.5953206419944763
04/19/2024 17:36:53 - INFO - __main__ - ID text: cola_862 - STD: 0.19347508251667023 - GNL: 35.10622787475586 - Loss: 0.5702214241027832
04/19/2024 17:37:47 - INFO - __main__ - ID text: cola_168 - STD: 0.19570787250995636 - GNL: 28.53859519958496 - Loss: 0.49807044863700867
04/19/2024 17:38:39 - INFO - __main__ - ID text: cola_974 - STD: 0.17998087406158447 - GNL: 34.810455322265625 - Loss: 0.6633346080780029
04/19/2024 17:39:32 - INFO - __main__ - ID text: cola_2 - STD: 0.19829146564006805 - GNL: 21.003707885742188 - Loss: 0.6300026178359985
04/19/2024 17:40:25 - INFO - __main__ - ID text: cola_399 - STD: 0.2024911791086197 - GNL: 25.867910385131836 - Loss: 0.660292387008667
04/19/2024 17:41:17 - INFO - __main__ - ID text: cola_831 - STD: 0.2170087844133377 - GNL: 18.90177345275879 - Loss: 0.7548484206199646
04/19/2024 17:42:10 - INFO - __main__ - ID text: cola_465 - STD: 0.1980045586824417 - GNL: 21.793603897094727 - Loss: 0.9506298899650574
04/19/2024 17:43:03 - INFO - __main__ - ID text: cola_292 - STD: 0.2207377701997757 - GNL: 16.700193405151367 - Loss: 0.6725666522979736
04/19/2024 17:43:55 - INFO - __main__ - ID text: cola_770 - STD: 0.18525446951389313 - GNL: 43.91450119018555 - Loss: 0.42051467299461365
04/19/2024 17:44:48 - INFO - __main__ - ID text: cola_713 - STD: 0.22602255642414093 - GNL: 21.297353744506836 - Loss: 0.1142047718167305
04/19/2024 17:45:41 - INFO - __main__ - ID text: cola_1037 - STD: 0.17633895576000214 - GNL: 28.6624813079834 - Loss: 0.5551797151565552
04/19/2024 17:46:34 - INFO - __main__ - ID text: cola_1008 - STD: 0.21731416881084442 - GNL: 18.397008895874023 - Loss: 0.8093228340148926
04/19/2024 17:47:27 - INFO - __main__ - ID text: cola_498 - STD: 0.19133268296718597 - GNL: 29.865663528442383 - Loss: 0.48289555311203003
04/19/2024 17:48:19 - INFO - __main__ - ID text: cola_158 - STD: 0.22143316268920898 - GNL: 19.04094886779785 - Loss: 0.7193834185600281
04/19/2024 17:49:12 - INFO - __main__ - ID text: cola_754 - STD: 0.20538336038589478 - GNL: 27.00299835205078 - Loss: 0.44163087010383606
04/19/2024 17:50:15 - INFO - __main__ - ID text: cola_303 - STD: 0.22753362357616425 - GNL: 20.97913360595703 - Loss: 0.6739646196365356
04/19/2024 17:51:11 - INFO - __main__ - ID text: cola_222 - STD: 0.19582104682922363 - GNL: 39.390079498291016 - Loss: 0.31300386786460876
04/19/2024 17:52:04 - INFO - __main__ - ID text: cola_1019 - STD: 0.16890789568424225 - GNL: 34.67731475830078 - Loss: 0.4551810026168823
04/19/2024 17:52:57 - INFO - __main__ - ID text: cola_593 - STD: 0.15264110267162323 - GNL: 84.78816986083984 - Loss: 0.29714691638946533
04/19/2024 17:53:50 - INFO - __main__ - ID text: cola_555 - STD: 0.19030798971652985 - GNL: 36.56989288330078 - Loss: 0.47584518790245056
04/19/2024 17:54:43 - INFO - __main__ - ID text: cola_761 - STD: 0.23370884358882904 - GNL: 15.74297046661377 - Loss: 0.659270167350769
04/19/2024 17:55:36 - INFO - __main__ - ID text: cola_321 - STD: 0.21511171758174896 - GNL: 21.842355728149414 - Loss: 0.6323092579841614
04/19/2024 17:56:30 - INFO - __main__ - ID text: cola_58 - STD: 0.20143429934978485 - GNL: 41.865360260009766 - Loss: 0.12771525979042053
04/19/2024 17:57:24 - INFO - __main__ - ID text: cola_741 - STD: 0.21796929836273193 - GNL: 18.758874893188477 - Loss: 0.9025415182113647
04/19/2024 17:58:17 - INFO - __main__ - ID text: cola_930 - STD: 0.16628223657608032 - GNL: 41.676876068115234 - Loss: 0.4975507855415344
04/19/2024 17:59:11 - INFO - __main__ - ID text: cola_488 - STD: 0.22591479122638702 - GNL: 16.214584350585938 - Loss: 0.8146398663520813
04/19/2024 18:00:04 - INFO - __main__ - ID text: cola_514 - STD: 0.18649417161941528 - GNL: 24.56913948059082 - Loss: 0.6563439965248108
04/19/2024 18:00:58 - INFO - __main__ - ID text: cola_872 - STD: 0.1743847131729126 - GNL: 35.542930603027344 - Loss: 0.7486310005187988
04/19/2024 18:01:51 - INFO - __main__ - ID text: cola_885 - STD: 0.19515271484851837 - GNL: 13.853065490722656 - Loss: 0.46007928252220154
04/19/2024 18:02:44 - INFO - __main__ - ID text: cola_707 - STD: 0.1665557473897934 - GNL: 55.0653190612793 - Loss: 0.5903918147087097
04/19/2024 18:03:37 - INFO - __main__ - ID text: cola_520 - STD: 0.1899697333574295 - GNL: 30.04209327697754 - Loss: 0.2678138017654419
04/19/2024 18:04:30 - INFO - __main__ - ID text: cola_82 - STD: 0.2104053497314453 - GNL: 25.804853439331055 - Loss: 0.4617878794670105
04/19/2024 18:05:23 - INFO - __main__ - ID text: cola_190 - STD: 0.1621129959821701 - GNL: 37.39760971069336 - Loss: 0.47068503499031067
04/19/2024 18:06:16 - INFO - __main__ - ID text: cola_960 - STD: 0.23171712458133698 - GNL: 18.775596618652344 - Loss: 0.7445153594017029
04/19/2024 18:07:10 - INFO - __main__ - ID text: cola_609 - STD: 0.19055821001529694 - GNL: 31.947050094604492 - Loss: 0.5370477437973022
04/19/2024 18:08:03 - INFO - __main__ - ID text: cola_795 - STD: 0.20266370475292206 - GNL: 29.146081924438477 - Loss: 0.5497702360153198
04/19/2024 18:08:56 - INFO - __main__ - ID text: cola_691 - STD: 0.18349982798099518 - GNL: 32.96084976196289 - Loss: 0.36886146664619446
04/19/2024 18:09:49 - INFO - __main__ - ID text: cola_240 - STD: 0.1774241328239441 - GNL: 29.540870666503906 - Loss: 0.4980110824108124
04/19/2024 18:10:43 - INFO - __main__ - ID text: cola_413 - STD: 0.20143456757068634 - GNL: 34.614498138427734 - Loss: 0.40771979093551636
04/19/2024 18:11:35 - INFO - __main__ - ID text: cola_122 - STD: 0.16630849242210388 - GNL: 81.5498275756836 - Loss: 0.26877209544181824
04/19/2024 18:12:29 - INFO - __main__ - ID text: cola_583 - STD: 0.218841552734375 - GNL: 37.57959747314453 - Loss: 0.037490952759981155
04/19/2024 18:13:22 - INFO - __main__ - ID text: cola_942 - STD: 0.18981915712356567 - GNL: 31.04998207092285 - Loss: 0.525305986404419
04/19/2024 18:14:15 - INFO - __main__ - ID text: cola_592 - STD: 0.16327033936977386 - GNL: 59.362667083740234 - Loss: 0.5510193705558777
04/19/2024 18:15:08 - INFO - __main__ - ID text: cola_608 - STD: 0.19596408307552338 - GNL: 37.37224197387695 - Loss: 0.5334084630012512
04/19/2024 18:16:02 - INFO - __main__ - ID text: cola_40 - STD: 0.16848702728748322 - GNL: 34.24064254760742 - Loss: 0.5989595055580139
04/19/2024 18:16:55 - INFO - __main__ - ID text: cola_634 - STD: 0.18699656426906586 - GNL: 65.97997283935547 - Loss: 0.6252308487892151
04/19/2024 18:17:48 - INFO - __main__ - ID text: cola_83 - STD: 0.18822360038757324 - GNL: 38.73695755004883 - Loss: 0.2665371596813202
04/19/2024 18:18:41 - INFO - __main__ - ID text: cola_429 - STD: 0.18161629140377045 - GNL: 45.10445022583008 - Loss: 0.24898304045200348
04/19/2024 18:19:34 - INFO - __main__ - ID text: cola_673 - STD: 0.16977310180664062 - GNL: 65.20777130126953 - Loss: 0.6543684601783752
04/19/2024 18:20:27 - INFO - __main__ - ID text: cola_927 - STD: 0.21597588062286377 - GNL: 18.65678596496582 - Loss: 0.6496439576148987
04/19/2024 18:21:20 - INFO - __main__ - ID text: cola_578 - STD: 0.16869379580020905 - GNL: 84.10687255859375 - Loss: 0.26870638132095337
04/19/2024 18:22:13 - INFO - __main__ - ID text: cola_535 - STD: 0.18087053298950195 - GNL: 44.067386627197266 - Loss: 0.34795311093330383
04/19/2024 18:23:07 - INFO - __main__ - ID text: cola_957 - STD: 0.22004616260528564 - GNL: 19.78096580505371 - Loss: 0.7614331245422363
