The following modules were not unloaded:
  (Use "module --force purge" to unload all):

  1) 2023.01   2) StdEnv
04/19/2024 13:04:22 - INFO - pixel.data.rendering.rendering_utils - loading text renderer configuration file https://huggingface.co/Team-PIXEL/pixel-base/resolve/main/text_renderer_config.json from cache at /home2/s3919609/.cache/huggingface/transformers/892d6a02d7c441000de399de59ed70d943a81f7b0f536523b4af1111677a8508.e332b34c9c05756dd4aa51d8fa33461dbd79604752296d185f03f8004db30700
04/19/2024 13:04:23 - INFO - pixel.data.rendering.rendering_utils - loading font file https://huggingface.co/Team-PIXEL/pixel-base/resolve/main/GoNotoCurrent.ttf from cache at /home2/s3919609/.cache/huggingface/transformers/49e6dc219d1a1a1c9236acaf05a48b542002016a6dc877ee72baab085a84257b.3f28e7f4b38e1efe1b6da4a3732404c19d4c6a614ff32dce90a251e293d4ce58
04/19/2024 13:04:23 - INFO - pixel.data.rendering.pygame_renderer - Loading font from /home2/s3919609/.cache/huggingface/transformers/49e6dc219d1a1a1c9236acaf05a48b542002016a6dc877ee72baab085a84257b.3f28e7f4b38e1efe1b6da4a3732404c19d4c6a614ff32dce90a251e293d4ce58
04/19/2024 13:04:23 - INFO - pixel.data.rendering.rendering_utils - Text renderer PyGameTextRenderer {
  "background_color": "white",
  "dpi": 120,
  "font_color": "black",
  "font_file": "49e6dc219d1a1a1c9236acaf05a48b542002016a6dc877ee72baab085a84257b.3f28e7f4b38e1efe1b6da4a3732404c19d4c6a614ff32dce90a251e293d4ce58",
  "font_size": 8,
  "max_seq_length": 256,
  "pad_size": 3,
  "pixels_per_patch": 16,
  "text_renderer_type": "PyGameTextRenderer"
}

04/19/2024 13:04:29 - INFO - pixel.models.pixel.modeling_pixel - position_embeddings: torch.Size([1, 530, 768])
04/19/2024 13:04:30 - INFO - pixel.utils.modeling - Truncating position embeddings to 256
04/19/2024 13:04:30 - INFO - pixel.utils.modeling - Truncating decoder position embeddings to 256
04/19/2024 13:04:30 - INFO - __main__ - Running MONTE CARLO experiment: mask_ratio
04/19/2024 13:04:30 - INFO - __main__ - Mask ratio: 0.4
04/19/2024 13:04:30 - INFO - __main__ - Span length: 6
04/19/2024 13:04:31 - INFO - __main__ - Monte Carlo samples: 100
04/19/2024 13:04:31 - INFO - __main__ - Training mode: True
04/19/2024 13:04:31 - INFO - __main__ - 
######## Computing SDs for task: ner ########

04/19/2024 13:04:31 - INFO - __main__ - 
######## Computing SDs for task: tydiqa ########

04/19/2024 13:04:31 - INFO - __main__ - 
######## Computing SDs for task: glue ########

04/19/2024 13:04:31 - INFO - __main__ - 
######## Language: cola ######## 

04/19/2024 13:05:32 - INFO - __main__ - ID text: cola_228 - STD: 0.18192453682422638 - GNL: 38.57391357421875 - Loss: 0.4438767731189728
04/19/2024 13:06:30 - INFO - __main__ - ID text: cola_51 - STD: 0.16658559441566467 - GNL: 62.880489349365234 - Loss: 0.5911380648612976
04/19/2024 13:07:28 - INFO - __main__ - ID text: cola_563 - STD: 0.3470562994480133 - GNL: 11.55945110321045 - Loss: 0.45645400881767273
04/19/2024 13:08:26 - INFO - __main__ - ID text: cola_501 - STD: 0.16853542625904083 - GNL: 40.07638931274414 - Loss: 0.2272476702928543
04/19/2024 13:09:24 - INFO - __main__ - ID text: cola_457 - STD: 0.23709379136562347 - GNL: 20.17024040222168 - Loss: 0.3300386369228363
04/19/2024 13:10:23 - INFO - __main__ - ID text: cola_285 - STD: 0.20218968391418457 - GNL: 29.173498153686523 - Loss: 0.36507782340049744
04/19/2024 13:11:21 - INFO - __main__ - ID text: cola_209 - STD: 0.16078855097293854 - GNL: 46.52546691894531 - Loss: 0.21028470993041992
04/19/2024 13:12:19 - INFO - __main__ - ID text: cola_178 - STD: 0.18789659440517426 - GNL: 33.25857162475586 - Loss: 0.38919922709465027
04/19/2024 13:13:17 - INFO - __main__ - ID text: cola_864 - STD: 0.2088080644607544 - GNL: 23.4598445892334 - Loss: 0.6302680969238281
04/19/2024 13:14:16 - INFO - __main__ - ID text: cola_65 - STD: 0.1673838049173355 - GNL: 59.20096969604492 - Loss: 0.3715963065624237
04/19/2024 13:15:14 - INFO - __main__ - ID text: cola_61 - STD: 0.19433629512786865 - GNL: 40.97574234008789 - Loss: 0.5177913904190063
04/19/2024 13:16:12 - INFO - __main__ - ID text: cola_191 - STD: 0.2174394279718399 - GNL: 24.46575927734375 - Loss: 0.7384583353996277
04/19/2024 13:17:10 - INFO - __main__ - ID text: cola_447 - STD: 0.19936919212341309 - GNL: 26.753339767456055 - Loss: 0.6570348143577576
04/19/2024 13:18:08 - INFO - __main__ - ID text: cola_476 - STD: 0.18655085563659668 - GNL: 24.70835304260254 - Loss: 0.5302871465682983
04/19/2024 13:19:07 - INFO - __main__ - ID text: cola_1034 - STD: 0.21557284891605377 - GNL: 22.571090698242188 - Loss: 0.7498852610588074
04/19/2024 13:20:05 - INFO - __main__ - ID text: cola_54 - STD: 0.17622406780719757 - GNL: 34.728519439697266 - Loss: 0.4085964560508728
04/19/2024 13:21:03 - INFO - __main__ - ID text: cola_407 - STD: 0.21909038722515106 - GNL: 19.25056266784668 - Loss: 0.861355721950531
04/19/2024 13:22:02 - INFO - __main__ - ID text: cola_859 - STD: 0.20474134385585785 - GNL: 20.48033332824707 - Loss: 0.7782069444656372
04/19/2024 13:23:00 - INFO - __main__ - ID text: cola_451 - STD: 0.1950354129076004 - GNL: 51.326568603515625 - Loss: 0.40948912501335144
04/19/2024 13:23:59 - INFO - __main__ - ID text: cola_919 - STD: 0.18717195093631744 - GNL: 31.95914649963379 - Loss: 0.5698874592781067
04/19/2024 13:24:57 - INFO - __main__ - ID text: cola_569 - STD: 0.17517775297164917 - GNL: 62.65753173828125 - Loss: 0.11836385726928711
04/19/2024 13:25:55 - INFO - __main__ - ID text: cola_13 - STD: 0.16449294984340668 - GNL: 84.23709869384766 - Loss: 0.46021199226379395
04/19/2024 13:26:54 - INFO - __main__ - ID text: cola_326 - STD: 0.2183462381362915 - GNL: 23.66834831237793 - Loss: 0.2427065670490265
04/19/2024 13:27:52 - INFO - __main__ - ID text: cola_865 - STD: 0.21645307540893555 - GNL: 23.95970344543457 - Loss: 0.3922753930091858
04/19/2024 13:28:50 - INFO - __main__ - ID text: cola_696 - STD: 0.19199760258197784 - GNL: 33.025203704833984 - Loss: 0.5372418165206909
04/19/2024 13:29:48 - INFO - __main__ - ID text: cola_1042 - STD: 0.18619227409362793 - GNL: 50.63810729980469 - Loss: 0.3024963438510895
04/19/2024 13:30:46 - INFO - __main__ - ID text: cola_318 - STD: 0.2146117091178894 - GNL: 35.65502166748047 - Loss: 0.13421665132045746
04/19/2024 13:31:44 - INFO - __main__ - ID text: cola_440 - STD: 0.23134666681289673 - GNL: 26.592010498046875 - Loss: 0.16041229665279388
04/19/2024 13:32:42 - INFO - __main__ - ID text: cola_689 - STD: 0.1926593780517578 - GNL: 31.360679626464844 - Loss: 0.6398739814758301
04/19/2024 13:33:41 - INFO - __main__ - ID text: cola_1056 - STD: 0.1859176903963089 - GNL: 35.11434555053711 - Loss: 0.07695125788450241
04/19/2024 13:34:40 - INFO - __main__ - ID text: cola_189 - STD: 0.1821712851524353 - GNL: 32.20896911621094 - Loss: 0.5194430351257324
04/19/2024 13:35:39 - INFO - __main__ - ID text: cola_778 - STD: 0.18983455002307892 - GNL: 62.568302154541016 - Loss: 0.5277560949325562
04/19/2024 13:36:38 - INFO - __main__ - ID text: cola_198 - STD: 0.22079236805438995 - GNL: 28.73758888244629 - Loss: 0.5288735628128052
04/19/2024 13:37:45 - INFO - __main__ - ID text: cola_735 - STD: 0.18339216709136963 - GNL: 56.03726577758789 - Loss: 0.4909016788005829
04/19/2024 13:38:44 - INFO - __main__ - ID text: cola_704 - STD: 0.21959064900875092 - GNL: 29.520998001098633 - Loss: 0.17647236585617065
04/19/2024 13:39:44 - INFO - __main__ - ID text: cola_541 - STD: 0.1961134672164917 - GNL: 42.03023910522461 - Loss: 0.4986761808395386
04/19/2024 13:40:45 - INFO - __main__ - ID text: cola_88 - STD: 0.19891095161437988 - GNL: 32.04914474487305 - Loss: 0.18274076282978058
04/19/2024 13:41:44 - INFO - __main__ - ID text: cola_940 - STD: 0.2035812884569168 - GNL: 28.79176902770996 - Loss: 0.5264032483100891
04/19/2024 13:42:43 - INFO - __main__ - ID text: cola_255 - STD: 0.1802767962217331 - GNL: 51.02967834472656 - Loss: 0.019309429451823235
04/19/2024 13:43:47 - INFO - __main__ - ID text: cola_775 - STD: 0.1734602451324463 - GNL: 48.51515197753906 - Loss: 0.12617959082126617
04/19/2024 13:44:47 - INFO - __main__ - ID text: cola_80 - STD: 0.16152603924274445 - GNL: 70.14952850341797 - Loss: 0.37370383739471436
04/19/2024 13:45:55 - INFO - __main__ - ID text: cola_565 - STD: 0.15637505054473877 - GNL: 64.8349838256836 - Loss: 0.32944416999816895
04/19/2024 13:47:03 - INFO - __main__ - ID text: cola_300 - STD: 0.19897742569446564 - GNL: 30.937368392944336 - Loss: 0.4735995829105377
04/19/2024 13:48:04 - INFO - __main__ - ID text: cola_849 - STD: 0.24063993990421295 - GNL: 14.52734088897705 - Loss: 0.6534753441810608
04/19/2024 13:49:07 - INFO - __main__ - ID text: cola_643 - STD: 0.16321279108524323 - GNL: 57.7420768737793 - Loss: 0.5428242683410645
04/19/2024 13:50:04 - INFO - __main__ - ID text: cola_633 - STD: 0.1550312638282776 - GNL: 101.89949798583984 - Loss: 0.2953633964061737
04/19/2024 13:51:01 - INFO - __main__ - ID text: cola_906 - STD: 0.21422380208969116 - GNL: 28.228322982788086 - Loss: 0.7755857110023499
04/19/2024 13:52:01 - INFO - __main__ - ID text: cola_882 - STD: 0.2120215892791748 - GNL: 47.38126754760742 - Loss: 0.5208999514579773
04/19/2024 13:53:00 - INFO - __main__ - ID text: cola_370 - STD: 0.19790790975093842 - GNL: 29.645158767700195 - Loss: 0.5003360509872437
04/19/2024 13:54:00 - INFO - __main__ - ID text: cola_591 - STD: 0.1991332322359085 - GNL: 43.165374755859375 - Loss: 0.34062492847442627
04/19/2024 13:54:59 - INFO - __main__ - ID text: cola_196 - STD: 0.20147307217121124 - GNL: 19.87314224243164 - Loss: 0.30515235662460327
04/19/2024 13:55:57 - INFO - __main__ - ID text: cola_721 - STD: 0.20613349974155426 - GNL: 46.01640701293945 - Loss: 0.12986645102500916
04/19/2024 13:56:56 - INFO - __main__ - ID text: cola_71 - STD: 0.23722593486309052 - GNL: 19.806177139282227 - Loss: 0.6998924016952515
04/19/2024 13:57:54 - INFO - __main__ - ID text: cola_46 - STD: 0.1789271980524063 - GNL: 34.39749526977539 - Loss: 0.6212602257728577
04/19/2024 13:58:58 - INFO - __main__ - ID text: cola_677 - STD: 0.15116898715496063 - GNL: 109.00176239013672 - Loss: 0.3347070813179016
04/19/2024 13:59:59 - INFO - __main__ - ID text: cola_233 - STD: 0.1800997108221054 - GNL: 57.18960189819336 - Loss: 0.19156639277935028
04/19/2024 14:00:56 - INFO - __main__ - ID text: cola_791 - STD: 0.19346944987773895 - GNL: 35.70304489135742 - Loss: 0.11206558346748352
04/19/2024 14:01:54 - INFO - __main__ - ID text: cola_296 - STD: 0.1961795538663864 - GNL: 27.471458435058594 - Loss: 0.47378402948379517
04/19/2024 14:02:52 - INFO - __main__ - ID text: cola_81 - STD: 0.21613621711730957 - GNL: 23.0151309967041 - Loss: 0.7056997418403625
04/19/2024 14:03:49 - INFO - __main__ - ID text: cola_875 - STD: 0.22859138250350952 - GNL: 20.711183547973633 - Loss: 0.10449215769767761
04/19/2024 14:04:46 - INFO - __main__ - ID text: cola_238 - STD: 0.19061259925365448 - GNL: 47.43408203125 - Loss: 0.42133668065071106
04/19/2024 14:05:43 - INFO - __main__ - ID text: cola_887 - STD: 0.20743781328201294 - GNL: 26.003175735473633 - Loss: 0.8268704414367676
04/19/2024 14:06:40 - INFO - __main__ - ID text: cola_103 - STD: 0.15670587122440338 - GNL: 52.383785247802734 - Loss: 0.47897231578826904
04/19/2024 14:07:38 - INFO - __main__ - ID text: cola_389 - STD: 0.21350282430648804 - GNL: 22.514501571655273 - Loss: 0.4862763285636902
04/19/2024 14:08:35 - INFO - __main__ - ID text: cola_284 - STD: 0.22547030448913574 - GNL: 20.52800178527832 - Loss: 0.31203117966651917
04/19/2024 14:09:41 - INFO - __main__ - ID text: cola_464 - STD: 0.31289759278297424 - GNL: 7.004800796508789 - Loss: 0.7272810339927673
04/19/2024 14:10:39 - INFO - __main__ - ID text: cola_650 - STD: 0.1774042844772339 - GNL: 60.9165153503418 - Loss: 0.45498523116111755
04/19/2024 14:11:37 - INFO - __main__ - ID text: cola_854 - STD: 0.20286090672016144 - GNL: 21.31382942199707 - Loss: 0.6047947406768799
04/19/2024 14:12:35 - INFO - __main__ - ID text: cola_373 - STD: 0.20238804817199707 - GNL: 34.941341400146484 - Loss: 0.3874785602092743
04/19/2024 14:13:33 - INFO - __main__ - ID text: cola_166 - STD: 0.18372593820095062 - GNL: 29.592247009277344 - Loss: 0.6070201396942139
04/19/2024 14:14:31 - INFO - __main__ - ID text: cola_379 - STD: 0.1660703867673874 - GNL: 70.27754974365234 - Loss: 0.505524218082428
04/19/2024 14:15:29 - INFO - __main__ - ID text: cola_363 - STD: 0.1597338765859604 - GNL: 45.16228103637695 - Loss: 0.732075572013855
04/19/2024 14:16:26 - INFO - __main__ - ID text: cola_214 - STD: 0.1981225162744522 - GNL: 29.47676658630371 - Loss: 0.2325446456670761
04/19/2024 14:17:24 - INFO - __main__ - ID text: cola_686 - STD: 0.19393055140972137 - GNL: 36.16602325439453 - Loss: 0.3285655975341797
04/19/2024 14:18:22 - INFO - __main__ - ID text: cola_273 - STD: 0.2214154601097107 - GNL: 22.0216007232666 - Loss: 0.8002392649650574
04/19/2024 14:19:20 - INFO - __main__ - ID text: cola_718 - STD: 0.1806640475988388 - GNL: 39.68275833129883 - Loss: 0.7567378282546997
04/19/2024 14:20:19 - INFO - __main__ - ID text: cola_959 - STD: 0.22846989333629608 - GNL: 25.46498680114746 - Loss: 0.7221723794937134
04/19/2024 14:21:17 - INFO - __main__ - ID text: cola_699 - STD: 0.1862940788269043 - GNL: 44.47354507446289 - Loss: 0.5924093723297119
04/19/2024 14:22:19 - INFO - __main__ - ID text: cola_663 - STD: 0.1767878383398056 - GNL: 47.0952262878418 - Loss: 0.5618836879730225
04/19/2024 14:23:22 - INFO - __main__ - ID text: cola_73 - STD: 0.19583678245544434 - GNL: 28.729883193969727 - Loss: 0.23913505673408508
04/19/2024 14:24:24 - INFO - __main__ - ID text: cola_623 - STD: 0.1940607875585556 - GNL: 45.57080078125 - Loss: 0.3832733929157257
04/19/2024 14:25:26 - INFO - __main__ - ID text: cola_996 - STD: 0.22373534739017487 - GNL: 18.627450942993164 - Loss: 0.7127533555030823
04/19/2024 14:26:28 - INFO - __main__ - ID text: cola_175 - STD: 0.20212924480438232 - GNL: 23.898515701293945 - Loss: 0.45905548334121704
04/19/2024 14:27:30 - INFO - __main__ - ID text: cola_546 - STD: 0.3438836634159088 - GNL: 10.920592308044434 - Loss: 0.5191085934638977
04/19/2024 14:28:32 - INFO - __main__ - ID text: cola_746 - STD: 0.23667331039905548 - GNL: 20.674482345581055 - Loss: 0.700960636138916
04/19/2024 14:29:34 - INFO - __main__ - ID text: cola_250 - STD: 0.19252389669418335 - GNL: 31.282785415649414 - Loss: 0.339003324508667
04/19/2024 14:30:35 - INFO - __main__ - ID text: cola_167 - STD: 0.16607311367988586 - GNL: 50.64334487915039 - Loss: 0.5182096362113953
04/19/2024 14:31:38 - INFO - __main__ - ID text: cola_473 - STD: 0.1912887543439865 - GNL: 27.266677856445312 - Loss: 0.545667290687561
04/19/2024 14:32:38 - INFO - __main__ - ID text: cola_388 - STD: 0.2109130620956421 - GNL: 27.629125595092773 - Loss: 0.6334931254386902
04/19/2024 14:33:38 - INFO - __main__ - ID text: cola_276 - STD: 0.18763969838619232 - GNL: 36.58071517944336 - Loss: 0.5303338170051575
04/19/2024 14:34:38 - INFO - __main__ - ID text: cola_947 - STD: 0.1857297420501709 - GNL: 24.738853454589844 - Loss: 0.4723261296749115
04/19/2024 14:35:38 - INFO - __main__ - ID text: cola_655 - STD: 0.15238361060619354 - GNL: 110.34000396728516 - Loss: 0.41816598176956177
04/19/2024 14:36:38 - INFO - __main__ - ID text: cola_1028 - STD: 0.21899770200252533 - GNL: 23.033889770507812 - Loss: 0.7866530418395996
04/19/2024 14:37:38 - INFO - __main__ - ID text: cola_570 - STD: 0.19628949463367462 - GNL: 34.7003288269043 - Loss: 0.2705458104610443
04/19/2024 14:38:38 - INFO - __main__ - ID text: cola_224 - STD: 0.17794160544872284 - GNL: 37.40067672729492 - Loss: 0.7172432541847229
04/19/2024 14:39:38 - INFO - __main__ - ID text: cola_701 - STD: 0.22156691551208496 - GNL: 21.414186477661133 - Loss: 0.4267967939376831
04/19/2024 14:40:38 - INFO - __main__ - ID text: cola_332 - STD: 0.15493594110012054 - GNL: 67.59986114501953 - Loss: 0.6123690605163574
04/19/2024 14:41:38 - INFO - __main__ - ID text: cola_863 - STD: 0.18132038414478302 - GNL: 32.82146072387695 - Loss: 0.44555041193962097
04/19/2024 14:42:44 - INFO - __main__ - ID text: cola_786 - STD: 0.1800682097673416 - GNL: 30.294797897338867 - Loss: 0.39347317814826965
04/19/2024 14:43:46 - INFO - __main__ - ID text: cola_794 - STD: 0.1607685089111328 - GNL: 101.24966430664062 - Loss: 0.14123764634132385
04/19/2024 14:44:48 - INFO - __main__ - ID text: cola_57 - STD: 0.18271665275096893 - GNL: 45.748050689697266 - Loss: 0.4963099956512451
04/19/2024 14:45:50 - INFO - __main__ - ID text: cola_234 - STD: 0.21622000634670258 - GNL: 21.7955379486084 - Loss: 0.23014169931411743
04/19/2024 14:46:52 - INFO - __main__ - ID text: cola_841 - STD: 0.18332010507583618 - GNL: 39.759033203125 - Loss: 0.6841672658920288
04/19/2024 14:47:55 - INFO - __main__ - ID text: cola_32 - STD: 0.2526250183582306 - GNL: 15.09294605255127 - Loss: 0.6543465256690979
04/19/2024 14:48:57 - INFO - __main__ - ID text: cola_824 - STD: 0.19592724740505219 - GNL: 42.337703704833984 - Loss: 0.41214263439178467
04/19/2024 14:50:00 - INFO - __main__ - ID text: cola_323 - STD: 0.2053062468767166 - GNL: 29.779157638549805 - Loss: 0.5933676362037659
04/19/2024 14:51:03 - INFO - __main__ - ID text: cola_410 - STD: 0.21014440059661865 - GNL: 32.224117279052734 - Loss: 0.07941056042909622
04/19/2024 14:52:05 - INFO - __main__ - ID text: cola_274 - STD: 0.17855304479599 - GNL: 45.05426025390625 - Loss: 0.3825092613697052
04/19/2024 14:53:06 - INFO - __main__ - ID text: cola_67 - STD: 0.20793624222278595 - GNL: 26.782730102539062 - Loss: 0.04852519929409027
04/19/2024 14:54:08 - INFO - __main__ - ID text: cola_216 - STD: 0.24049031734466553 - GNL: 20.673358917236328 - Loss: 0.7283854484558105
04/19/2024 14:55:09 - INFO - __main__ - ID text: cola_935 - STD: 0.1879633665084839 - GNL: 55.90521240234375 - Loss: 0.4999942481517792
04/19/2024 14:56:10 - INFO - __main__ - ID text: cola_580 - STD: 0.21943223476409912 - GNL: 19.866331100463867 - Loss: 0.7158607244491577
04/19/2024 14:57:11 - INFO - __main__ - ID text: cola_897 - STD: 0.1697259396314621 - GNL: 38.575992584228516 - Loss: 0.54095858335495
04/19/2024 14:58:13 - INFO - __main__ - ID text: cola_1029 - STD: 0.18045569956302643 - GNL: 38.356101989746094 - Loss: 0.4888928234577179
04/19/2024 14:59:14 - INFO - __main__ - ID text: cola_322 - STD: 0.1951528638601303 - GNL: 32.80222702026367 - Loss: 0.42058804631233215
04/19/2024 15:00:16 - INFO - __main__ - ID text: cola_217 - STD: 0.21317307651042938 - GNL: 31.42692756652832 - Loss: 0.27288511395454407
04/19/2024 15:01:17 - INFO - __main__ - ID text: cola_671 - STD: 0.35727861523628235 - GNL: 13.113906860351562 - Loss: 0.7687176465988159
04/19/2024 15:02:19 - INFO - __main__ - ID text: cola_511 - STD: 0.2392205148935318 - GNL: 16.18798065185547 - Loss: 0.7296735644340515
04/19/2024 15:03:21 - INFO - __main__ - ID text: cola_405 - STD: 0.23894305527210236 - GNL: 18.885068893432617 - Loss: 0.1441827267408371
04/19/2024 15:04:22 - INFO - __main__ - ID text: cola_905 - STD: 0.17490029335021973 - GNL: 34.491031646728516 - Loss: 0.6453751921653748
04/19/2024 15:05:23 - INFO - __main__ - ID text: cola_936 - STD: 0.18557429313659668 - GNL: 37.86793899536133 - Loss: 0.6893754601478577
04/19/2024 15:06:25 - INFO - __main__ - ID text: cola_658 - STD: 0.22138512134552002 - GNL: 29.431066513061523 - Loss: 0.7274718284606934
04/19/2024 15:07:27 - INFO - __main__ - ID text: cola_469 - STD: 0.20037932693958282 - GNL: 25.2957706451416 - Loss: 0.6865441799163818
04/19/2024 15:08:29 - INFO - __main__ - ID text: cola_146 - STD: 0.20130963623523712 - GNL: 31.017526626586914 - Loss: 0.08263514190912247
04/19/2024 15:09:30 - INFO - __main__ - ID text: cola_271 - STD: 0.16699397563934326 - GNL: 46.29689407348633 - Loss: 0.5704402923583984
04/19/2024 15:10:30 - INFO - __main__ - ID text: cola_142 - STD: 0.19460594654083252 - GNL: 47.19804000854492 - Loss: 0.6355083584785461
04/19/2024 15:11:30 - INFO - __main__ - ID text: cola_252 - STD: 0.17257066071033478 - GNL: 48.073760986328125 - Loss: 0.5201671123504639
04/19/2024 15:12:30 - INFO - __main__ - ID text: cola_762 - STD: 0.23348082602024078 - GNL: 21.83420753479004 - Loss: 0.6944419741630554
04/19/2024 15:13:30 - INFO - __main__ - ID text: cola_574 - STD: 0.18880389630794525 - GNL: 39.982051849365234 - Loss: 0.464954137802124
04/19/2024 15:14:29 - INFO - __main__ - ID text: cola_551 - STD: 0.17248642444610596 - GNL: 65.18424987792969 - Loss: 0.34152430295944214
04/19/2024 15:15:30 - INFO - __main__ - ID text: cola_269 - STD: 0.20457573235034943 - GNL: 35.6613655090332 - Loss: 0.49762848019599915
04/19/2024 15:16:31 - INFO - __main__ - ID text: cola_764 - STD: 0.17376506328582764 - GNL: 33.71786117553711 - Loss: 0.6901662349700928
04/19/2024 15:17:33 - INFO - __main__ - ID text: cola_598 - STD: 0.216518834233284 - GNL: 24.28093910217285 - Loss: 0.31080949306488037
04/19/2024 15:18:35 - INFO - __main__ - ID text: cola_438 - STD: 0.20472317934036255 - GNL: 34.35393142700195 - Loss: 0.6190890669822693
04/19/2024 15:19:37 - INFO - __main__ - ID text: cola_1043 - STD: 0.17987863719463348 - GNL: 56.926513671875 - Loss: 0.25993484258651733
04/19/2024 15:20:39 - INFO - __main__ - ID text: cola_597 - STD: 0.22910191118717194 - GNL: 25.636131286621094 - Loss: 0.1771622896194458
04/19/2024 15:21:41 - INFO - __main__ - ID text: cola_408 - STD: 0.21865202486515045 - GNL: 18.516889572143555 - Loss: 0.36053502559661865
04/19/2024 15:22:43 - INFO - __main__ - ID text: cola_1014 - STD: 0.19970352947711945 - GNL: 39.26457214355469 - Loss: 0.33482664823532104
04/19/2024 15:23:45 - INFO - __main__ - ID text: cola_968 - STD: 0.20442509651184082 - GNL: 25.536211013793945 - Loss: 0.735228955745697
04/19/2024 15:24:48 - INFO - __main__ - ID text: cola_141 - STD: 0.21107520163059235 - GNL: 22.80773162841797 - Loss: 0.47823891043663025
04/19/2024 15:25:50 - INFO - __main__ - ID text: cola_521 - STD: 0.17048875987529755 - GNL: 40.8852424621582 - Loss: 0.2639598846435547
04/19/2024 15:26:52 - INFO - __main__ - ID text: cola_505 - STD: 0.17714788019657135 - GNL: 44.13118362426758 - Loss: 0.09866422414779663
04/19/2024 15:27:54 - INFO - __main__ - ID text: cola_93 - STD: 0.16310976445674896 - GNL: 72.35578155517578 - Loss: 0.3359406292438507
04/19/2024 15:28:55 - INFO - __main__ - ID text: cola_773 - STD: 0.20914268493652344 - GNL: 39.33924865722656 - Loss: 0.1666988730430603
04/19/2024 15:29:55 - INFO - __main__ - ID text: cola_48 - STD: 0.16959315538406372 - GNL: 34.8837776184082 - Loss: 0.6461637616157532
04/19/2024 15:30:56 - INFO - __main__ - ID text: cola_881 - STD: 0.17593169212341309 - GNL: 50.972625732421875 - Loss: 0.24973905086517334
04/19/2024 15:31:57 - INFO - __main__ - ID text: cola_112 - STD: 0.19713719189167023 - GNL: 29.937820434570312 - Loss: 0.43016377091407776
04/19/2024 15:32:58 - INFO - __main__ - ID text: cola_156 - STD: 0.16509144008159637 - GNL: 37.812015533447266 - Loss: 0.668236255645752
04/19/2024 15:34:00 - INFO - __main__ - ID text: cola_642 - STD: 0.1774684637784958 - GNL: 56.20378112792969 - Loss: 0.2763301134109497
04/19/2024 15:35:02 - INFO - __main__ - ID text: cola_163 - STD: 0.20855934917926788 - GNL: 27.18935203552246 - Loss: 0.2854154109954834
04/19/2024 15:36:03 - INFO - __main__ - ID text: cola_811 - STD: 0.23032386600971222 - GNL: 20.604768753051758 - Loss: 0.6817548871040344
04/19/2024 15:37:03 - INFO - __main__ - ID text: cola_1038 - STD: 0.19917583465576172 - GNL: 36.367549896240234 - Loss: 0.5127685070037842
04/19/2024 15:38:03 - INFO - __main__ - ID text: cola_432 - STD: 0.17963343858718872 - GNL: 39.71792221069336 - Loss: 0.41914767026901245
04/19/2024 15:39:05 - INFO - __main__ - ID text: cola_610 - STD: 0.17856000363826752 - GNL: 38.78477096557617 - Loss: 0.6057306528091431
04/19/2024 15:40:06 - INFO - __main__ - ID text: cola_1053 - STD: 0.19102008640766144 - GNL: 34.40646743774414 - Loss: 0.339133083820343
04/19/2024 15:41:07 - INFO - __main__ - ID text: cola_394 - STD: 0.18731987476348877 - GNL: 50.352081298828125 - Loss: 0.5137538313865662
04/19/2024 15:42:07 - INFO - __main__ - ID text: cola_390 - STD: 0.1893027424812317 - GNL: 28.84590721130371 - Loss: 0.6171308755874634
04/19/2024 15:43:07 - INFO - __main__ - ID text: cola_909 - STD: 0.22872978448867798 - GNL: 18.950218200683594 - Loss: 0.8234459161758423
04/19/2024 15:44:06 - INFO - __main__ - ID text: cola_479 - STD: 0.18148089945316315 - GNL: 34.33473205566406 - Loss: 0.7400890588760376
04/19/2024 15:45:06 - INFO - __main__ - ID text: cola_1027 - STD: 0.21508276462554932 - GNL: 26.41888427734375 - Loss: 0.3194487690925598
04/19/2024 15:46:06 - INFO - __main__ - ID text: cola_257 - STD: 0.18519772589206696 - GNL: 25.59226417541504 - Loss: 0.591525673866272
04/19/2024 15:47:06 - INFO - __main__ - ID text: cola_566 - STD: 0.2389068752527237 - GNL: 21.451322555541992 - Loss: 0.65399569272995
04/19/2024 15:48:07 - INFO - __main__ - ID text: cola_917 - STD: 0.15127001702785492 - GNL: 88.44683837890625 - Loss: 0.4175988733768463
04/19/2024 15:49:08 - INFO - __main__ - ID text: cola_11 - STD: 0.15571551024913788 - GNL: 102.2895736694336 - Loss: 0.37955352663993835
04/19/2024 15:50:09 - INFO - __main__ - ID text: cola_911 - STD: 0.20982147753238678 - GNL: 21.43158531188965 - Loss: 0.7173430919647217
04/19/2024 15:51:09 - INFO - __main__ - ID text: cola_738 - STD: 0.1806514412164688 - GNL: 52.45469284057617 - Loss: 0.18045112490653992
04/19/2024 15:52:09 - INFO - __main__ - ID text: cola_117 - STD: 0.22994206845760345 - GNL: 20.17722511291504 - Loss: 0.7381621599197388
04/19/2024 15:53:09 - INFO - __main__ - ID text: cola_698 - STD: 0.20262448489665985 - GNL: 31.94476318359375 - Loss: 0.47264567017555237
04/19/2024 15:54:10 - INFO - __main__ - ID text: cola_549 - STD: 0.35864290595054626 - GNL: 10.329833030700684 - Loss: 0.1817431002855301
04/19/2024 15:55:11 - INFO - __main__ - ID text: cola_768 - STD: 0.18223561346530914 - GNL: 42.92672348022461 - Loss: 0.5119370818138123
04/19/2024 15:56:11 - INFO - __main__ - ID text: cola_988 - STD: 0.20585040748119354 - GNL: 23.139062881469727 - Loss: 0.6792250871658325
04/19/2024 15:57:11 - INFO - __main__ - ID text: cola_787 - STD: 0.21320296823978424 - GNL: 20.29790687561035 - Loss: 0.5095309615135193
04/19/2024 15:58:11 - INFO - __main__ - ID text: cola_656 - STD: 0.1714232712984085 - GNL: 50.875640869140625 - Loss: 0.33802250027656555
04/19/2024 15:59:11 - INFO - __main__ - ID text: cola_348 - STD: 0.20087964832782745 - GNL: 38.876007080078125 - Loss: 0.22895239293575287
04/19/2024 16:00:10 - INFO - __main__ - ID text: cola_114 - STD: 0.15650935471057892 - GNL: 68.42015838623047 - Loss: 0.36260128021240234
04/19/2024 16:01:10 - INFO - __main__ - ID text: cola_1020 - STD: 0.20690464973449707 - GNL: 29.328123092651367 - Loss: 0.272029846906662
04/19/2024 16:02:11 - INFO - __main__ - ID text: cola_445 - STD: 0.18676508963108063 - GNL: 44.197261810302734 - Loss: 0.3161126673221588
04/19/2024 16:03:14 - INFO - __main__ - ID text: cola_161 - STD: 0.19702546298503876 - GNL: 27.800901412963867 - Loss: 0.5889180898666382
04/19/2024 16:04:15 - INFO - __main__ - ID text: cola_997 - STD: 0.19482280313968658 - GNL: 31.326745986938477 - Loss: 0.5337092876434326
04/19/2024 16:05:19 - INFO - __main__ - ID text: cola_3 - STD: 0.15295101702213287 - GNL: 68.921630859375 - Loss: 0.6736094951629639
04/19/2024 16:06:20 - INFO - __main__ - ID text: cola_739 - STD: 0.22575326263904572 - GNL: 15.320068359375 - Loss: 1.0242992639541626
04/19/2024 16:07:21 - INFO - __main__ - ID text: cola_736 - STD: 0.16883939504623413 - GNL: 54.03750991821289 - Loss: 0.3421434462070465
04/19/2024 16:08:22 - INFO - __main__ - ID text: cola_932 - STD: 0.20498903095722198 - GNL: 22.037214279174805 - Loss: 0.8797781467437744
04/19/2024 16:09:23 - INFO - __main__ - ID text: cola_512 - STD: 0.19339247047901154 - GNL: 23.73737907409668 - Loss: 0.6616916060447693
04/19/2024 16:10:24 - INFO - __main__ - ID text: cola_780 - STD: 0.20679797232151031 - GNL: 28.9172420501709 - Loss: 0.4660850167274475
04/19/2024 16:11:26 - INFO - __main__ - ID text: cola_182 - STD: 0.2172447293996811 - GNL: 20.636659622192383 - Loss: 0.824204683303833
04/19/2024 16:12:27 - INFO - __main__ - ID text: cola_519 - STD: 0.18933892250061035 - GNL: 57.99710464477539 - Loss: 0.3042985796928406
04/19/2024 16:13:28 - INFO - __main__ - ID text: cola_108 - STD: 0.19430415332317352 - GNL: 36.594486236572266 - Loss: 0.24904552102088928
04/19/2024 16:14:30 - INFO - __main__ - ID text: cola_640 - STD: 0.17307645082473755 - GNL: 59.84174728393555 - Loss: 0.4491487145423889
04/19/2024 16:15:30 - INFO - __main__ - ID text: cola_305 - STD: 0.19629128277301788 - GNL: 43.475894927978516 - Loss: 0.24165107309818268
04/19/2024 16:16:30 - INFO - __main__ - ID text: cola_861 - STD: 0.17666679620742798 - GNL: 38.65458297729492 - Loss: 0.4446526765823364
04/19/2024 16:17:32 - INFO - __main__ - ID text: cola_654 - STD: 0.15606719255447388 - GNL: 69.97825622558594 - Loss: 0.27972447872161865
04/19/2024 16:18:31 - INFO - __main__ - ID text: cola_876 - STD: 0.20668506622314453 - GNL: 23.941003799438477 - Loss: 0.727865993976593
04/19/2024 16:19:31 - INFO - __main__ - ID text: cola_982 - STD: 0.1945936679840088 - GNL: 30.97509002685547 - Loss: 0.6291568279266357
04/19/2024 16:20:31 - INFO - __main__ - ID text: cola_203 - STD: 0.20545028150081635 - GNL: 31.13134765625 - Loss: 0.07794836163520813
04/19/2024 16:21:31 - INFO - __main__ - ID text: cola_915 - STD: 0.23540456593036652 - GNL: 23.64457893371582 - Loss: 0.7298805713653564
04/19/2024 16:22:32 - INFO - __main__ - ID text: cola_382 - STD: 0.20299716293811798 - GNL: 22.141799926757812 - Loss: 0.5144005417823792
04/19/2024 16:23:32 - INFO - __main__ - ID text: cola_878 - STD: 0.19440267980098724 - GNL: 26.829933166503906 - Loss: 0.640728771686554
04/19/2024 16:24:31 - INFO - __main__ - ID text: cola_165 - STD: 0.2159210592508316 - GNL: 27.46165657043457 - Loss: 0.6338315606117249
04/19/2024 16:25:31 - INFO - __main__ - ID text: cola_552 - STD: 0.15942080318927765 - GNL: 98.23920440673828 - Loss: 0.3087957203388214
04/19/2024 16:26:30 - INFO - __main__ - ID text: cola_797 - STD: 0.23556075990200043 - GNL: 22.28871726989746 - Loss: 0.6671484112739563
04/19/2024 16:27:30 - INFO - __main__ - ID text: cola_543 - STD: 0.2264484316110611 - GNL: 28.088563919067383 - Loss: 0.17659230530261993
04/19/2024 16:28:30 - INFO - __main__ - ID text: cola_0 - STD: 0.19026140868663788 - GNL: 27.594627380371094 - Loss: 0.6205563545227051
04/19/2024 16:29:30 - INFO - __main__ - ID text: cola_613 - STD: 0.17842894792556763 - GNL: 38.66464614868164 - Loss: 0.5418009161949158
04/19/2024 16:30:30 - INFO - __main__ - ID text: cola_331 - STD: 0.16668884456157684 - GNL: 44.1615104675293 - Loss: 0.5556259155273438
04/19/2024 16:31:30 - INFO - __main__ - ID text: cola_500 - STD: 0.18351541459560394 - GNL: 30.345550537109375 - Loss: 0.5063605308532715
04/19/2024 16:32:30 - INFO - __main__ - ID text: cola_19 - STD: 0.20611529052257538 - GNL: 22.778724670410156 - Loss: 0.41359424591064453
04/19/2024 16:33:28 - INFO - __main__ - ID text: cola_888 - STD: 0.2308269739151001 - GNL: 14.71826171875 - Loss: 0.8648810386657715
04/19/2024 16:34:26 - INFO - __main__ - ID text: cola_371 - STD: 0.19861848652362823 - GNL: 32.28045654296875 - Loss: 0.374129980802536
04/19/2024 16:35:26 - INFO - __main__ - ID text: cola_851 - STD: 0.20612101256847382 - GNL: 22.3461971282959 - Loss: 0.9656484127044678
04/19/2024 16:36:27 - INFO - __main__ - ID text: cola_826 - STD: 0.21124963462352753 - GNL: 25.236604690551758 - Loss: 0.487833172082901
04/19/2024 16:37:28 - INFO - __main__ - ID text: cola_314 - STD: 0.19598595798015594 - GNL: 27.325057983398438 - Loss: 0.6345662474632263
04/19/2024 16:38:28 - INFO - __main__ - ID text: cola_245 - STD: 0.2011164277791977 - GNL: 34.22438430786133 - Loss: 0.6048186421394348
04/19/2024 16:39:28 - INFO - __main__ - ID text: cola_59 - STD: 0.15645933151245117 - GNL: 143.67440795898438 - Loss: 0.4890446364879608
04/19/2024 16:40:28 - INFO - __main__ - ID text: cola_246 - STD: 0.19104893505573273 - GNL: 29.18455696105957 - Loss: 0.547330379486084
04/19/2024 16:41:27 - INFO - __main__ - ID text: cola_951 - STD: 0.222819522023201 - GNL: 31.89430809020996 - Loss: 0.09951803833246231
04/19/2024 16:42:26 - INFO - __main__ - ID text: cola_1022 - STD: 0.20997019112110138 - GNL: 21.724266052246094 - Loss: 0.5584384799003601
04/19/2024 16:43:25 - INFO - __main__ - ID text: cola_87 - STD: 0.18311922252178192 - GNL: 44.19013595581055 - Loss: 0.5330311059951782
04/19/2024 16:44:24 - INFO - __main__ - ID text: cola_749 - STD: 0.20012126863002777 - GNL: 36.58097839355469 - Loss: 0.5202953219413757
04/19/2024 16:45:22 - INFO - __main__ - ID text: cola_497 - STD: 0.18763817846775055 - GNL: 41.57002639770508 - Loss: 0.7067797780036926
04/19/2024 16:46:22 - INFO - __main__ - ID text: cola_835 - STD: 0.20700089633464813 - GNL: 35.74280548095703 - Loss: 0.11584538221359253
04/19/2024 16:47:22 - INFO - __main__ - ID text: cola_70 - STD: 0.186803936958313 - GNL: 32.80157470703125 - Loss: 0.5385483503341675
04/19/2024 16:48:21 - INFO - __main__ - ID text: cola_1031 - STD: 0.21046636998653412 - GNL: 28.323591232299805 - Loss: 0.5882490873336792
04/19/2024 16:49:21 - INFO - __main__ - ID text: cola_545 - STD: 0.15948906540870667 - GNL: 48.481868743896484 - Loss: 0.39358779788017273
04/19/2024 16:50:20 - INFO - __main__ - ID text: cola_784 - STD: 0.19327139854431152 - GNL: 50.04951858520508 - Loss: 0.017570341005921364
04/19/2024 16:51:20 - INFO - __main__ - ID text: cola_128 - STD: 0.18685245513916016 - GNL: 61.59507369995117 - Loss: 0.6594662666320801
04/19/2024 16:52:18 - INFO - __main__ - ID text: cola_131 - STD: 0.2130858451128006 - GNL: 26.505945205688477 - Loss: 0.5203855037689209
04/19/2024 16:53:18 - INFO - __main__ - ID text: cola_675 - STD: 0.15694423019886017 - GNL: 84.68678283691406 - Loss: 0.26213815808296204
04/19/2024 16:54:18 - INFO - __main__ - ID text: cola_486 - STD: 0.21235354244709015 - GNL: 30.068344116210938 - Loss: 0.3595157563686371
04/19/2024 16:55:17 - INFO - __main__ - ID text: cola_562 - STD: 0.18908648192882538 - GNL: 60.8487663269043 - Loss: 0.49023863673210144
04/19/2024 16:56:17 - INFO - __main__ - ID text: cola_169 - STD: 0.19666320085525513 - GNL: 23.710006713867188 - Loss: 0.8821144104003906
04/19/2024 16:57:16 - INFO - __main__ - ID text: cola_938 - STD: 0.19243282079696655 - GNL: 26.44102668762207 - Loss: 0.5317103862762451
04/19/2024 16:58:15 - INFO - __main__ - ID text: cola_540 - STD: 0.1792157143354416 - GNL: 37.99388122558594 - Loss: 0.23063811659812927
04/19/2024 16:59:14 - INFO - __main__ - ID text: cola_621 - STD: 0.20237499475479126 - GNL: 37.91901397705078 - Loss: 0.25109627842903137
04/19/2024 17:00:13 - INFO - __main__ - ID text: cola_433 - STD: 0.24591518938541412 - GNL: 17.223417282104492 - Loss: 0.7554015517234802
04/19/2024 17:01:12 - INFO - __main__ - ID text: cola_953 - STD: 0.22195959091186523 - GNL: 21.462188720703125 - Loss: 0.6890525817871094
04/19/2024 17:02:11 - INFO - __main__ - ID text: cola_965 - STD: 0.2260597199201584 - GNL: 23.781394958496094 - Loss: 0.7476518750190735
04/19/2024 17:03:09 - INFO - __main__ - ID text: cola_928 - STD: 0.20604372024536133 - GNL: 30.730226516723633 - Loss: 0.6565197706222534
04/19/2024 17:04:06 - INFO - __main__ - ID text: cola_747 - STD: 0.24570024013519287 - GNL: 19.7997989654541 - Loss: 0.6973651647567749
04/19/2024 17:05:04 - INFO - __main__ - ID text: cola_706 - STD: 0.18900449573993683 - GNL: 43.9302978515625 - Loss: 0.41316792368888855
04/19/2024 17:06:02 - INFO - __main__ - ID text: cola_205 - STD: 0.1933058351278305 - GNL: 29.16924476623535 - Loss: 0.266718327999115
04/19/2024 17:07:01 - INFO - __main__ - ID text: cola_730 - STD: 0.19828589260578156 - GNL: 46.832427978515625 - Loss: 0.5463038086891174
04/19/2024 17:08:00 - INFO - __main__ - ID text: cola_319 - STD: 0.19589920341968536 - GNL: 32.83915328979492 - Loss: 0.6482357978820801
04/19/2024 17:08:58 - INFO - __main__ - ID text: cola_926 - STD: 0.22169961035251617 - GNL: 20.2362117767334 - Loss: 0.7377667427062988
04/19/2024 17:09:55 - INFO - __main__ - ID text: cola_687 - STD: 0.1776614636182785 - GNL: 83.44063568115234 - Loss: 0.306717187166214
04/19/2024 17:10:53 - INFO - __main__ - ID text: cola_665 - STD: 0.18829870223999023 - GNL: 34.807010650634766 - Loss: 0.5103574991226196
04/19/2024 17:11:51 - INFO - __main__ - ID text: cola_866 - STD: 0.18121063709259033 - GNL: 34.1367073059082 - Loss: 0.4970030188560486
04/19/2024 17:12:48 - INFO - __main__ - ID text: cola_448 - STD: 0.20478086173534393 - GNL: 41.68158721923828 - Loss: 0.24055908620357513
04/19/2024 17:13:45 - INFO - __main__ - ID text: cola_529 - STD: 0.22894148528575897 - GNL: 20.741453170776367 - Loss: 0.7077078223228455
04/19/2024 17:14:43 - INFO - __main__ - ID text: cola_462 - STD: 0.1929480880498886 - GNL: 40.12646484375 - Loss: 0.20220470428466797
04/19/2024 17:15:40 - INFO - __main__ - ID text: cola_123 - STD: 0.1897590160369873 - GNL: 45.31168746948242 - Loss: 0.66180819272995
04/19/2024 17:16:38 - INFO - __main__ - ID text: cola_253 - STD: 0.16610437631607056 - GNL: 35.21406173706055 - Loss: 0.7835967540740967
04/19/2024 17:17:36 - INFO - __main__ - ID text: cola_230 - STD: 0.1913824826478958 - GNL: 45.21162796020508 - Loss: 0.5255916118621826
04/19/2024 17:18:34 - INFO - __main__ - ID text: cola_908 - STD: 0.19540059566497803 - GNL: 27.095733642578125 - Loss: 0.452016681432724
04/19/2024 17:19:31 - INFO - __main__ - ID text: cola_346 - STD: 0.21590040624141693 - GNL: 18.812700271606445 - Loss: 0.7462848424911499
04/19/2024 17:20:29 - INFO - __main__ - ID text: cola_21 - STD: 0.20158950984477997 - GNL: 22.9949893951416 - Loss: 0.7517109513282776
04/19/2024 17:21:26 - INFO - __main__ - ID text: cola_602 - STD: 0.20518893003463745 - GNL: 43.03329849243164 - Loss: 0.26451531052589417
04/19/2024 17:22:24 - INFO - __main__ - ID text: cola_567 - STD: 0.19725646078586578 - GNL: 42.898380279541016 - Loss: 0.268550306558609
04/19/2024 17:23:21 - INFO - __main__ - ID text: cola_235 - STD: 0.21565844118595123 - GNL: 26.74088478088379 - Loss: 0.7438588738441467
04/19/2024 17:24:19 - INFO - __main__ - ID text: cola_806 - STD: 0.21570365130901337 - GNL: 22.250091552734375 - Loss: 0.19580979645252228
04/19/2024 17:25:16 - INFO - __main__ - ID text: cola_225 - STD: 0.19607038795948029 - GNL: 27.89211082458496 - Loss: 0.7672988176345825
04/19/2024 17:26:13 - INFO - __main__ - ID text: cola_7 - STD: 0.19822542369365692 - GNL: 38.29667282104492 - Loss: 0.19242601096630096
04/19/2024 17:27:10 - INFO - __main__ - ID text: cola_72 - STD: 0.23344330489635468 - GNL: 29.10100746154785 - Loss: 0.6262217164039612
04/19/2024 17:28:08 - INFO - __main__ - ID text: cola_724 - STD: 0.18171556293964386 - GNL: 50.61088180541992 - Loss: 0.524474561214447
04/19/2024 17:29:06 - INFO - __main__ - ID text: cola_646 - STD: 0.1909223198890686 - GNL: 43.580074310302734 - Loss: 0.3725665807723999
04/19/2024 17:30:04 - INFO - __main__ - ID text: cola_60 - STD: 0.22107206284999847 - GNL: 21.965173721313477 - Loss: 0.14155392348766327
04/19/2024 17:31:01 - INFO - __main__ - ID text: cola_961 - STD: 0.15330080687999725 - GNL: 81.72673797607422 - Loss: 0.5284860730171204
04/19/2024 17:31:59 - INFO - __main__ - ID text: cola_69 - STD: 0.18355445563793182 - GNL: 44.08400344848633 - Loss: 0.7008671760559082
04/19/2024 17:32:56 - INFO - __main__ - ID text: cola_986 - STD: 0.20491623878479004 - GNL: 22.720680236816406 - Loss: 0.6369655132293701
04/19/2024 17:33:53 - INFO - __main__ - ID text: cola_338 - STD: 0.235282301902771 - GNL: 17.487014770507812 - Loss: 0.48638248443603516
04/19/2024 17:34:50 - INFO - __main__ - ID text: cola_800 - STD: 0.19533385336399078 - GNL: 20.840124130249023 - Loss: 0.696178138256073
04/19/2024 17:35:47 - INFO - __main__ - ID text: cola_526 - STD: 0.1906324028968811 - GNL: 33.89331817626953 - Loss: 0.07271171361207962
04/19/2024 17:36:44 - INFO - __main__ - ID text: cola_243 - STD: 0.17013509571552277 - GNL: 36.554351806640625 - Loss: 0.4966212213039398
04/19/2024 17:37:41 - INFO - __main__ - ID text: cola_1057 - STD: 0.17613554000854492 - GNL: 59.282352447509766 - Loss: 0.19935426115989685
04/19/2024 17:38:40 - INFO - __main__ - ID text: cola_685 - STD: 0.2020501047372818 - GNL: 22.358381271362305 - Loss: 0.5507164597511292
04/19/2024 17:39:38 - INFO - __main__ - ID text: cola_843 - STD: 0.20074518024921417 - GNL: 27.848546981811523 - Loss: 0.3602786362171173
04/19/2024 17:40:36 - INFO - __main__ - ID text: cola_219 - STD: 0.2369105964899063 - GNL: 21.140714645385742 - Loss: 0.7682812213897705
04/19/2024 17:41:34 - INFO - __main__ - ID text: cola_852 - STD: 0.22050683200359344 - GNL: 17.466543197631836 - Loss: 0.4344874322414398
04/19/2024 17:42:32 - INFO - __main__ - ID text: cola_135 - STD: 0.2172560840845108 - GNL: 18.785219192504883 - Loss: 0.6245147585868835
04/19/2024 17:43:30 - INFO - __main__ - ID text: cola_740 - STD: 0.23366780579090118 - GNL: 18.663644790649414 - Loss: 0.7974349856376648
04/19/2024 17:44:28 - INFO - __main__ - ID text: cola_584 - STD: 0.16543368995189667 - GNL: 77.60039520263672 - Loss: 0.23710514605045319
04/19/2024 17:45:28 - INFO - __main__ - ID text: cola_590 - STD: 0.18295203149318695 - GNL: 45.368621826171875 - Loss: 0.6804332137107849
04/19/2024 17:46:28 - INFO - __main__ - ID text: cola_484 - STD: 0.19859720766544342 - GNL: 34.710208892822266 - Loss: 0.6639225482940674
04/19/2024 17:47:28 - INFO - __main__ - ID text: cola_248 - STD: 0.19425474107265472 - GNL: 34.944602966308594 - Loss: 0.6804450750350952
04/19/2024 17:48:27 - INFO - __main__ - ID text: cola_1039 - STD: 0.19120661914348602 - GNL: 45.0180778503418 - Loss: 0.5094712972640991
04/19/2024 17:49:25 - INFO - __main__ - ID text: cola_416 - STD: 0.1877804547548294 - GNL: 36.959903717041016 - Loss: 0.30255362391471863
04/19/2024 17:50:23 - INFO - __main__ - ID text: cola_194 - STD: 0.22447670996189117 - GNL: 20.15260887145996 - Loss: 0.5890552997589111
04/19/2024 17:51:21 - INFO - __main__ - ID text: cola_96 - STD: 0.17038822174072266 - GNL: 80.28827667236328 - Loss: 0.39677590131759644
04/19/2024 17:52:20 - INFO - __main__ - ID text: cola_99 - STD: 0.16309671103954315 - GNL: 51.18258285522461 - Loss: 0.6142709851264954
04/19/2024 17:53:18 - INFO - __main__ - ID text: cola_674 - STD: 0.18500393629074097 - GNL: 62.895538330078125 - Loss: 0.4308934509754181
04/19/2024 17:54:16 - INFO - __main__ - ID text: cola_441 - STD: 0.23308022320270538 - GNL: 19.979101181030273 - Loss: 0.792371392250061
04/19/2024 17:55:14 - INFO - __main__ - ID text: cola_362 - STD: 0.2121506780385971 - GNL: 21.5636043548584 - Loss: 0.5532733798027039
04/19/2024 17:56:12 - INFO - __main__ - ID text: cola_828 - STD: 0.20621652901172638 - GNL: 18.840341567993164 - Loss: 0.22547084093093872
04/19/2024 17:57:10 - INFO - __main__ - ID text: cola_420 - STD: 0.23233485221862793 - GNL: 20.27518081665039 - Loss: 0.7125039100646973
04/19/2024 17:58:07 - INFO - __main__ - ID text: cola_478 - STD: 0.2324211746454239 - GNL: 20.42341423034668 - Loss: 0.4133450388908386
04/19/2024 17:59:06 - INFO - __main__ - ID text: cola_978 - STD: 0.19353985786437988 - GNL: 32.67306137084961 - Loss: 0.6076596975326538
04/19/2024 18:00:04 - INFO - __main__ - ID text: cola_55 - STD: 0.17792756855487823 - GNL: 51.968505859375 - Loss: 0.5556861758232117
04/19/2024 18:01:02 - INFO - __main__ - ID text: cola_1048 - STD: 0.20042352378368378 - GNL: 27.550743103027344 - Loss: 0.41779011487960815
04/19/2024 18:02:00 - INFO - __main__ - ID text: cola_669 - STD: 0.20024056732654572 - GNL: 35.62923049926758 - Loss: 0.1484336256980896
04/19/2024 18:02:58 - INFO - __main__ - ID text: cola_661 - STD: 0.20693457126617432 - GNL: 27.69141960144043 - Loss: 0.4585171639919281
04/19/2024 18:03:56 - INFO - __main__ - ID text: cola_100 - STD: 0.1895170360803604 - GNL: 26.72621726989746 - Loss: 0.4151093363761902
04/19/2024 18:04:54 - INFO - __main__ - ID text: cola_62 - STD: 0.22006773948669434 - GNL: 23.03046226501465 - Loss: 0.7116844058036804
04/19/2024 18:05:53 - INFO - __main__ - ID text: cola_412 - STD: 0.20296277105808258 - GNL: 38.531829833984375 - Loss: 0.4918232262134552
04/19/2024 18:06:52 - INFO - __main__ - ID text: cola_745 - STD: 0.32825449109077454 - GNL: 5.593324184417725 - Loss: 0.7887580394744873
04/19/2024 18:07:51 - INFO - __main__ - ID text: cola_347 - STD: 0.19881629943847656 - GNL: 28.934106826782227 - Loss: 0.22130745649337769
04/19/2024 18:08:50 - INFO - __main__ - ID text: cola_111 - STD: 0.18627697229385376 - GNL: 60.33115768432617 - Loss: 0.6088466048240662
04/19/2024 18:09:49 - INFO - __main__ - ID text: cola_254 - STD: 0.1851082295179367 - GNL: 56.87800216674805 - Loss: 0.5091584324836731
04/19/2024 18:10:48 - INFO - __main__ - ID text: cola_1012 - STD: 0.1991673856973648 - GNL: 32.58108901977539 - Loss: 0.3828296959400177
04/19/2024 18:11:47 - INFO - __main__ - ID text: cola_776 - STD: 0.2021232396364212 - GNL: 29.54364013671875 - Loss: 0.48350241780281067
04/19/2024 18:12:47 - INFO - __main__ - ID text: cola_894 - STD: 0.22229532897472382 - GNL: 24.090688705444336 - Loss: 0.7645376324653625
04/19/2024 18:13:46 - INFO - __main__ - ID text: cola_459 - STD: 0.20111870765686035 - GNL: 25.467491149902344 - Loss: 0.545017421245575
04/19/2024 18:14:45 - INFO - __main__ - ID text: cola_143 - STD: 0.2119659185409546 - GNL: 25.027847290039062 - Loss: 0.06500723958015442
04/19/2024 18:15:44 - INFO - __main__ - ID text: cola_910 - STD: 0.18720610439777374 - GNL: 41.9055290222168 - Loss: 0.5485308170318604
04/19/2024 18:16:43 - INFO - __main__ - ID text: cola_187 - STD: 0.17202574014663696 - GNL: 36.154327392578125 - Loss: 0.4687535762786865
04/19/2024 18:17:42 - INFO - __main__ - ID text: cola_789 - STD: 0.3552899658679962 - GNL: 11.543946266174316 - Loss: 0.42393356561660767
04/19/2024 18:18:41 - INFO - __main__ - ID text: cola_975 - STD: 0.18329471349716187 - GNL: 39.07643508911133 - Loss: 0.48648253083229065
04/19/2024 18:19:40 - INFO - __main__ - ID text: cola_1024 - STD: 0.18441139161586761 - GNL: 37.488426208496094 - Loss: 0.4345371723175049
04/19/2024 18:20:39 - INFO - __main__ - ID text: cola_77 - STD: 0.18492622673511505 - GNL: 35.21662521362305 - Loss: 0.4058886766433716
04/19/2024 18:21:38 - INFO - __main__ - ID text: cola_453 - STD: 0.2033172845840454 - GNL: 29.82030487060547 - Loss: 0.7016822099685669
04/19/2024 18:22:38 - INFO - __main__ - ID text: cola_1060 - STD: 0.189441978931427 - GNL: 42.207393646240234 - Loss: 0.019938990473747253
04/19/2024 18:23:38 - INFO - __main__ - ID text: cola_952 - STD: 0.21469175815582275 - GNL: 22.6084041595459 - Loss: 0.8325797915458679
